

================================================================
== Vivado HLS Report for 'warpTransform'
================================================================
* Date:           Fri Jul 31 10:42:09 2020

* Version:        2018.3 (Build 2405991 on Thu Dec 06 23:56:15 MST 2018)
* Project:        warpPerpective
* Solution:       FullHD_solution
* Product family: zynq
* Target device:  xc7z020clg484-1


================================================================
== Performance Estimates
================================================================
+ Timing (ns): 
    * Summary: 
    +--------+-------+----------+------------+
    |  Clock | Target| Estimated| Uncertainty|
    +--------+-------+----------+------------+
    |ap_clk  |  10.00|     9.913|        1.25|
    +--------+-------+----------+------------+

+ Latency (clock cycles): 
    * Summary: 
    +-----+---------+-----+---------+----------+
    |    Latency    |    Interval   | Pipeline |
    | min |   max   | min |   max   |   Type   |
    +-----+---------+-----+---------+----------+
    |  120|  2162197|  119|  2162196| dataflow |
    +-----+---------+-----+---------+----------+

    + Detail: 
        * Instance: 
        +------------------------------------------+-----------------------+-----+---------+-----+---------+---------+
        |                                          |                       |    Latency    |    Interval   | Pipeline|
        |                 Instance                 |         Module        | min |   max   | min |   max   |   Type  |
        +------------------------------------------+-----------------------+-----+---------+-----+---------+---------+
        |grp_warpTransform_Block_s_fu_286          |warpTransform_Block_s  |  118|  2162195|  118|  2162195|   none  |
        |grp_warpTransform_Loop_1_fu_302           |warpTransform_Loop_1   |    4|  2073603|    4|  2073603|   none  |
        |grp_warpTransform_Loop_4_fu_312           |warpTransform_Loop_4   |    4|  2073603|    4|  2073603|   none  |
        |StgValue_15_warpTransform_Block_1_fu_321  |warpTransform_Block_1  |    0|        0|    0|        0|   none  |
        +------------------------------------------+-----------------------+-----+---------+-----+---------+---------+

        * Loop: 
        N/A

============================================================
+ Verbose Summary: Synthesis Manager
============================================================
InlineROM: 1
ExposeGlobal: 0
============================================================
+ Verbose Summary: CDFG Model
============================================================
IsTopModel: 0
ResetActiveHigh: 1
IsCombinational: 2
IsDatapathOnly: 0
HasWiredReturn: 1
HasMFsm: 0
HasVarLatency: 1
IsPipeline: 0
IsRtlPipelined: 0
IsInstanceOverlapped: 0
IsDontTouch: 0
HasImplIP: 0
IsGatedGlobalClock: 0


============================================================
+ Verbose Summary: Schedule
============================================================
* Number of FSM states : 7
* Pipeline : 0
* Dataflow Pipeline: 1
  DF-Pipeline-0: Size = 7, States = { 1 2 3 4 5 6 7 }

* FSM state transitions: 
1 --> 
	2  / true
2 --> 
	3  / true
3 --> 
	4  / true
4 --> 
	5  / true
5 --> 
	6  / true
6 --> 
	7  / true
7 --> 

* FSM state operations: 

State 1 <SV = 0> <Delay = 0.00>
ST_1 : Operation 8 [1/1] (0.00ns)   --->   "%p_src_mat_cols_load33 = alloca i12, align 2"   --->   Operation 8 'alloca' 'p_src_mat_cols_load33' <Predicate = true> <Delay = 0.00> <Core = "FIFO">   --->   Core 32 'FIFO' <Latency = 0> <II = 1> <Delay = 3.63> <Storage> <Opcode : 'read' 'write' 'nbread' 'nbwrite'> <Ports = 0> <Width = 12> <Depth = 2> <FIFO>
ST_1 : Operation 9 [1/1] (0.00ns)   --->   "%p_dst_mat_cols_c_i = alloca i12, align 2" [C:/Users/ASUS/AppData/Roaming/Xilinx/Vivado/arrayFAST/.lib/include/imgproc/xf_warp_transform.hpp:666]   --->   Operation 9 'alloca' 'p_dst_mat_cols_c_i' <Predicate = true> <Delay = 0.00> <Core = "FIFO">   --->   Core 32 'FIFO' <Latency = 0> <II = 1> <Delay = 3.63> <Storage> <Opcode : 'read' 'write' 'nbread' 'nbwrite'> <Ports = 0> <Width = 12> <Depth = 2> <FIFO>
ST_1 : Operation 10 [1/1] (0.00ns)   --->   "%p_dst_mat_rows_c_i = alloca i12, align 2" [C:/Users/ASUS/AppData/Roaming/Xilinx/Vivado/arrayFAST/.lib/include/imgproc/xf_warp_transform.hpp:666]   --->   Operation 10 'alloca' 'p_dst_mat_rows_c_i' <Predicate = true> <Delay = 0.00> <Core = "FIFO">   --->   Core 32 'FIFO' <Latency = 0> <II = 1> <Delay = 3.63> <Storage> <Opcode : 'read' 'write' 'nbread' 'nbwrite'> <Ports = 0> <Width = 12> <Depth = 2> <FIFO>
ST_1 : Operation 11 [1/1] (0.00ns)   --->   "%p_src_mat_rows_c_i = alloca i12, align 2" [C:/Users/ASUS/AppData/Roaming/Xilinx/Vivado/arrayFAST/.lib/include/imgproc/xf_warp_transform.hpp:666]   --->   Operation 11 'alloca' 'p_src_mat_rows_c_i' <Predicate = true> <Delay = 0.00> <Core = "FIFO">   --->   Core 32 'FIFO' <Latency = 0> <II = 1> <Delay = 3.63> <Storage> <Opcode : 'read' 'write' 'nbread' 'nbwrite'> <Ports = 0> <Width = 12> <Depth = 2> <FIFO>
ST_1 : Operation 12 [1/1] (0.00ns)   --->   "%p_src_mat_cols_load33_1 = alloca i12, align 2"   --->   Operation 12 'alloca' 'p_src_mat_cols_load33_1' <Predicate = true> <Delay = 0.00> <Core = "FIFO">   --->   Core 32 'FIFO' <Latency = 0> <II = 1> <Delay = 3.63> <Storage> <Opcode : 'read' 'write' 'nbread' 'nbwrite'> <Ports = 0> <Width = 12> <Depth = 2> <FIFO>
ST_1 : Operation 13 [1/1] (0.00ns)   --->   "%in_stream_V_V = alloca i8, align 1" [C:/Users/ASUS/AppData/Roaming/Xilinx/Vivado/arrayFAST/.lib/include/imgproc/xf_warp_transform.hpp:670]   --->   Operation 13 'alloca' 'in_stream_V_V' <Predicate = true> <Delay = 0.00> <Core = "FIFO">   --->   Core 32 'FIFO' <Latency = 0> <II = 1> <Delay = 3.63> <Storage> <Opcode : 'read' 'write' 'nbread' 'nbwrite'> <Ports = 0> <Width = 12> <Depth = 2> <FIFO>
ST_1 : Operation 14 [1/1] (0.00ns)   --->   "%out_stream_V_V = alloca i8, align 1" [C:/Users/ASUS/AppData/Roaming/Xilinx/Vivado/arrayFAST/.lib/include/imgproc/xf_warp_transform.hpp:671]   --->   Operation 14 'alloca' 'out_stream_V_V' <Predicate = true> <Delay = 0.00> <Core = "FIFO">   --->   Core 32 'FIFO' <Latency = 0> <II = 1> <Delay = 3.63> <Storage> <Opcode : 'read' 'write' 'nbread' 'nbwrite'> <Ports = 0> <Width = 12> <Depth = 2> <FIFO>
ST_1 : Operation 15 [1/1] (0.00ns)   --->   "call fastcc void @warpTransform_Block_.1(i12* nocapture %p_dst_mat_cols, i12* %p_dst_mat_cols_out, i12* nocapture %p_dst_mat_rows, i12* %p_dst_mat_rows_out, i12* %p_src_mat_cols, i12* %p_src_mat_rows, i12* %p_src_mat_cols_load33_1, i12* %p_src_mat_rows_c_i, i12* %p_dst_mat_rows_c_i, i12* %p_dst_mat_cols_c_i)" [C:/Users/ASUS/AppData/Roaming/Xilinx/Vivado/arrayFAST/.lib/include/imgproc/xf_warp_transform.hpp:666]   --->   Operation 15 'call' <Predicate = true> <Delay = 0.00> <CoreType = "Generic">   --->   Core 0 '' <Latency = 0> <II = 1> <Delay = 1.00> <Generic> <Opcode : >

State 2 <SV = 1> <Delay = 0.00>
ST_2 : Operation 16 [2/2] (0.00ns)   --->   "%p_src_mat_rows_load = call fastcc i12 @warpTransform_Loop_1(i12* %p_src_mat_rows_c_i, i12* %p_src_mat_cols_load33_1, i8* %p_src_mat_data_V, i8* %in_stream_V_V, i12* %p_src_mat_cols_load33)" [C:/Users/ASUS/AppData/Roaming/Xilinx/Vivado/arrayFAST/.lib/include/imgproc/xf_warp_transform.hpp:666]   --->   Operation 16 'call' 'p_src_mat_rows_load' <Predicate = true> <Delay = 0.00> <Core = "FIFO">   --->   Core 32 'FIFO' <Latency = 0> <II = 1> <Delay = 3.63> <Storage> <Opcode : 'read' 'write' 'nbread' 'nbwrite'> <Ports = 0> <Width = 12> <Depth = 2> <FIFO>

State 3 <SV = 2> <Delay = 0.00>
ST_3 : Operation 17 [1/2] (0.00ns)   --->   "%p_src_mat_rows_load = call fastcc i12 @warpTransform_Loop_1(i12* %p_src_mat_rows_c_i, i12* %p_src_mat_cols_load33_1, i8* %p_src_mat_data_V, i8* %in_stream_V_V, i12* %p_src_mat_cols_load33)" [C:/Users/ASUS/AppData/Roaming/Xilinx/Vivado/arrayFAST/.lib/include/imgproc/xf_warp_transform.hpp:666]   --->   Operation 17 'call' 'p_src_mat_rows_load' <Predicate = true> <Delay = 0.00> <Core = "FIFO">   --->   Core 32 'FIFO' <Latency = 0> <II = 1> <Delay = 3.63> <Storage> <Opcode : 'read' 'write' 'nbread' 'nbwrite'> <Ports = 0> <Width = 12> <Depth = 2> <FIFO>

State 4 <SV = 3> <Delay = 0.00>
ST_4 : Operation 18 [2/2] (0.00ns)   --->   "call fastcc void @warpTransform_Block_([9 x float]* %P_matrix, i12 %p_src_mat_rows_load, i12* %p_src_mat_cols_load33, i8* %in_stream_V_V, i8* %out_stream_V_V)" [C:/Users/ASUS/AppData/Roaming/Xilinx/Vivado/arrayFAST/.lib/include/imgproc/xf_warp_transform.hpp:666]   --->   Operation 18 'call' <Predicate = true> <Delay = 0.00> <CoreType = "Generic">   --->   Core 0 '' <Latency = 0> <II = 1> <Delay = 1.00> <Generic> <Opcode : >

State 5 <SV = 4> <Delay = 0.00>
ST_5 : Operation 19 [1/2] (0.00ns)   --->   "call fastcc void @warpTransform_Block_([9 x float]* %P_matrix, i12 %p_src_mat_rows_load, i12* %p_src_mat_cols_load33, i8* %in_stream_V_V, i8* %out_stream_V_V)" [C:/Users/ASUS/AppData/Roaming/Xilinx/Vivado/arrayFAST/.lib/include/imgproc/xf_warp_transform.hpp:666]   --->   Operation 19 'call' <Predicate = true> <Delay = 0.00> <CoreType = "Generic">   --->   Core 0 '' <Latency = 0> <II = 1> <Delay = 1.00> <Generic> <Opcode : >

State 6 <SV = 5> <Delay = 0.00>
ST_6 : Operation 20 [2/2] (0.00ns)   --->   "call fastcc void @warpTransform_Loop_4(i12* %p_dst_mat_rows_c_i, i12* %p_dst_mat_cols_c_i, i8* %out_stream_V_V, i8* %p_dst_mat_data_V)" [C:/Users/ASUS/AppData/Roaming/Xilinx/Vivado/arrayFAST/.lib/include/imgproc/xf_warp_transform.hpp:666]   --->   Operation 20 'call' <Predicate = true> <Delay = 0.00> <CoreType = "Generic">   --->   Core 0 '' <Latency = 0> <II = 1> <Delay = 1.00> <Generic> <Opcode : >

State 7 <SV = 6> <Delay = 0.00>
ST_7 : Operation 21 [1/1] (0.00ns)   --->   "call void (...)* @_ssdm_op_SpecInterface(i8* %p_dst_mat_data_V, [8 x i8]* @ap_fifo_str, i32 0, i32 0, [1 x i8]* @p_str390, i32 0, i32 0, [1 x i8]* @p_str391, [1 x i8]* @p_str392, [1 x i8]* @p_str393, i32 2, i32 2, i32 16, i32 16, [1 x i8]* @p_str394, [1 x i8]* @p_str395)"   --->   Operation 21 'specinterface' <Predicate = true> <Delay = 0.00>
ST_7 : Operation 22 [1/1] (0.00ns)   --->   "call void (...)* @_ssdm_op_SpecInterface(i8* %p_src_mat_data_V, [8 x i8]* @ap_fifo_str, i32 0, i32 0, [1 x i8]* @p_str397, i32 0, i32 0, [1 x i8]* @p_str398, [1 x i8]* @p_str399, [1 x i8]* @p_str400, i32 2, i32 2, i32 16, i32 16, [1 x i8]* @p_str401, [1 x i8]* @p_str402)"   --->   Operation 22 'specinterface' <Predicate = true> <Delay = 0.00>
ST_7 : Operation 23 [1/1] (0.00ns)   --->   "call void (...)* @_ssdm_op_SpecInterface(i12* %p_dst_mat_cols, [8 x i8]* @ap_fifo_str, i32 0, i32 0, [1 x i8]* @p_str311, i32 0, i32 0, [1 x i8]* @p_str312, [1 x i8]* @p_str313, [1 x i8]* @p_str314, i32 2, i32 2, i32 16, i32 16, [1 x i8]* @p_str315, [11 x i8]* @ScalarProp_str)"   --->   Operation 23 'specinterface' <Predicate = true> <Delay = 0.00>
ST_7 : Operation 24 [1/1] (0.00ns)   --->   "call void (...)* @_ssdm_op_SpecInterface(i12* %p_dst_mat_rows, [8 x i8]* @ap_fifo_str, i32 0, i32 0, [1 x i8]* @p_str306, i32 0, i32 0, [1 x i8]* @p_str307, [1 x i8]* @p_str308, [1 x i8]* @p_str309, i32 2, i32 2, i32 16, i32 16, [1 x i8]* @p_str310, [11 x i8]* @ScalarProp_str)"   --->   Operation 24 'specinterface' <Predicate = true> <Delay = 0.00>
ST_7 : Operation 25 [1/1] (0.00ns)   --->   "call void (...)* @_ssdm_op_SpecInterface(i12* %p_src_mat_rows, [8 x i8]* @ap_fifo_str, i32 0, i32 0, [1 x i8]* @p_str296, i32 0, i32 0, [1 x i8]* @p_str297, [1 x i8]* @p_str298, [1 x i8]* @p_str299, i32 2, i32 2, i32 16, i32 16, [1 x i8]* @p_str300, [11 x i8]* @ScalarProp_str)"   --->   Operation 25 'specinterface' <Predicate = true> <Delay = 0.00>
ST_7 : Operation 26 [1/1] (0.00ns)   --->   "call void (...)* @_ssdm_op_SpecInterface(i12* %p_src_mat_cols, [8 x i8]* @ap_fifo_str, i32 0, i32 0, [1 x i8]* @p_str301, i32 0, i32 0, [1 x i8]* @p_str302, [1 x i8]* @p_str303, [1 x i8]* @p_str304, i32 2, i32 2, i32 16, i32 16, [1 x i8]* @p_str305, [11 x i8]* @ScalarProp_str)"   --->   Operation 26 'specinterface' <Predicate = true> <Delay = 0.00>
ST_7 : Operation 27 [1/1] (0.00ns)   --->   "call void (...)* @_ssdm_op_SpecInterface(i12* %p_dst_mat_cols_out, [8 x i8]* @ap_fifo_str, i32 0, i32 0, [1 x i8]* @p_str332, i32 0, i32 0, [1 x i8]* @p_str333, [1 x i8]* @p_str334, [1 x i8]* @p_str335, i32 2, i32 2, i32 16, i32 16, [1 x i8]* @p_str336, [1 x i8]* @p_str337)"   --->   Operation 27 'specinterface' <Predicate = true> <Delay = 0.00>
ST_7 : Operation 28 [1/1] (0.00ns)   --->   "call void (...)* @_ssdm_op_SpecInterface(i12* %p_dst_mat_rows_out, [8 x i8]* @ap_fifo_str, i32 0, i32 0, [1 x i8]* @p_str354, i32 0, i32 0, [1 x i8]* @p_str355, [1 x i8]* @p_str356, [1 x i8]* @p_str357, i32 2, i32 2, i32 16, i32 16, [1 x i8]* @p_str358, [1 x i8]* @p_str359)"   --->   Operation 28 'specinterface' <Predicate = true> <Delay = 0.00>
ST_7 : Operation 29 [1/1] (0.00ns)   --->   "call void (...)* @_ssdm_op_SpecDataflowPipeline(i32 -1, i32 0, [1 x i8]* @p_str2) nounwind" [C:/Users/ASUS/AppData/Roaming/Xilinx/Vivado/arrayFAST/.lib/include/imgproc/xf_warp_transform.hpp:669]   --->   Operation 29 'specdataflowpipeline' <Predicate = true> <Delay = 0.00>
ST_7 : Operation 30 [1/1] (0.00ns)   --->   "%empty = call i32 (...)* @_ssdm_op_SpecChannel([14 x i8]* @in_stream_OC_V_OC_V_s, i32 1, [1 x i8]* @p_str102, [1 x i8]* @p_str102, i32 2, i32 2, i8* %in_stream_V_V, i8* %in_stream_V_V)"   --->   Operation 30 'specchannel' 'empty' <Predicate = true> <Delay = 0.00>
ST_7 : Operation 31 [1/1] (0.00ns)   --->   "call void (...)* @_ssdm_op_SpecInterface(i8* %in_stream_V_V, [8 x i8]* @ap_fifo_str, i32 0, i32 0, [1 x i8]* @p_str103, i32 0, i32 0, [1 x i8]* @p_str104, [1 x i8]* @p_str105, [1 x i8]* @p_str106, i32 2, i32 2, i32 16, i32 16, [1 x i8]* @p_str107, [1 x i8]* @p_str108)"   --->   Operation 31 'specinterface' <Predicate = true> <Delay = 0.00>
ST_7 : Operation 32 [1/1] (0.00ns)   --->   "%empty_49 = call i32 (...)* @_ssdm_op_SpecChannel([15 x i8]* @out_stream_OC_V_OC_V, i32 1, [1 x i8]* @p_str109, [1 x i8]* @p_str109, i32 2, i32 2, i8* %out_stream_V_V, i8* %out_stream_V_V)"   --->   Operation 32 'specchannel' 'empty_49' <Predicate = true> <Delay = 0.00>
ST_7 : Operation 33 [1/1] (0.00ns)   --->   "call void (...)* @_ssdm_op_SpecInterface(i8* %out_stream_V_V, [8 x i8]* @ap_fifo_str, i32 0, i32 0, [1 x i8]* @p_str110, i32 0, i32 0, [1 x i8]* @p_str111, [1 x i8]* @p_str112, [1 x i8]* @p_str113, i32 2, i32 2, i32 16, i32 16, [1 x i8]* @p_str114, [1 x i8]* @p_str115)"   --->   Operation 33 'specinterface' <Predicate = true> <Delay = 0.00>
ST_7 : Operation 34 [1/1] (0.00ns)   --->   "%empty_50 = call i32 (...)* @_ssdm_op_SpecChannel([28 x i8]* @p_src_mat_OC_cols_OC_1, i32 1, [1 x i8]* @p_str139, [1 x i8]* @p_str139, i32 2, i32 0, i12* %p_src_mat_cols_load33_1, i12* %p_src_mat_cols_load33_1)"   --->   Operation 34 'specchannel' 'empty_50' <Predicate = true> <Delay = 0.00>
ST_7 : Operation 35 [1/1] (0.00ns)   --->   "call void (...)* @_ssdm_op_SpecInterface(i12* %p_src_mat_cols_load33_1, [8 x i8]* @ap_fifo_str, i32 0, i32 0, [1 x i8]* @p_str140, i32 0, i32 0, [1 x i8]* @p_str141, [1 x i8]* @p_str142, [1 x i8]* @p_str143, i32 2, i32 2, i32 16, i32 16, [1 x i8]* @p_str144, [1 x i8]* @p_str145)"   --->   Operation 35 'specinterface' <Predicate = true> <Delay = 0.00>
ST_7 : Operation 36 [1/1] (0.00ns)   --->   "%empty_51 = call i32 (...)* @_ssdm_op_SpecChannel([16 x i8]* @p_src_mat_OC_rows_c_s, i32 1, [1 x i8]* @p_str146, [1 x i8]* @p_str146, i32 2, i32 0, i12* %p_src_mat_rows_c_i, i12* %p_src_mat_rows_c_i)" [C:/Users/ASUS/AppData/Roaming/Xilinx/Vivado/arrayFAST/.lib/include/imgproc/xf_warp_transform.hpp:666]   --->   Operation 36 'specchannel' 'empty_51' <Predicate = true> <Delay = 0.00>
ST_7 : Operation 37 [1/1] (0.00ns)   --->   "call void (...)* @_ssdm_op_SpecInterface(i12* %p_src_mat_rows_c_i, [8 x i8]* @ap_fifo_str, i32 0, i32 0, [1 x i8]* @p_str147, i32 0, i32 0, [1 x i8]* @p_str148, [1 x i8]* @p_str149, [1 x i8]* @p_str150, i32 2, i32 2, i32 16, i32 16, [1 x i8]* @p_str151, [1 x i8]* @p_str152)" [C:/Users/ASUS/AppData/Roaming/Xilinx/Vivado/arrayFAST/.lib/include/imgproc/xf_warp_transform.hpp:666]   --->   Operation 37 'specinterface' <Predicate = true> <Delay = 0.00>
ST_7 : Operation 38 [1/1] (0.00ns)   --->   "%empty_52 = call i32 (...)* @_ssdm_op_SpecChannel([16 x i8]* @p_dst_mat_OC_rows_c_s, i32 1, [1 x i8]* @p_str153, [1 x i8]* @p_str153, i32 4, i32 0, i12* %p_dst_mat_rows_c_i, i12* %p_dst_mat_rows_c_i)" [C:/Users/ASUS/AppData/Roaming/Xilinx/Vivado/arrayFAST/.lib/include/imgproc/xf_warp_transform.hpp:666]   --->   Operation 38 'specchannel' 'empty_52' <Predicate = true> <Delay = 0.00>
ST_7 : Operation 39 [1/1] (0.00ns)   --->   "call void (...)* @_ssdm_op_SpecInterface(i12* %p_dst_mat_rows_c_i, [8 x i8]* @ap_fifo_str, i32 0, i32 0, [1 x i8]* @p_str154, i32 0, i32 0, [1 x i8]* @p_str155, [1 x i8]* @p_str156, [1 x i8]* @p_str157, i32 2, i32 2, i32 16, i32 16, [1 x i8]* @p_str158, [1 x i8]* @p_str159)" [C:/Users/ASUS/AppData/Roaming/Xilinx/Vivado/arrayFAST/.lib/include/imgproc/xf_warp_transform.hpp:666]   --->   Operation 39 'specinterface' <Predicate = true> <Delay = 0.00>
ST_7 : Operation 40 [1/1] (0.00ns)   --->   "%empty_53 = call i32 (...)* @_ssdm_op_SpecChannel([16 x i8]* @p_dst_mat_OC_cols_c_s, i32 1, [1 x i8]* @p_str160, [1 x i8]* @p_str160, i32 4, i32 0, i12* %p_dst_mat_cols_c_i, i12* %p_dst_mat_cols_c_i)" [C:/Users/ASUS/AppData/Roaming/Xilinx/Vivado/arrayFAST/.lib/include/imgproc/xf_warp_transform.hpp:666]   --->   Operation 40 'specchannel' 'empty_53' <Predicate = true> <Delay = 0.00>
ST_7 : Operation 41 [1/1] (0.00ns)   --->   "call void (...)* @_ssdm_op_SpecInterface(i12* %p_dst_mat_cols_c_i, [8 x i8]* @ap_fifo_str, i32 0, i32 0, [1 x i8]* @p_str161, i32 0, i32 0, [1 x i8]* @p_str162, [1 x i8]* @p_str163, [1 x i8]* @p_str164, i32 2, i32 2, i32 16, i32 16, [1 x i8]* @p_str165, [1 x i8]* @p_str166)" [C:/Users/ASUS/AppData/Roaming/Xilinx/Vivado/arrayFAST/.lib/include/imgproc/xf_warp_transform.hpp:666]   --->   Operation 41 'specinterface' <Predicate = true> <Delay = 0.00>
ST_7 : Operation 42 [1/1] (0.00ns)   --->   "%empty_54 = call i32 (...)* @_ssdm_op_SpecChannel([30 x i8]* @p_src_mat_OC_cols_OC_s, i32 1, [1 x i8]* @p_str183, [1 x i8]* @p_str183, i32 2, i32 0, i12* %p_src_mat_cols_load33, i12* %p_src_mat_cols_load33)"   --->   Operation 42 'specchannel' 'empty_54' <Predicate = true> <Delay = 0.00>
ST_7 : Operation 43 [1/1] (0.00ns)   --->   "call void (...)* @_ssdm_op_SpecInterface(i12* %p_src_mat_cols_load33, [8 x i8]* @ap_fifo_str, i32 0, i32 0, [1 x i8]* @p_str184, i32 0, i32 0, [1 x i8]* @p_str185, [1 x i8]* @p_str186, [1 x i8]* @p_str187, i32 2, i32 2, i32 16, i32 16, [1 x i8]* @p_str188, [1 x i8]* @p_str189)"   --->   Operation 43 'specinterface' <Predicate = true> <Delay = 0.00>
ST_7 : Operation 44 [1/2] (0.00ns)   --->   "call fastcc void @warpTransform_Loop_4(i12* %p_dst_mat_rows_c_i, i12* %p_dst_mat_cols_c_i, i8* %out_stream_V_V, i8* %p_dst_mat_data_V)" [C:/Users/ASUS/AppData/Roaming/Xilinx/Vivado/arrayFAST/.lib/include/imgproc/xf_warp_transform.hpp:666]   --->   Operation 44 'call' <Predicate = true> <Delay = 0.00> <CoreType = "Generic">   --->   Core 0 '' <Latency = 0> <II = 1> <Delay = 1.00> <Generic> <Opcode : >
ST_7 : Operation 45 [1/1] (0.00ns)   --->   "ret void"   --->   Operation 45 'ret' <Predicate = true> <Delay = 0.00>


============================================================
+ Verbose Summary: Binding
============================================================
STG Binding: 
---------------- STG Properties BEGIN ----------------
- Is combinational: 0
- Is one-state seq: 0
- Is datapath-only: 0
- Is pipelined: 0
- Is top level: 0
Port [ Return ] is wired: 1; IO mode=ap_ctrl_hs:ce=0
Port [ p_src_mat_rows]:  wired=1; compound=1; hidden=0; nouse=0; global=0; static=0; extern=0; dir=0; type=3; pingpong=0; private_global=0; IO mode=ap_fifo:ce=0
Port [ p_src_mat_cols]:  wired=1; compound=1; hidden=0; nouse=0; global=0; static=0; extern=0; dir=0; type=3; pingpong=0; private_global=0; IO mode=ap_fifo:ce=0
Port [ p_src_mat_data_V]:  wired=1; compound=1; hidden=0; nouse=0; global=0; static=0; extern=0; dir=0; type=3; pingpong=0; private_global=0; IO mode=ap_fifo:ce=0
Port [ p_dst_mat_rows]:  wired=1; compound=1; hidden=0; nouse=0; global=0; static=0; extern=0; dir=0; type=3; pingpong=0; private_global=0; IO mode=ap_fifo:ce=0
Port [ p_dst_mat_cols]:  wired=1; compound=1; hidden=0; nouse=0; global=0; static=0; extern=0; dir=0; type=3; pingpong=0; private_global=0; IO mode=ap_fifo:ce=0
Port [ p_dst_mat_data_V]:  wired=1; compound=1; hidden=0; nouse=0; global=0; static=0; extern=0; dir=1; type=3; pingpong=0; private_global=0; IO mode=ap_fifo:ce=0
Port [ P_matrix]:  wired=1; compound=1; hidden=0; nouse=0; global=0; static=0; extern=0; dir=0; type=1; pingpong=0; private_global=0; MemPort=[13]; IO mode=ap_memory:ce=0
Port [ p_dst_mat_rows_out]:  wired=1; compound=1; hidden=0; nouse=0; global=0; static=0; extern=0; dir=1; type=3; pingpong=0; private_global=0; IO mode=ap_fifo:ce=0
Port [ p_dst_mat_cols_out]:  wired=1; compound=1; hidden=0; nouse=0; global=0; static=0; extern=0; dir=1; type=3; pingpong=0; private_global=0; IO mode=ap_fifo:ce=0
Port [ mask_table3]:  wired=0; compound=1; hidden=1; nouse=1; global=1; static=1; extern=0; dir=0; type=1; pingpong=0; private_global=0; linkage=7; visibility=0; MemPort=[11]; IO mode=ap_memory:ce=0
Port [ one_half_table4]:  wired=0; compound=1; hidden=1; nouse=1; global=1; static=1; extern=0; dir=0; type=1; pingpong=0; private_global=0; linkage=7; visibility=0; MemPort=[11]; IO mode=ap_memory:ce=0
Port [ mask_table1]:  wired=0; compound=1; hidden=1; nouse=1; global=1; static=1; extern=0; dir=0; type=1; pingpong=0; private_global=0; linkage=7; visibility=0; MemPort=[1]; IO mode=ap_memory:ce=0
---------------- STG Properties END ------------------

---------------- Datapath Model BEGIN ----------------

<LifeTime>
<method=bitvector/>
p_src_mat_cols_load33   (alloca              ) [ 00111111]
p_dst_mat_cols_c_i      (alloca              ) [ 01111111]
p_dst_mat_rows_c_i      (alloca              ) [ 01111111]
p_src_mat_rows_c_i      (alloca              ) [ 01111111]
p_src_mat_cols_load33_1 (alloca              ) [ 01111111]
in_stream_V_V           (alloca              ) [ 00111111]
out_stream_V_V          (alloca              ) [ 00111111]
StgValue_15             (call                ) [ 00000000]
p_src_mat_rows_load     (call                ) [ 00001100]
StgValue_19             (call                ) [ 00000000]
StgValue_21             (specinterface       ) [ 00000000]
StgValue_22             (specinterface       ) [ 00000000]
StgValue_23             (specinterface       ) [ 00000000]
StgValue_24             (specinterface       ) [ 00000000]
StgValue_25             (specinterface       ) [ 00000000]
StgValue_26             (specinterface       ) [ 00000000]
StgValue_27             (specinterface       ) [ 00000000]
StgValue_28             (specinterface       ) [ 00000000]
StgValue_29             (specdataflowpipeline) [ 00000000]
empty                   (specchannel         ) [ 00000000]
StgValue_31             (specinterface       ) [ 00000000]
empty_49                (specchannel         ) [ 00000000]
StgValue_33             (specinterface       ) [ 00000000]
empty_50                (specchannel         ) [ 00000000]
StgValue_35             (specinterface       ) [ 00000000]
empty_51                (specchannel         ) [ 00000000]
StgValue_37             (specinterface       ) [ 00000000]
empty_52                (specchannel         ) [ 00000000]
StgValue_39             (specinterface       ) [ 00000000]
empty_53                (specchannel         ) [ 00000000]
StgValue_41             (specinterface       ) [ 00000000]
empty_54                (specchannel         ) [ 00000000]
StgValue_43             (specinterface       ) [ 00000000]
StgValue_44             (call                ) [ 00000000]
StgValue_45             (ret                 ) [ 00000000]
</LifeTime>

<model>

<comp_list>
<comp id="0" class="1000" name="p_src_mat_rows">
<pin_list>
<pin id="1" dir="1" index="0" bw="1" slack="0"/>
</pin_list>
<bind>
<StgValue><ssdm name="p_src_mat_rows"/></StgValue>
</bind>
</comp>

<comp id="2" class="1000" name="p_src_mat_cols">
<pin_list>
<pin id="3" dir="1" index="0" bw="1" slack="0"/>
</pin_list>
<bind>
<StgValue><ssdm name="p_src_mat_cols"/></StgValue>
</bind>
</comp>

<comp id="4" class="1000" name="p_src_mat_data_V">
<pin_list>
<pin id="5" dir="1" index="0" bw="1" slack="0"/>
</pin_list>
<bind>
<StgValue><ssdm name="p_src_mat_data_V"/></StgValue>
</bind>
</comp>

<comp id="6" class="1000" name="p_dst_mat_rows">
<pin_list>
<pin id="7" dir="1" index="0" bw="1" slack="0"/>
</pin_list>
<bind>
<StgValue><ssdm name="p_dst_mat_rows"/></StgValue>
</bind>
</comp>

<comp id="8" class="1000" name="p_dst_mat_cols">
<pin_list>
<pin id="9" dir="1" index="0" bw="1" slack="0"/>
</pin_list>
<bind>
<StgValue><ssdm name="p_dst_mat_cols"/></StgValue>
</bind>
</comp>

<comp id="10" class="1000" name="p_dst_mat_data_V">
<pin_list>
<pin id="11" dir="1" index="0" bw="1" slack="0"/>
</pin_list>
<bind>
<StgValue><ssdm name="p_dst_mat_data_V"/></StgValue>
</bind>
</comp>

<comp id="12" class="1000" name="P_matrix">
<pin_list>
<pin id="13" dir="1" index="0" bw="1" slack="0"/>
</pin_list>
<bind>
<StgValue><ssdm name="P_matrix"/><MemPortTyVec>1 3 </MemPortTyVec>
</StgValue>
</bind>
</comp>

<comp id="14" class="1000" name="p_dst_mat_rows_out">
<pin_list>
<pin id="15" dir="1" index="0" bw="1" slack="0"/>
</pin_list>
<bind>
<StgValue><ssdm name="p_dst_mat_rows_out"/></StgValue>
</bind>
</comp>

<comp id="16" class="1000" name="p_dst_mat_cols_out">
<pin_list>
<pin id="17" dir="1" index="0" bw="1" slack="0"/>
</pin_list>
<bind>
<StgValue><ssdm name="p_dst_mat_cols_out"/></StgValue>
</bind>
</comp>

<comp id="18" class="1000" name="mask_table3">
<pin_list>
<pin id="19" dir="1" index="0" bw="1" slack="0"/>
</pin_list>
<bind>
<StgValue><ssdm name="mask_table3"/><MemPortTyVec>1 1 </MemPortTyVec>
</StgValue>
</bind>
</comp>

<comp id="20" class="1000" name="one_half_table4">
<pin_list>
<pin id="21" dir="1" index="0" bw="1" slack="0"/>
</pin_list>
<bind>
<StgValue><ssdm name="one_half_table4"/><MemPortTyVec>1 1 </MemPortTyVec>
</StgValue>
</bind>
</comp>

<comp id="22" class="1000" name="mask_table1">
<pin_list>
<pin id="23" dir="1" index="0" bw="1" slack="0"/>
</pin_list>
<bind>
<StgValue><ssdm name="mask_table1"/><MemPortTyVec>1 </MemPortTyVec>
</StgValue>
</bind>
</comp>

<comp id="24" class="1001" name="const_24">
<pin_list>
<pin id="25" dir="1" index="0" bw="1" slack="0"/>
</pin_list>
<bind>
<StgValue><ssdm name=""/></StgValue>
</bind>
</comp>

<comp id="26" class="1001" name="const_26">
<pin_list>
<pin id="27" dir="1" index="0" bw="1" slack="0"/>
</pin_list>
<bind>
<StgValue><ssdm name="warpTransform_Block_.1"/></StgValue>
</bind>
</comp>

<comp id="28" class="1001" name="const_28">
<pin_list>
<pin id="29" dir="1" index="0" bw="1" slack="0"/>
</pin_list>
<bind>
<StgValue><ssdm name="warpTransform_Loop_1"/></StgValue>
</bind>
</comp>

<comp id="30" class="1001" name="const_30">
<pin_list>
<pin id="31" dir="1" index="0" bw="1" slack="0"/>
</pin_list>
<bind>
<StgValue><ssdm name="warpTransform_Block_"/></StgValue>
</bind>
</comp>

<comp id="32" class="1001" name="const_32">
<pin_list>
<pin id="33" dir="1" index="0" bw="1" slack="0"/>
</pin_list>
<bind>
<StgValue><ssdm name="warpTransform_Loop_4"/></StgValue>
</bind>
</comp>

<comp id="34" class="1001" name="const_34">
<pin_list>
<pin id="35" dir="1" index="0" bw="1" slack="2147483647"/>
</pin_list>
<bind>
<StgValue><ssdm name="_ssdm_op_SpecInterface"/></StgValue>
</bind>
</comp>

<comp id="36" class="1001" name="const_36">
<pin_list>
<pin id="37" dir="1" index="0" bw="1" slack="2147483647"/>
</pin_list>
<bind>
<StgValue><ssdm name="ap_fifo_str"/></StgValue>
</bind>
</comp>

<comp id="38" class="1001" name="const_38">
<pin_list>
<pin id="39" dir="1" index="0" bw="1" slack="2147483647"/>
</pin_list>
<bind>
<StgValue><ssdm name=""/></StgValue>
</bind>
</comp>

<comp id="40" class="1001" name="const_40">
<pin_list>
<pin id="41" dir="1" index="0" bw="1" slack="2147483647"/>
</pin_list>
<bind>
<StgValue><ssdm name="p_str390"/></StgValue>
</bind>
</comp>

<comp id="42" class="1001" name="const_42">
<pin_list>
<pin id="43" dir="1" index="0" bw="1" slack="2147483647"/>
</pin_list>
<bind>
<StgValue><ssdm name="p_str391"/></StgValue>
</bind>
</comp>

<comp id="44" class="1001" name="const_44">
<pin_list>
<pin id="45" dir="1" index="0" bw="1" slack="2147483647"/>
</pin_list>
<bind>
<StgValue><ssdm name="p_str392"/></StgValue>
</bind>
</comp>

<comp id="46" class="1001" name="const_46">
<pin_list>
<pin id="47" dir="1" index="0" bw="1" slack="2147483647"/>
</pin_list>
<bind>
<StgValue><ssdm name="p_str393"/></StgValue>
</bind>
</comp>

<comp id="48" class="1001" name="const_48">
<pin_list>
<pin id="49" dir="1" index="0" bw="1" slack="2147483647"/>
</pin_list>
<bind>
<StgValue><ssdm name=""/></StgValue>
</bind>
</comp>

<comp id="50" class="1001" name="const_50">
<pin_list>
<pin id="51" dir="1" index="0" bw="1" slack="2147483647"/>
</pin_list>
<bind>
<StgValue><ssdm name=""/></StgValue>
</bind>
</comp>

<comp id="52" class="1001" name="const_52">
<pin_list>
<pin id="53" dir="1" index="0" bw="1" slack="2147483647"/>
</pin_list>
<bind>
<StgValue><ssdm name="p_str394"/></StgValue>
</bind>
</comp>

<comp id="54" class="1001" name="const_54">
<pin_list>
<pin id="55" dir="1" index="0" bw="1" slack="2147483647"/>
</pin_list>
<bind>
<StgValue><ssdm name="p_str395"/></StgValue>
</bind>
</comp>

<comp id="56" class="1001" name="const_56">
<pin_list>
<pin id="57" dir="1" index="0" bw="1" slack="2147483647"/>
</pin_list>
<bind>
<StgValue><ssdm name="p_str397"/></StgValue>
</bind>
</comp>

<comp id="58" class="1001" name="const_58">
<pin_list>
<pin id="59" dir="1" index="0" bw="1" slack="2147483647"/>
</pin_list>
<bind>
<StgValue><ssdm name="p_str398"/></StgValue>
</bind>
</comp>

<comp id="60" class="1001" name="const_60">
<pin_list>
<pin id="61" dir="1" index="0" bw="1" slack="2147483647"/>
</pin_list>
<bind>
<StgValue><ssdm name="p_str399"/></StgValue>
</bind>
</comp>

<comp id="62" class="1001" name="const_62">
<pin_list>
<pin id="63" dir="1" index="0" bw="1" slack="2147483647"/>
</pin_list>
<bind>
<StgValue><ssdm name="p_str400"/></StgValue>
</bind>
</comp>

<comp id="64" class="1001" name="const_64">
<pin_list>
<pin id="65" dir="1" index="0" bw="1" slack="2147483647"/>
</pin_list>
<bind>
<StgValue><ssdm name="p_str401"/></StgValue>
</bind>
</comp>

<comp id="66" class="1001" name="const_66">
<pin_list>
<pin id="67" dir="1" index="0" bw="1" slack="2147483647"/>
</pin_list>
<bind>
<StgValue><ssdm name="p_str402"/></StgValue>
</bind>
</comp>

<comp id="68" class="1001" name="const_68">
<pin_list>
<pin id="69" dir="1" index="0" bw="1" slack="2147483647"/>
</pin_list>
<bind>
<StgValue><ssdm name="p_str311"/></StgValue>
</bind>
</comp>

<comp id="70" class="1001" name="const_70">
<pin_list>
<pin id="71" dir="1" index="0" bw="1" slack="2147483647"/>
</pin_list>
<bind>
<StgValue><ssdm name="p_str312"/></StgValue>
</bind>
</comp>

<comp id="72" class="1001" name="const_72">
<pin_list>
<pin id="73" dir="1" index="0" bw="1" slack="2147483647"/>
</pin_list>
<bind>
<StgValue><ssdm name="p_str313"/></StgValue>
</bind>
</comp>

<comp id="74" class="1001" name="const_74">
<pin_list>
<pin id="75" dir="1" index="0" bw="1" slack="2147483647"/>
</pin_list>
<bind>
<StgValue><ssdm name="p_str314"/></StgValue>
</bind>
</comp>

<comp id="76" class="1001" name="const_76">
<pin_list>
<pin id="77" dir="1" index="0" bw="1" slack="2147483647"/>
</pin_list>
<bind>
<StgValue><ssdm name="p_str315"/></StgValue>
</bind>
</comp>

<comp id="78" class="1001" name="const_78">
<pin_list>
<pin id="79" dir="1" index="0" bw="1" slack="2147483647"/>
</pin_list>
<bind>
<StgValue><ssdm name="ScalarProp_str"/></StgValue>
</bind>
</comp>

<comp id="80" class="1001" name="const_80">
<pin_list>
<pin id="81" dir="1" index="0" bw="1" slack="2147483647"/>
</pin_list>
<bind>
<StgValue><ssdm name="p_str306"/></StgValue>
</bind>
</comp>

<comp id="82" class="1001" name="const_82">
<pin_list>
<pin id="83" dir="1" index="0" bw="1" slack="2147483647"/>
</pin_list>
<bind>
<StgValue><ssdm name="p_str307"/></StgValue>
</bind>
</comp>

<comp id="84" class="1001" name="const_84">
<pin_list>
<pin id="85" dir="1" index="0" bw="1" slack="2147483647"/>
</pin_list>
<bind>
<StgValue><ssdm name="p_str308"/></StgValue>
</bind>
</comp>

<comp id="86" class="1001" name="const_86">
<pin_list>
<pin id="87" dir="1" index="0" bw="1" slack="2147483647"/>
</pin_list>
<bind>
<StgValue><ssdm name="p_str309"/></StgValue>
</bind>
</comp>

<comp id="88" class="1001" name="const_88">
<pin_list>
<pin id="89" dir="1" index="0" bw="1" slack="2147483647"/>
</pin_list>
<bind>
<StgValue><ssdm name="p_str310"/></StgValue>
</bind>
</comp>

<comp id="90" class="1001" name="const_90">
<pin_list>
<pin id="91" dir="1" index="0" bw="1" slack="2147483647"/>
</pin_list>
<bind>
<StgValue><ssdm name="p_str296"/></StgValue>
</bind>
</comp>

<comp id="92" class="1001" name="const_92">
<pin_list>
<pin id="93" dir="1" index="0" bw="1" slack="2147483647"/>
</pin_list>
<bind>
<StgValue><ssdm name="p_str297"/></StgValue>
</bind>
</comp>

<comp id="94" class="1001" name="const_94">
<pin_list>
<pin id="95" dir="1" index="0" bw="1" slack="2147483647"/>
</pin_list>
<bind>
<StgValue><ssdm name="p_str298"/></StgValue>
</bind>
</comp>

<comp id="96" class="1001" name="const_96">
<pin_list>
<pin id="97" dir="1" index="0" bw="1" slack="2147483647"/>
</pin_list>
<bind>
<StgValue><ssdm name="p_str299"/></StgValue>
</bind>
</comp>

<comp id="98" class="1001" name="const_98">
<pin_list>
<pin id="99" dir="1" index="0" bw="1" slack="2147483647"/>
</pin_list>
<bind>
<StgValue><ssdm name="p_str300"/></StgValue>
</bind>
</comp>

<comp id="100" class="1001" name="const_100">
<pin_list>
<pin id="101" dir="1" index="0" bw="1" slack="2147483647"/>
</pin_list>
<bind>
<StgValue><ssdm name="p_str301"/></StgValue>
</bind>
</comp>

<comp id="102" class="1001" name="const_102">
<pin_list>
<pin id="103" dir="1" index="0" bw="1" slack="2147483647"/>
</pin_list>
<bind>
<StgValue><ssdm name="p_str302"/></StgValue>
</bind>
</comp>

<comp id="104" class="1001" name="const_104">
<pin_list>
<pin id="105" dir="1" index="0" bw="1" slack="2147483647"/>
</pin_list>
<bind>
<StgValue><ssdm name="p_str303"/></StgValue>
</bind>
</comp>

<comp id="106" class="1001" name="const_106">
<pin_list>
<pin id="107" dir="1" index="0" bw="1" slack="2147483647"/>
</pin_list>
<bind>
<StgValue><ssdm name="p_str304"/></StgValue>
</bind>
</comp>

<comp id="108" class="1001" name="const_108">
<pin_list>
<pin id="109" dir="1" index="0" bw="1" slack="2147483647"/>
</pin_list>
<bind>
<StgValue><ssdm name="p_str305"/></StgValue>
</bind>
</comp>

<comp id="110" class="1001" name="const_110">
<pin_list>
<pin id="111" dir="1" index="0" bw="1" slack="2147483647"/>
</pin_list>
<bind>
<StgValue><ssdm name="p_str332"/></StgValue>
</bind>
</comp>

<comp id="112" class="1001" name="const_112">
<pin_list>
<pin id="113" dir="1" index="0" bw="1" slack="2147483647"/>
</pin_list>
<bind>
<StgValue><ssdm name="p_str333"/></StgValue>
</bind>
</comp>

<comp id="114" class="1001" name="const_114">
<pin_list>
<pin id="115" dir="1" index="0" bw="1" slack="2147483647"/>
</pin_list>
<bind>
<StgValue><ssdm name="p_str334"/></StgValue>
</bind>
</comp>

<comp id="116" class="1001" name="const_116">
<pin_list>
<pin id="117" dir="1" index="0" bw="1" slack="2147483647"/>
</pin_list>
<bind>
<StgValue><ssdm name="p_str335"/></StgValue>
</bind>
</comp>

<comp id="118" class="1001" name="const_118">
<pin_list>
<pin id="119" dir="1" index="0" bw="1" slack="2147483647"/>
</pin_list>
<bind>
<StgValue><ssdm name="p_str336"/></StgValue>
</bind>
</comp>

<comp id="120" class="1001" name="const_120">
<pin_list>
<pin id="121" dir="1" index="0" bw="1" slack="2147483647"/>
</pin_list>
<bind>
<StgValue><ssdm name="p_str337"/></StgValue>
</bind>
</comp>

<comp id="122" class="1001" name="const_122">
<pin_list>
<pin id="123" dir="1" index="0" bw="1" slack="2147483647"/>
</pin_list>
<bind>
<StgValue><ssdm name="p_str354"/></StgValue>
</bind>
</comp>

<comp id="124" class="1001" name="const_124">
<pin_list>
<pin id="125" dir="1" index="0" bw="1" slack="2147483647"/>
</pin_list>
<bind>
<StgValue><ssdm name="p_str355"/></StgValue>
</bind>
</comp>

<comp id="126" class="1001" name="const_126">
<pin_list>
<pin id="127" dir="1" index="0" bw="1" slack="2147483647"/>
</pin_list>
<bind>
<StgValue><ssdm name="p_str356"/></StgValue>
</bind>
</comp>

<comp id="128" class="1001" name="const_128">
<pin_list>
<pin id="129" dir="1" index="0" bw="1" slack="2147483647"/>
</pin_list>
<bind>
<StgValue><ssdm name="p_str357"/></StgValue>
</bind>
</comp>

<comp id="130" class="1001" name="const_130">
<pin_list>
<pin id="131" dir="1" index="0" bw="1" slack="2147483647"/>
</pin_list>
<bind>
<StgValue><ssdm name="p_str358"/></StgValue>
</bind>
</comp>

<comp id="132" class="1001" name="const_132">
<pin_list>
<pin id="133" dir="1" index="0" bw="1" slack="2147483647"/>
</pin_list>
<bind>
<StgValue><ssdm name="p_str359"/></StgValue>
</bind>
</comp>

<comp id="134" class="1001" name="const_134">
<pin_list>
<pin id="135" dir="1" index="0" bw="1" slack="2147483647"/>
</pin_list>
<bind>
<StgValue><ssdm name="_ssdm_op_SpecDataflowPipeline"/></StgValue>
</bind>
</comp>

<comp id="136" class="1001" name="const_136">
<pin_list>
<pin id="137" dir="1" index="0" bw="1" slack="2147483647"/>
</pin_list>
<bind>
<StgValue><ssdm name=""/></StgValue>
</bind>
</comp>

<comp id="138" class="1001" name="const_138">
<pin_list>
<pin id="139" dir="1" index="0" bw="1" slack="2147483647"/>
</pin_list>
<bind>
<StgValue><ssdm name="p_str2"/></StgValue>
</bind>
</comp>

<comp id="140" class="1001" name="const_140">
<pin_list>
<pin id="141" dir="1" index="0" bw="1" slack="2147483647"/>
</pin_list>
<bind>
<StgValue><ssdm name="_ssdm_op_SpecChannel"/></StgValue>
</bind>
</comp>

<comp id="142" class="1001" name="const_142">
<pin_list>
<pin id="143" dir="1" index="0" bw="1" slack="2147483647"/>
</pin_list>
<bind>
<StgValue><ssdm name="in_stream_OC_V_OC_V_s"/></StgValue>
</bind>
</comp>

<comp id="144" class="1001" name="const_144">
<pin_list>
<pin id="145" dir="1" index="0" bw="1" slack="2147483647"/>
</pin_list>
<bind>
<StgValue><ssdm name=""/></StgValue>
</bind>
</comp>

<comp id="146" class="1001" name="const_146">
<pin_list>
<pin id="147" dir="1" index="0" bw="1" slack="2147483647"/>
</pin_list>
<bind>
<StgValue><ssdm name="p_str102"/></StgValue>
</bind>
</comp>

<comp id="148" class="1001" name="const_148">
<pin_list>
<pin id="149" dir="1" index="0" bw="1" slack="2147483647"/>
</pin_list>
<bind>
<StgValue><ssdm name="p_str103"/></StgValue>
</bind>
</comp>

<comp id="150" class="1001" name="const_150">
<pin_list>
<pin id="151" dir="1" index="0" bw="1" slack="2147483647"/>
</pin_list>
<bind>
<StgValue><ssdm name="p_str104"/></StgValue>
</bind>
</comp>

<comp id="152" class="1001" name="const_152">
<pin_list>
<pin id="153" dir="1" index="0" bw="1" slack="2147483647"/>
</pin_list>
<bind>
<StgValue><ssdm name="p_str105"/></StgValue>
</bind>
</comp>

<comp id="154" class="1001" name="const_154">
<pin_list>
<pin id="155" dir="1" index="0" bw="1" slack="2147483647"/>
</pin_list>
<bind>
<StgValue><ssdm name="p_str106"/></StgValue>
</bind>
</comp>

<comp id="156" class="1001" name="const_156">
<pin_list>
<pin id="157" dir="1" index="0" bw="1" slack="2147483647"/>
</pin_list>
<bind>
<StgValue><ssdm name="p_str107"/></StgValue>
</bind>
</comp>

<comp id="158" class="1001" name="const_158">
<pin_list>
<pin id="159" dir="1" index="0" bw="1" slack="2147483647"/>
</pin_list>
<bind>
<StgValue><ssdm name="p_str108"/></StgValue>
</bind>
</comp>

<comp id="160" class="1001" name="const_160">
<pin_list>
<pin id="161" dir="1" index="0" bw="1" slack="2147483647"/>
</pin_list>
<bind>
<StgValue><ssdm name="out_stream_OC_V_OC_V"/></StgValue>
</bind>
</comp>

<comp id="162" class="1001" name="const_162">
<pin_list>
<pin id="163" dir="1" index="0" bw="1" slack="2147483647"/>
</pin_list>
<bind>
<StgValue><ssdm name="p_str109"/></StgValue>
</bind>
</comp>

<comp id="164" class="1001" name="const_164">
<pin_list>
<pin id="165" dir="1" index="0" bw="1" slack="2147483647"/>
</pin_list>
<bind>
<StgValue><ssdm name="p_str110"/></StgValue>
</bind>
</comp>

<comp id="166" class="1001" name="const_166">
<pin_list>
<pin id="167" dir="1" index="0" bw="1" slack="2147483647"/>
</pin_list>
<bind>
<StgValue><ssdm name="p_str111"/></StgValue>
</bind>
</comp>

<comp id="168" class="1001" name="const_168">
<pin_list>
<pin id="169" dir="1" index="0" bw="1" slack="2147483647"/>
</pin_list>
<bind>
<StgValue><ssdm name="p_str112"/></StgValue>
</bind>
</comp>

<comp id="170" class="1001" name="const_170">
<pin_list>
<pin id="171" dir="1" index="0" bw="1" slack="2147483647"/>
</pin_list>
<bind>
<StgValue><ssdm name="p_str113"/></StgValue>
</bind>
</comp>

<comp id="172" class="1001" name="const_172">
<pin_list>
<pin id="173" dir="1" index="0" bw="1" slack="2147483647"/>
</pin_list>
<bind>
<StgValue><ssdm name="p_str114"/></StgValue>
</bind>
</comp>

<comp id="174" class="1001" name="const_174">
<pin_list>
<pin id="175" dir="1" index="0" bw="1" slack="2147483647"/>
</pin_list>
<bind>
<StgValue><ssdm name="p_str115"/></StgValue>
</bind>
</comp>

<comp id="176" class="1001" name="const_176">
<pin_list>
<pin id="177" dir="1" index="0" bw="1" slack="2147483647"/>
</pin_list>
<bind>
<StgValue><ssdm name="p_src_mat_OC_cols_OC_1"/></StgValue>
</bind>
</comp>

<comp id="178" class="1001" name="const_178">
<pin_list>
<pin id="179" dir="1" index="0" bw="1" slack="2147483647"/>
</pin_list>
<bind>
<StgValue><ssdm name="p_str139"/></StgValue>
</bind>
</comp>

<comp id="180" class="1001" name="const_180">
<pin_list>
<pin id="181" dir="1" index="0" bw="1" slack="2147483647"/>
</pin_list>
<bind>
<StgValue><ssdm name="p_str140"/></StgValue>
</bind>
</comp>

<comp id="182" class="1001" name="const_182">
<pin_list>
<pin id="183" dir="1" index="0" bw="1" slack="2147483647"/>
</pin_list>
<bind>
<StgValue><ssdm name="p_str141"/></StgValue>
</bind>
</comp>

<comp id="184" class="1001" name="const_184">
<pin_list>
<pin id="185" dir="1" index="0" bw="1" slack="2147483647"/>
</pin_list>
<bind>
<StgValue><ssdm name="p_str142"/></StgValue>
</bind>
</comp>

<comp id="186" class="1001" name="const_186">
<pin_list>
<pin id="187" dir="1" index="0" bw="1" slack="2147483647"/>
</pin_list>
<bind>
<StgValue><ssdm name="p_str143"/></StgValue>
</bind>
</comp>

<comp id="188" class="1001" name="const_188">
<pin_list>
<pin id="189" dir="1" index="0" bw="1" slack="2147483647"/>
</pin_list>
<bind>
<StgValue><ssdm name="p_str144"/></StgValue>
</bind>
</comp>

<comp id="190" class="1001" name="const_190">
<pin_list>
<pin id="191" dir="1" index="0" bw="1" slack="2147483647"/>
</pin_list>
<bind>
<StgValue><ssdm name="p_str145"/></StgValue>
</bind>
</comp>

<comp id="192" class="1001" name="const_192">
<pin_list>
<pin id="193" dir="1" index="0" bw="1" slack="2147483647"/>
</pin_list>
<bind>
<StgValue><ssdm name="p_src_mat_OC_rows_c_s"/></StgValue>
</bind>
</comp>

<comp id="194" class="1001" name="const_194">
<pin_list>
<pin id="195" dir="1" index="0" bw="1" slack="2147483647"/>
</pin_list>
<bind>
<StgValue><ssdm name="p_str146"/></StgValue>
</bind>
</comp>

<comp id="196" class="1001" name="const_196">
<pin_list>
<pin id="197" dir="1" index="0" bw="1" slack="2147483647"/>
</pin_list>
<bind>
<StgValue><ssdm name="p_str147"/></StgValue>
</bind>
</comp>

<comp id="198" class="1001" name="const_198">
<pin_list>
<pin id="199" dir="1" index="0" bw="1" slack="2147483647"/>
</pin_list>
<bind>
<StgValue><ssdm name="p_str148"/></StgValue>
</bind>
</comp>

<comp id="200" class="1001" name="const_200">
<pin_list>
<pin id="201" dir="1" index="0" bw="1" slack="2147483647"/>
</pin_list>
<bind>
<StgValue><ssdm name="p_str149"/></StgValue>
</bind>
</comp>

<comp id="202" class="1001" name="const_202">
<pin_list>
<pin id="203" dir="1" index="0" bw="1" slack="2147483647"/>
</pin_list>
<bind>
<StgValue><ssdm name="p_str150"/></StgValue>
</bind>
</comp>

<comp id="204" class="1001" name="const_204">
<pin_list>
<pin id="205" dir="1" index="0" bw="1" slack="2147483647"/>
</pin_list>
<bind>
<StgValue><ssdm name="p_str151"/></StgValue>
</bind>
</comp>

<comp id="206" class="1001" name="const_206">
<pin_list>
<pin id="207" dir="1" index="0" bw="1" slack="2147483647"/>
</pin_list>
<bind>
<StgValue><ssdm name="p_str152"/></StgValue>
</bind>
</comp>

<comp id="208" class="1001" name="const_208">
<pin_list>
<pin id="209" dir="1" index="0" bw="1" slack="2147483647"/>
</pin_list>
<bind>
<StgValue><ssdm name="p_dst_mat_OC_rows_c_s"/></StgValue>
</bind>
</comp>

<comp id="210" class="1001" name="const_210">
<pin_list>
<pin id="211" dir="1" index="0" bw="1" slack="2147483647"/>
</pin_list>
<bind>
<StgValue><ssdm name="p_str153"/></StgValue>
</bind>
</comp>

<comp id="212" class="1001" name="const_212">
<pin_list>
<pin id="213" dir="1" index="0" bw="1" slack="2147483647"/>
</pin_list>
<bind>
<StgValue><ssdm name=""/></StgValue>
</bind>
</comp>

<comp id="214" class="1001" name="const_214">
<pin_list>
<pin id="215" dir="1" index="0" bw="1" slack="2147483647"/>
</pin_list>
<bind>
<StgValue><ssdm name="p_str154"/></StgValue>
</bind>
</comp>

<comp id="216" class="1001" name="const_216">
<pin_list>
<pin id="217" dir="1" index="0" bw="1" slack="2147483647"/>
</pin_list>
<bind>
<StgValue><ssdm name="p_str155"/></StgValue>
</bind>
</comp>

<comp id="218" class="1001" name="const_218">
<pin_list>
<pin id="219" dir="1" index="0" bw="1" slack="2147483647"/>
</pin_list>
<bind>
<StgValue><ssdm name="p_str156"/></StgValue>
</bind>
</comp>

<comp id="220" class="1001" name="const_220">
<pin_list>
<pin id="221" dir="1" index="0" bw="1" slack="2147483647"/>
</pin_list>
<bind>
<StgValue><ssdm name="p_str157"/></StgValue>
</bind>
</comp>

<comp id="222" class="1001" name="const_222">
<pin_list>
<pin id="223" dir="1" index="0" bw="1" slack="2147483647"/>
</pin_list>
<bind>
<StgValue><ssdm name="p_str158"/></StgValue>
</bind>
</comp>

<comp id="224" class="1001" name="const_224">
<pin_list>
<pin id="225" dir="1" index="0" bw="1" slack="2147483647"/>
</pin_list>
<bind>
<StgValue><ssdm name="p_str159"/></StgValue>
</bind>
</comp>

<comp id="226" class="1001" name="const_226">
<pin_list>
<pin id="227" dir="1" index="0" bw="1" slack="2147483647"/>
</pin_list>
<bind>
<StgValue><ssdm name="p_dst_mat_OC_cols_c_s"/></StgValue>
</bind>
</comp>

<comp id="228" class="1001" name="const_228">
<pin_list>
<pin id="229" dir="1" index="0" bw="1" slack="2147483647"/>
</pin_list>
<bind>
<StgValue><ssdm name="p_str160"/></StgValue>
</bind>
</comp>

<comp id="230" class="1001" name="const_230">
<pin_list>
<pin id="231" dir="1" index="0" bw="1" slack="2147483647"/>
</pin_list>
<bind>
<StgValue><ssdm name="p_str161"/></StgValue>
</bind>
</comp>

<comp id="232" class="1001" name="const_232">
<pin_list>
<pin id="233" dir="1" index="0" bw="1" slack="2147483647"/>
</pin_list>
<bind>
<StgValue><ssdm name="p_str162"/></StgValue>
</bind>
</comp>

<comp id="234" class="1001" name="const_234">
<pin_list>
<pin id="235" dir="1" index="0" bw="1" slack="2147483647"/>
</pin_list>
<bind>
<StgValue><ssdm name="p_str163"/></StgValue>
</bind>
</comp>

<comp id="236" class="1001" name="const_236">
<pin_list>
<pin id="237" dir="1" index="0" bw="1" slack="2147483647"/>
</pin_list>
<bind>
<StgValue><ssdm name="p_str164"/></StgValue>
</bind>
</comp>

<comp id="238" class="1001" name="const_238">
<pin_list>
<pin id="239" dir="1" index="0" bw="1" slack="2147483647"/>
</pin_list>
<bind>
<StgValue><ssdm name="p_str165"/></StgValue>
</bind>
</comp>

<comp id="240" class="1001" name="const_240">
<pin_list>
<pin id="241" dir="1" index="0" bw="1" slack="2147483647"/>
</pin_list>
<bind>
<StgValue><ssdm name="p_str166"/></StgValue>
</bind>
</comp>

<comp id="242" class="1001" name="const_242">
<pin_list>
<pin id="243" dir="1" index="0" bw="1" slack="2147483647"/>
</pin_list>
<bind>
<StgValue><ssdm name="p_src_mat_OC_cols_OC_s"/></StgValue>
</bind>
</comp>

<comp id="244" class="1001" name="const_244">
<pin_list>
<pin id="245" dir="1" index="0" bw="1" slack="2147483647"/>
</pin_list>
<bind>
<StgValue><ssdm name="p_str183"/></StgValue>
</bind>
</comp>

<comp id="246" class="1001" name="const_246">
<pin_list>
<pin id="247" dir="1" index="0" bw="1" slack="2147483647"/>
</pin_list>
<bind>
<StgValue><ssdm name="p_str184"/></StgValue>
</bind>
</comp>

<comp id="248" class="1001" name="const_248">
<pin_list>
<pin id="249" dir="1" index="0" bw="1" slack="2147483647"/>
</pin_list>
<bind>
<StgValue><ssdm name="p_str185"/></StgValue>
</bind>
</comp>

<comp id="250" class="1001" name="const_250">
<pin_list>
<pin id="251" dir="1" index="0" bw="1" slack="2147483647"/>
</pin_list>
<bind>
<StgValue><ssdm name="p_str186"/></StgValue>
</bind>
</comp>

<comp id="252" class="1001" name="const_252">
<pin_list>
<pin id="253" dir="1" index="0" bw="1" slack="2147483647"/>
</pin_list>
<bind>
<StgValue><ssdm name="p_str187"/></StgValue>
</bind>
</comp>

<comp id="254" class="1001" name="const_254">
<pin_list>
<pin id="255" dir="1" index="0" bw="1" slack="2147483647"/>
</pin_list>
<bind>
<StgValue><ssdm name="p_str188"/></StgValue>
</bind>
</comp>

<comp id="256" class="1001" name="const_256">
<pin_list>
<pin id="257" dir="1" index="0" bw="1" slack="2147483647"/>
</pin_list>
<bind>
<StgValue><ssdm name="p_str189"/></StgValue>
</bind>
</comp>

<comp id="258" class="1004" name="p_src_mat_cols_load33_fu_258">
<pin_list>
<pin id="259" dir="0" index="0" bw="1" slack="0"/>
<pin id="260" dir="1" index="1" bw="12" slack="1"/>
</pin_list>
<bind>
<opcode="alloca(26) " fcode="alloca"/>
<opset="p_src_mat_cols_load33/1 "/>
</bind>
</comp>

<comp id="262" class="1004" name="p_dst_mat_cols_c_i_fu_262">
<pin_list>
<pin id="263" dir="0" index="0" bw="1" slack="0"/>
<pin id="264" dir="1" index="1" bw="12" slack="0"/>
</pin_list>
<bind>
<opcode="alloca(26) " fcode="alloca"/>
<opset="p_dst_mat_cols_c_i/1 "/>
</bind>
</comp>

<comp id="266" class="1004" name="p_dst_mat_rows_c_i_fu_266">
<pin_list>
<pin id="267" dir="0" index="0" bw="1" slack="0"/>
<pin id="268" dir="1" index="1" bw="12" slack="0"/>
</pin_list>
<bind>
<opcode="alloca(26) " fcode="alloca"/>
<opset="p_dst_mat_rows_c_i/1 "/>
</bind>
</comp>

<comp id="270" class="1004" name="p_src_mat_rows_c_i_fu_270">
<pin_list>
<pin id="271" dir="0" index="0" bw="1" slack="0"/>
<pin id="272" dir="1" index="1" bw="12" slack="0"/>
</pin_list>
<bind>
<opcode="alloca(26) " fcode="alloca"/>
<opset="p_src_mat_rows_c_i/1 "/>
</bind>
</comp>

<comp id="274" class="1004" name="p_src_mat_cols_load33_1_fu_274">
<pin_list>
<pin id="275" dir="0" index="0" bw="1" slack="0"/>
<pin id="276" dir="1" index="1" bw="12" slack="0"/>
</pin_list>
<bind>
<opcode="alloca(26) " fcode="alloca"/>
<opset="p_src_mat_cols_load33_1/1 "/>
</bind>
</comp>

<comp id="278" class="1004" name="in_stream_V_V_fu_278">
<pin_list>
<pin id="279" dir="0" index="0" bw="1" slack="0"/>
<pin id="280" dir="1" index="1" bw="8" slack="1"/>
</pin_list>
<bind>
<opcode="alloca(26) " fcode="alloca"/>
<opset="in_stream_V_V/1 "/>
</bind>
</comp>

<comp id="282" class="1004" name="out_stream_V_V_fu_282">
<pin_list>
<pin id="283" dir="0" index="0" bw="1" slack="0"/>
<pin id="284" dir="1" index="1" bw="8" slack="3"/>
</pin_list>
<bind>
<opcode="alloca(26) " fcode="alloca"/>
<opset="out_stream_V_V/1 "/>
</bind>
</comp>

<comp id="286" class="1004" name="grp_warpTransform_Block_s_fu_286">
<pin_list>
<pin id="287" dir="0" index="0" bw="0" slack="0"/>
<pin id="288" dir="0" index="1" bw="32" slack="0"/>
<pin id="289" dir="0" index="2" bw="12" slack="1"/>
<pin id="290" dir="0" index="3" bw="12" slack="3"/>
<pin id="291" dir="0" index="4" bw="8" slack="3"/>
<pin id="292" dir="0" index="5" bw="8" slack="3"/>
<pin id="293" dir="0" index="6" bw="52" slack="0"/>
<pin id="294" dir="0" index="7" bw="53" slack="0"/>
<pin id="295" dir="0" index="8" bw="52" slack="0"/>
<pin id="296" dir="1" index="9" bw="0" slack="2147483647"/>
</pin_list>
<bind>
<opcode="call(48) " fcode="call"/>
<opset="StgValue_18/4 "/>
</bind>
</comp>

<comp id="302" class="1004" name="grp_warpTransform_Loop_1_fu_302">
<pin_list>
<pin id="303" dir="0" index="0" bw="12" slack="0"/>
<pin id="304" dir="0" index="1" bw="12" slack="1"/>
<pin id="305" dir="0" index="2" bw="12" slack="1"/>
<pin id="306" dir="0" index="3" bw="8" slack="0"/>
<pin id="307" dir="0" index="4" bw="8" slack="1"/>
<pin id="308" dir="0" index="5" bw="12" slack="1"/>
<pin id="309" dir="1" index="6" bw="12" slack="1"/>
</pin_list>
<bind>
<opcode="call(48) " fcode="call"/>
<opset="p_src_mat_rows_load/2 "/>
</bind>
</comp>

<comp id="312" class="1004" name="grp_warpTransform_Loop_4_fu_312">
<pin_list>
<pin id="313" dir="0" index="0" bw="0" slack="0"/>
<pin id="314" dir="0" index="1" bw="12" slack="5"/>
<pin id="315" dir="0" index="2" bw="12" slack="5"/>
<pin id="316" dir="0" index="3" bw="8" slack="5"/>
<pin id="317" dir="0" index="4" bw="8" slack="0"/>
<pin id="318" dir="1" index="5" bw="0" slack="2147483647"/>
</pin_list>
<bind>
<opcode="call(48) " fcode="call"/>
<opset="StgValue_20/6 "/>
</bind>
</comp>

<comp id="321" class="1004" name="StgValue_15_warpTransform_Block_1_fu_321">
<pin_list>
<pin id="322" dir="0" index="0" bw="0" slack="0"/>
<pin id="323" dir="0" index="1" bw="12" slack="0"/>
<pin id="324" dir="0" index="2" bw="12" slack="0"/>
<pin id="325" dir="0" index="3" bw="12" slack="0"/>
<pin id="326" dir="0" index="4" bw="12" slack="0"/>
<pin id="327" dir="0" index="5" bw="12" slack="0"/>
<pin id="328" dir="0" index="6" bw="12" slack="0"/>
<pin id="329" dir="0" index="7" bw="12" slack="0"/>
<pin id="330" dir="0" index="8" bw="12" slack="0"/>
<pin id="331" dir="0" index="9" bw="12" slack="0"/>
<pin id="332" dir="0" index="10" bw="12" slack="0"/>
<pin id="333" dir="1" index="11" bw="0" slack="2147483647"/>
</pin_list>
<bind>
<opcode="call(48) " fcode="call"/>
<opset="StgValue_15/1 "/>
</bind>
</comp>

<comp id="341" class="1005" name="p_src_mat_cols_load33_reg_341">
<pin_list>
<pin id="342" dir="0" index="0" bw="12" slack="1"/>
<pin id="343" dir="1" index="1" bw="12" slack="1"/>
</pin_list>
<bind>
<opset="p_src_mat_cols_load33 "/>
</bind>
</comp>

<comp id="347" class="1005" name="p_dst_mat_cols_c_i_reg_347">
<pin_list>
<pin id="348" dir="0" index="0" bw="12" slack="0"/>
<pin id="349" dir="1" index="1" bw="12" slack="0"/>
</pin_list>
<bind>
<opset="p_dst_mat_cols_c_i "/>
</bind>
</comp>

<comp id="353" class="1005" name="p_dst_mat_rows_c_i_reg_353">
<pin_list>
<pin id="354" dir="0" index="0" bw="12" slack="0"/>
<pin id="355" dir="1" index="1" bw="12" slack="0"/>
</pin_list>
<bind>
<opset="p_dst_mat_rows_c_i "/>
</bind>
</comp>

<comp id="359" class="1005" name="p_src_mat_rows_c_i_reg_359">
<pin_list>
<pin id="360" dir="0" index="0" bw="12" slack="0"/>
<pin id="361" dir="1" index="1" bw="12" slack="0"/>
</pin_list>
<bind>
<opset="p_src_mat_rows_c_i "/>
</bind>
</comp>

<comp id="365" class="1005" name="p_src_mat_cols_load33_1_reg_365">
<pin_list>
<pin id="366" dir="0" index="0" bw="12" slack="0"/>
<pin id="367" dir="1" index="1" bw="12" slack="0"/>
</pin_list>
<bind>
<opset="p_src_mat_cols_load33_1 "/>
</bind>
</comp>

<comp id="371" class="1005" name="in_stream_V_V_reg_371">
<pin_list>
<pin id="372" dir="0" index="0" bw="8" slack="1"/>
<pin id="373" dir="1" index="1" bw="8" slack="1"/>
</pin_list>
<bind>
<opset="in_stream_V_V "/>
</bind>
</comp>

<comp id="377" class="1005" name="out_stream_V_V_reg_377">
<pin_list>
<pin id="378" dir="0" index="0" bw="8" slack="3"/>
<pin id="379" dir="1" index="1" bw="8" slack="3"/>
</pin_list>
<bind>
<opset="out_stream_V_V "/>
</bind>
</comp>

<comp id="383" class="1005" name="p_src_mat_rows_load_reg_383">
<pin_list>
<pin id="384" dir="0" index="0" bw="12" slack="1"/>
<pin id="385" dir="1" index="1" bw="12" slack="1"/>
</pin_list>
<bind>
<opset="p_src_mat_rows_load "/>
</bind>
</comp>

</comp_list>

<net_list>
<net id="261"><net_src comp="24" pin="0"/><net_sink comp="258" pin=0"/></net>

<net id="265"><net_src comp="24" pin="0"/><net_sink comp="262" pin=0"/></net>

<net id="269"><net_src comp="24" pin="0"/><net_sink comp="266" pin=0"/></net>

<net id="273"><net_src comp="24" pin="0"/><net_sink comp="270" pin=0"/></net>

<net id="277"><net_src comp="24" pin="0"/><net_sink comp="274" pin=0"/></net>

<net id="281"><net_src comp="24" pin="0"/><net_sink comp="278" pin=0"/></net>

<net id="285"><net_src comp="24" pin="0"/><net_sink comp="282" pin=0"/></net>

<net id="297"><net_src comp="30" pin="0"/><net_sink comp="286" pin=0"/></net>

<net id="298"><net_src comp="12" pin="0"/><net_sink comp="286" pin=1"/></net>

<net id="299"><net_src comp="18" pin="0"/><net_sink comp="286" pin=6"/></net>

<net id="300"><net_src comp="20" pin="0"/><net_sink comp="286" pin=7"/></net>

<net id="301"><net_src comp="22" pin="0"/><net_sink comp="286" pin=8"/></net>

<net id="310"><net_src comp="28" pin="0"/><net_sink comp="302" pin=0"/></net>

<net id="311"><net_src comp="4" pin="0"/><net_sink comp="302" pin=3"/></net>

<net id="319"><net_src comp="32" pin="0"/><net_sink comp="312" pin=0"/></net>

<net id="320"><net_src comp="10" pin="0"/><net_sink comp="312" pin=4"/></net>

<net id="334"><net_src comp="26" pin="0"/><net_sink comp="321" pin=0"/></net>

<net id="335"><net_src comp="8" pin="0"/><net_sink comp="321" pin=1"/></net>

<net id="336"><net_src comp="16" pin="0"/><net_sink comp="321" pin=2"/></net>

<net id="337"><net_src comp="6" pin="0"/><net_sink comp="321" pin=3"/></net>

<net id="338"><net_src comp="14" pin="0"/><net_sink comp="321" pin=4"/></net>

<net id="339"><net_src comp="2" pin="0"/><net_sink comp="321" pin=5"/></net>

<net id="340"><net_src comp="0" pin="0"/><net_sink comp="321" pin=6"/></net>

<net id="344"><net_src comp="258" pin="1"/><net_sink comp="341" pin=0"/></net>

<net id="345"><net_src comp="341" pin="1"/><net_sink comp="302" pin=5"/></net>

<net id="346"><net_src comp="341" pin="1"/><net_sink comp="286" pin=3"/></net>

<net id="350"><net_src comp="262" pin="1"/><net_sink comp="347" pin=0"/></net>

<net id="351"><net_src comp="347" pin="1"/><net_sink comp="321" pin=10"/></net>

<net id="352"><net_src comp="347" pin="1"/><net_sink comp="312" pin=2"/></net>

<net id="356"><net_src comp="266" pin="1"/><net_sink comp="353" pin=0"/></net>

<net id="357"><net_src comp="353" pin="1"/><net_sink comp="321" pin=9"/></net>

<net id="358"><net_src comp="353" pin="1"/><net_sink comp="312" pin=1"/></net>

<net id="362"><net_src comp="270" pin="1"/><net_sink comp="359" pin=0"/></net>

<net id="363"><net_src comp="359" pin="1"/><net_sink comp="321" pin=8"/></net>

<net id="364"><net_src comp="359" pin="1"/><net_sink comp="302" pin=1"/></net>

<net id="368"><net_src comp="274" pin="1"/><net_sink comp="365" pin=0"/></net>

<net id="369"><net_src comp="365" pin="1"/><net_sink comp="321" pin=7"/></net>

<net id="370"><net_src comp="365" pin="1"/><net_sink comp="302" pin=2"/></net>

<net id="374"><net_src comp="278" pin="1"/><net_sink comp="371" pin=0"/></net>

<net id="375"><net_src comp="371" pin="1"/><net_sink comp="302" pin=4"/></net>

<net id="376"><net_src comp="371" pin="1"/><net_sink comp="286" pin=4"/></net>

<net id="380"><net_src comp="282" pin="1"/><net_sink comp="377" pin=0"/></net>

<net id="381"><net_src comp="377" pin="1"/><net_sink comp="286" pin=5"/></net>

<net id="382"><net_src comp="377" pin="1"/><net_sink comp="312" pin=3"/></net>

<net id="386"><net_src comp="302" pin="6"/><net_sink comp="383" pin=0"/></net>

<net id="387"><net_src comp="383" pin="1"/><net_sink comp="286" pin=2"/></net>

</net_list>

</model> 
---------------- Datapath Model END ------------------

* FSMD analyzer results:
  - Output states:
	Port: p_dst_mat_data_V | {6 7 }
	Port: p_dst_mat_rows_out | {1 }
	Port: p_dst_mat_cols_out | {1 }
 - Input state : 
	Port: warpTransform : p_src_mat_rows | {1 }
	Port: warpTransform : p_src_mat_cols | {1 }
	Port: warpTransform : p_src_mat_data_V | {2 3 }
	Port: warpTransform : p_dst_mat_rows | {1 }
	Port: warpTransform : p_dst_mat_cols | {1 }
	Port: warpTransform : P_matrix | {4 5 }
	Port: warpTransform : mask_table3 | {4 5 }
	Port: warpTransform : one_half_table4 | {4 5 }
	Port: warpTransform : mask_table1 | {4 5 }
  - Chain level:
	State 1
		StgValue_15 : 1
	State 2
	State 3
	State 4
	State 5
	State 6
	State 7


============================================================
+ Verbose Summary: Datapath Resource usage 
============================================================

* Functional unit list:
|----------|------------------------------------------|---------|---------|---------|---------|---------|
| Operation|              Functional Unit             |   BRAM  |  DSP48E |  Delay  |    FF   |   LUT   |
|----------|------------------------------------------|---------|---------|---------|---------|---------|
|          |     grp_warpTransform_Block_s_fu_286     |   100   |    53   | 217.953 |  11480  |  19219  |
|   call   |      grp_warpTransform_Loop_1_fu_302     |    0    |    1    |    0    |    97   |    49   |
|          |      grp_warpTransform_Loop_4_fu_312     |    0    |    1    |    0    |    97   |    49   |
|          | StgValue_15_warpTransform_Block_1_fu_321 |    0    |    0    |    0    |    0    |    0    |
|----------|------------------------------------------|---------|---------|---------|---------|---------|
|   Total  |                                          |   100   |    55   | 217.953 |  11674  |  19317  |
|----------|------------------------------------------|---------|---------|---------|---------|---------|

Memories:
N/A

* Register list:
+-------------------------------+--------+
|                               |   FF   |
+-------------------------------+--------+
|     in_stream_V_V_reg_371     |    8   |
|     out_stream_V_V_reg_377    |    8   |
|   p_dst_mat_cols_c_i_reg_347  |   12   |
|   p_dst_mat_rows_c_i_reg_353  |   12   |
|p_src_mat_cols_load33_1_reg_365|   12   |
| p_src_mat_cols_load33_reg_341 |   12   |
|   p_src_mat_rows_c_i_reg_359  |   12   |
|  p_src_mat_rows_load_reg_383  |   12   |
+-------------------------------+--------+
|             Total             |   88   |
+-------------------------------+--------+

* Multiplexer (MUX) list: 
|--------|------|------|------|--------|
|  Comp  |  Pin | Size |  BW  | S x BW |
|--------|------|------|------|--------|
|  Total |      |      |      |    0   |
|--------|------|------|------|--------|



* Summary:
+-----------+--------+--------+--------+--------+--------+
|           |  BRAM  | DSP48E |  Delay |   FF   |   LUT  |
+-----------+--------+--------+--------+--------+--------+
|  Function |   100  |   55   |   217  |  11674 |  19317 |
|   Memory  |    -   |    -   |    -   |    -   |    -   |
|Multiplexer|    -   |    -   |    -   |    -   |    -   |
|  Register |    -   |    -   |    -   |   88   |    -   |
+-----------+--------+--------+--------+--------+--------+
|   Total   |   100  |   55   |   217  |  11762 |  19317 |
+-----------+--------+--------+--------+--------+--------+
