

================================================================
== Vivado HLS Report for 'warpTransform_Block_1'
================================================================
* Date:           Fri Jul 31 10:42:15 2020

* Version:        2018.3 (Build 2405991 on Thu Dec 06 23:56:15 MST 2018)
* Project:        warpPerpective
* Solution:       FullHD_solution
* Product family: zynq
* Target device:  xc7z020clg484-1


================================================================
== Performance Estimates
================================================================
+ Timing (ns): 
    * Summary: 
    +--------+-------+----------+------------+
    |  Clock | Target| Estimated| Uncertainty|
    +--------+-------+----------+------------+
    |ap_clk  |  10.00|     7.268|        1.25|
    +--------+-------+----------+------------+

+ Latency (clock cycles): 
    * Summary: 
    +-----+-----+-----+-----+---------+
    |  Latency  |  Interval | Pipeline|
    | min | max | min | max |   Type  |
    +-----+-----+-----+-----+---------+
    |    0|    0|    0|    0|   none  |
    +-----+-----+-----+-----+---------+

    + Detail: 
        * Instance: 
        N/A

        * Loop: 
        N/A



================================================================
== Utilization Estimates
================================================================
* Summary: 
+-----------------+---------+-------+--------+-------+
|       Name      | BRAM_18K| DSP48E|   FF   |  LUT  |
+-----------------+---------+-------+--------+-------+
|DSP              |        -|      -|       -|      -|
|Expression       |        -|      -|       0|      2|
|FIFO             |        -|      -|       -|      -|
|Instance         |        -|      -|       -|      -|
|Memory           |        -|      -|       -|      -|
|Multiplexer      |        -|      -|       -|    108|
|Register         |        -|      -|       3|      -|
+-----------------+---------+-------+--------+-------+
|Total            |        0|      0|       3|    110|
+-----------------+---------+-------+--------+-------+
|Available        |      280|    220|  106400|  53200|
+-----------------+---------+-------+--------+-------+
|Utilization (%)  |        0|      0|   ~0   |   ~0  |
+-----------------+---------+-------+--------+-------+

+ Detail: 
    * Instance: 
    N/A

    * DSP48: 
    N/A

    * Memory: 
    N/A

    * FIFO: 
    N/A

    * Expression: 
    +-----------------+----------+-------+---+----+------------+------------+
    |  Variable Name  | Operation| DSP48E| FF| LUT| Bitwidth P0| Bitwidth P1|
    +-----------------+----------+-------+---+----+------------+------------+
    |ap_block_state1  |    or    |      0|  0|   2|           1|           1|
    +-----------------+----------+-------+---+----+------------+------------+
    |Total            |          |      0|  0|   2|           1|           1|
    +-----------------+----------+-------+---+----+------------+------------+

    * Multiplexer: 
    +--------------------------------------+----+-----------+-----+-----------+
    |                 Name                 | LUT| Input Size| Bits| Total Bits|
    +--------------------------------------+----+-----------+-----+-----------+
    |ap_done                               |   9|          2|    1|          2|
    |p_dst_mat_cols_c_i_blk_n              |   9|          2|    1|          2|
    |p_dst_mat_cols_out_blk_n              |   9|          2|    1|          2|
    |p_dst_mat_rows_c_i_blk_n              |   9|          2|    1|          2|
    |p_dst_mat_rows_out_blk_n              |   9|          2|    1|          2|
    |p_src_mat_cols_blk_n                  |   9|          2|    1|          2|
    |p_src_mat_cols_load337_loc_c_i_blk_n  |   9|          2|    1|          2|
    |p_src_mat_rows_blk_n                  |   9|          2|    1|          2|
    |p_src_mat_rows_c_i_blk_n              |   9|          2|    1|          2|
    |real_start                            |   9|          2|    1|          2|
    |scalar_dst_mat_cols_blk_n             |   9|          2|    1|          2|
    |scalar_dst_mat_rows_blk_n             |   9|          2|    1|          2|
    +--------------------------------------+----+-----------+-----+-----------+
    |Total                                 | 108|         24|   12|         24|
    +--------------------------------------+----+-----------+-----+-----------+

    * Register: 
    +----------------+---+----+-----+-----------+
    |      Name      | FF| LUT| Bits| Const Bits|
    +----------------+---+----+-----+-----------+
    |ap_CS_fsm       |  1|   0|    1|          0|
    |ap_done_reg     |  1|   0|    1|          0|
    |start_once_reg  |  1|   0|    1|          0|
    +----------------+---+----+-----+-----------+
    |Total           |  3|   0|    3|          0|
    +----------------+---+----+-----+-----------+



================================================================
== Interface
================================================================
* Summary: 
+---------------------------------------+-----+-----+------------+--------------------------------+--------------+
|               RTL Ports               | Dir | Bits|  Protocol  |          Source Object         |    C Type    |
+---------------------------------------+-----+-----+------------+--------------------------------+--------------+
|ap_clk                                 |  in |    1| ap_ctrl_hs |     warpTransform_Block_.1     | return value |
|ap_rst                                 |  in |    1| ap_ctrl_hs |     warpTransform_Block_.1     | return value |
|ap_start                               |  in |    1| ap_ctrl_hs |     warpTransform_Block_.1     | return value |
|start_full_n                           |  in |    1| ap_ctrl_hs |     warpTransform_Block_.1     | return value |
|ap_done                                | out |    1| ap_ctrl_hs |     warpTransform_Block_.1     | return value |
|ap_continue                            |  in |    1| ap_ctrl_hs |     warpTransform_Block_.1     | return value |
|ap_idle                                | out |    1| ap_ctrl_hs |     warpTransform_Block_.1     | return value |
|ap_ready                               | out |    1| ap_ctrl_hs |     warpTransform_Block_.1     | return value |
|start_out                              | out |    1| ap_ctrl_hs |     warpTransform_Block_.1     | return value |
|start_write                            | out |    1| ap_ctrl_hs |     warpTransform_Block_.1     | return value |
|scalar_dst_mat_cols_dout               |  in |   12|   ap_fifo  |       scalar_dst_mat_cols      |    pointer   |
|scalar_dst_mat_cols_empty_n            |  in |    1|   ap_fifo  |       scalar_dst_mat_cols      |    pointer   |
|scalar_dst_mat_cols_read               | out |    1|   ap_fifo  |       scalar_dst_mat_cols      |    pointer   |
|p_dst_mat_cols_out_din                 | out |   12|   ap_fifo  |       p_dst_mat_cols_out       |    pointer   |
|p_dst_mat_cols_out_full_n              |  in |    1|   ap_fifo  |       p_dst_mat_cols_out       |    pointer   |
|p_dst_mat_cols_out_write               | out |    1|   ap_fifo  |       p_dst_mat_cols_out       |    pointer   |
|scalar_dst_mat_rows_dout               |  in |   12|   ap_fifo  |       scalar_dst_mat_rows      |    pointer   |
|scalar_dst_mat_rows_empty_n            |  in |    1|   ap_fifo  |       scalar_dst_mat_rows      |    pointer   |
|scalar_dst_mat_rows_read               | out |    1|   ap_fifo  |       scalar_dst_mat_rows      |    pointer   |
|p_dst_mat_rows_out_din                 | out |   12|   ap_fifo  |       p_dst_mat_rows_out       |    pointer   |
|p_dst_mat_rows_out_full_n              |  in |    1|   ap_fifo  |       p_dst_mat_rows_out       |    pointer   |
|p_dst_mat_rows_out_write               | out |    1|   ap_fifo  |       p_dst_mat_rows_out       |    pointer   |
|p_src_mat_cols_dout                    |  in |   12|   ap_fifo  |         p_src_mat_cols         |    pointer   |
|p_src_mat_cols_empty_n                 |  in |    1|   ap_fifo  |         p_src_mat_cols         |    pointer   |
|p_src_mat_cols_read                    | out |    1|   ap_fifo  |         p_src_mat_cols         |    pointer   |
|p_src_mat_rows_dout                    |  in |   12|   ap_fifo  |         p_src_mat_rows         |    pointer   |
|p_src_mat_rows_empty_n                 |  in |    1|   ap_fifo  |         p_src_mat_rows         |    pointer   |
|p_src_mat_rows_read                    | out |    1|   ap_fifo  |         p_src_mat_rows         |    pointer   |
|p_src_mat_cols_load337_loc_c_i_din     | out |   12|   ap_fifo  | p_src_mat_cols_load337_loc_c_i |    pointer   |
|p_src_mat_cols_load337_loc_c_i_full_n  |  in |    1|   ap_fifo  | p_src_mat_cols_load337_loc_c_i |    pointer   |
|p_src_mat_cols_load337_loc_c_i_write   | out |    1|   ap_fifo  | p_src_mat_cols_load337_loc_c_i |    pointer   |
|p_src_mat_rows_c_i_din                 | out |   12|   ap_fifo  |       p_src_mat_rows_c_i       |    pointer   |
|p_src_mat_rows_c_i_full_n              |  in |    1|   ap_fifo  |       p_src_mat_rows_c_i       |    pointer   |
|p_src_mat_rows_c_i_write               | out |    1|   ap_fifo  |       p_src_mat_rows_c_i       |    pointer   |
|p_dst_mat_rows_c_i_din                 | out |   12|   ap_fifo  |       p_dst_mat_rows_c_i       |    pointer   |
|p_dst_mat_rows_c_i_full_n              |  in |    1|   ap_fifo  |       p_dst_mat_rows_c_i       |    pointer   |
|p_dst_mat_rows_c_i_write               | out |    1|   ap_fifo  |       p_dst_mat_rows_c_i       |    pointer   |
|p_dst_mat_cols_c_i_din                 | out |   12|   ap_fifo  |       p_dst_mat_cols_c_i       |    pointer   |
|p_dst_mat_cols_c_i_full_n              |  in |    1|   ap_fifo  |       p_dst_mat_cols_c_i       |    pointer   |
|p_dst_mat_cols_c_i_write               | out |    1|   ap_fifo  |       p_dst_mat_cols_c_i       |    pointer   |
+---------------------------------------+-----+-----+------------+--------------------------------+--------------+

============================================================
+ Verbose Summary: Synthesis Manager
============================================================
InlineROM: 1
ExposeGlobal: 0
============================================================
+ Verbose Summary: CDFG Model
============================================================
IsTopModel: 0
ResetActiveHigh: 1
IsCombinational: 2
IsDatapathOnly: 0
HasWiredReturn: 1
HasMFsm: 0
HasVarLatency: 0
IsPipeline: 0
IsRtlPipelined: 0
IsInstanceOverlapped: 0
IsDontTouch: 0
HasImplIP: 0
IsGatedGlobalClock: 0


============================================================
+ Verbose Summary: Schedule
============================================================
* Number of FSM states : 1
* Pipeline : 0
* Dataflow Pipeline: 0

* FSM state transitions: 
1 --> 

* FSM state operations: 

State 1 <SV = 0> <Delay = 7.26>
ST_1 : Operation 2 [1/1] (0.00ns)   --->   "call void (...)* @_ssdm_op_SpecInterface(i12* %p_src_mat_cols, [8 x i8]* @ap_fifo_str, i32 0, i32 0, [1 x i8]* @p_str301, i32 0, i32 0, [1 x i8]* @p_str302, [1 x i8]* @p_str303, [1 x i8]* @p_str304, i32 2, i32 2, i32 16, i32 16, [1 x i8]* @p_str305, [11 x i8]* @ScalarProp_str)"   --->   Operation 2 'specinterface' <Predicate = true> <Delay = 0.00>
ST_1 : Operation 3 [1/1] (0.00ns)   --->   "call void (...)* @_ssdm_op_SpecInterface(i12* %p_src_mat_rows, [8 x i8]* @ap_fifo_str, i32 0, i32 0, [1 x i8]* @p_str296, i32 0, i32 0, [1 x i8]* @p_str297, [1 x i8]* @p_str298, [1 x i8]* @p_str299, i32 2, i32 2, i32 16, i32 16, [1 x i8]* @p_str300, [11 x i8]* @ScalarProp_str)"   --->   Operation 3 'specinterface' <Predicate = true> <Delay = 0.00>
ST_1 : Operation 4 [1/1] (0.00ns)   --->   "call void (...)* @_ssdm_op_SpecInterface(i12* %p_dst_mat_cols_out, [8 x i8]* @ap_fifo_str, i32 0, i32 0, [1 x i8]* @p_str321, i32 0, i32 0, [1 x i8]* @p_str322, [1 x i8]* @p_str323, [1 x i8]* @p_str324, i32 2, i32 2, i32 16, i32 16, [1 x i8]* @p_str325, [11 x i8]* @ScalarProp_str)"   --->   Operation 4 'specinterface' <Predicate = true> <Delay = 0.00>
ST_1 : Operation 5 [1/1] (0.00ns)   --->   "call void (...)* @_ssdm_op_SpecInterface(i12* %p_dst_mat_cols_out, [8 x i8]* @ap_fifo_str, i32 0, i32 0, [1 x i8]* @p_str321, i32 0, i32 0, [1 x i8]* @p_str322, [1 x i8]* @p_str323, [1 x i8]* @p_str324, i32 2, i32 2, i32 16, i32 16, [1 x i8]* @p_str325, [11 x i8]* @ScalarProp_str)"   --->   Operation 5 'specinterface' <Predicate = true> <Delay = 0.00>
ST_1 : Operation 6 [1/1] (0.00ns)   --->   "call void (...)* @_ssdm_op_SpecInterface(i12* %p_dst_mat_rows_out, [8 x i8]* @ap_fifo_str, i32 0, i32 0, [1 x i8]* @p_str343, i32 0, i32 0, [1 x i8]* @p_str344, [1 x i8]* @p_str345, [1 x i8]* @p_str346, i32 2, i32 2, i32 16, i32 16, [1 x i8]* @p_str347, [11 x i8]* @ScalarProp_str)"   --->   Operation 6 'specinterface' <Predicate = true> <Delay = 0.00>
ST_1 : Operation 7 [1/1] (0.00ns)   --->   "call void (...)* @_ssdm_op_SpecInterface(i12* %p_dst_mat_rows_out, [8 x i8]* @ap_fifo_str, i32 0, i32 0, [1 x i8]* @p_str343, i32 0, i32 0, [1 x i8]* @p_str344, [1 x i8]* @p_str345, [1 x i8]* @p_str346, i32 2, i32 2, i32 16, i32 16, [1 x i8]* @p_str347, [11 x i8]* @ScalarProp_str)"   --->   Operation 7 'specinterface' <Predicate = true> <Delay = 0.00>
ST_1 : Operation 8 [1/1] (0.00ns)   --->   "call void (...)* @_ssdm_op_SpecInterface(i12* %p_src_mat_cols_load337_loc_c_i, [8 x i8]* @ap_fifo_str, i32 0, i32 0, [1 x i8]* @p_str118, i32 0, i32 0, [1 x i8]* @p_str119, [1 x i8]* @p_str120, [1 x i8]* @p_str121, i32 2, i32 2, i32 16, i32 16, [1 x i8]* @p_str122, [1 x i8]* @p_str123)"   --->   Operation 8 'specinterface' <Predicate = true> <Delay = 0.00>
ST_1 : Operation 9 [1/1] (0.00ns)   --->   "call void (...)* @_ssdm_op_SpecInterface(i12* %p_src_mat_cols_load337_loc_c_i, [8 x i8]* @ap_fifo_str, i32 0, i32 0, [1 x i8]* @p_str118, i32 0, i32 0, [1 x i8]* @p_str119, [1 x i8]* @p_str120, [1 x i8]* @p_str121, i32 2, i32 2, i32 16, i32 16, [1 x i8]* @p_str122, [1 x i8]* @p_str123)"   --->   Operation 9 'specinterface' <Predicate = true> <Delay = 0.00>
ST_1 : Operation 10 [1/1] (0.00ns)   --->   "call void (...)* @_ssdm_op_SpecInterface(i12* %p_src_mat_rows_c_i, [8 x i8]* @ap_fifo_str, i32 0, i32 0, [1 x i8]* @p_str124, i32 0, i32 0, [1 x i8]* @p_str125, [1 x i8]* @p_str126, [1 x i8]* @p_str127, i32 2, i32 2, i32 16, i32 16, [1 x i8]* @p_str128, [11 x i8]* @ScalarProp_str)"   --->   Operation 10 'specinterface' <Predicate = true> <Delay = 0.00>
ST_1 : Operation 11 [1/1] (0.00ns)   --->   "call void (...)* @_ssdm_op_SpecInterface(i12* %p_src_mat_rows_c_i, [8 x i8]* @ap_fifo_str, i32 0, i32 0, [1 x i8]* @p_str124, i32 0, i32 0, [1 x i8]* @p_str125, [1 x i8]* @p_str126, [1 x i8]* @p_str127, i32 2, i32 2, i32 16, i32 16, [1 x i8]* @p_str128, [11 x i8]* @ScalarProp_str)"   --->   Operation 11 'specinterface' <Predicate = true> <Delay = 0.00>
ST_1 : Operation 12 [1/1] (0.00ns)   --->   "call void (...)* @_ssdm_op_SpecInterface(i12* %p_dst_mat_rows_c_i, [8 x i8]* @ap_fifo_str, i32 0, i32 0, [1 x i8]* @p_str129, i32 0, i32 0, [1 x i8]* @p_str130, [1 x i8]* @p_str131, [1 x i8]* @p_str132, i32 2, i32 2, i32 16, i32 16, [1 x i8]* @p_str133, [11 x i8]* @ScalarProp_str)"   --->   Operation 12 'specinterface' <Predicate = true> <Delay = 0.00>
ST_1 : Operation 13 [1/1] (0.00ns)   --->   "call void (...)* @_ssdm_op_SpecInterface(i12* %p_dst_mat_rows_c_i, [8 x i8]* @ap_fifo_str, i32 0, i32 0, [1 x i8]* @p_str129, i32 0, i32 0, [1 x i8]* @p_str130, [1 x i8]* @p_str131, [1 x i8]* @p_str132, i32 2, i32 2, i32 16, i32 16, [1 x i8]* @p_str133, [11 x i8]* @ScalarProp_str)"   --->   Operation 13 'specinterface' <Predicate = true> <Delay = 0.00>
ST_1 : Operation 14 [1/1] (0.00ns)   --->   "call void (...)* @_ssdm_op_SpecInterface(i12* %p_dst_mat_cols_c_i, [8 x i8]* @ap_fifo_str, i32 0, i32 0, [1 x i8]* @p_str134, i32 0, i32 0, [1 x i8]* @p_str135, [1 x i8]* @p_str136, [1 x i8]* @p_str137, i32 2, i32 2, i32 16, i32 16, [1 x i8]* @p_str138, [11 x i8]* @ScalarProp_str)"   --->   Operation 14 'specinterface' <Predicate = true> <Delay = 0.00>
ST_1 : Operation 15 [1/1] (0.00ns)   --->   "call void (...)* @_ssdm_op_SpecInterface(i12* %p_dst_mat_cols_c_i, [8 x i8]* @ap_fifo_str, i32 0, i32 0, [1 x i8]* @p_str134, i32 0, i32 0, [1 x i8]* @p_str135, [1 x i8]* @p_str136, [1 x i8]* @p_str137, i32 2, i32 2, i32 16, i32 16, [1 x i8]* @p_str138, [11 x i8]* @ScalarProp_str)"   --->   Operation 15 'specinterface' <Predicate = true> <Delay = 0.00>
ST_1 : Operation 16 [1/1] (0.00ns)   --->   "call void (...)* @_ssdm_op_SpecInterface(i12* %scalar_dst_mat_rows, [8 x i8]* @ap_fifo_str, i32 0, i32 0, [1 x i8]* @p_str306, i32 0, i32 0, [1 x i8]* @p_str307, [1 x i8]* @p_str308, [1 x i8]* @p_str309, i32 2, i32 2, i32 16, i32 16, [1 x i8]* @p_str310, [11 x i8]* @ScalarProp_str)"   --->   Operation 16 'specinterface' <Predicate = true> <Delay = 0.00>
ST_1 : Operation 17 [1/1] (0.00ns)   --->   "call void (...)* @_ssdm_op_SpecInterface(i12* %scalar_dst_mat_cols, [8 x i8]* @ap_fifo_str, i32 0, i32 0, [1 x i8]* @p_str311, i32 0, i32 0, [1 x i8]* @p_str312, [1 x i8]* @p_str313, [1 x i8]* @p_str314, i32 2, i32 2, i32 16, i32 16, [1 x i8]* @p_str315, [11 x i8]* @ScalarProp_str)"   --->   Operation 17 'specinterface' <Predicate = true> <Delay = 0.00>
ST_1 : Operation 18 [1/1] (3.63ns)   --->   "%scalar_dst_mat_cols_1 = call i12 @_ssdm_op_Read.ap_fifo.i12P(i12* %scalar_dst_mat_cols)"   --->   Operation 18 'read' 'scalar_dst_mat_cols_1' <Predicate = true> <Delay = 3.63> <Core = "FIFO">   --->   Core 32 'FIFO' <Latency = 0> <II = 1> <Delay = 3.63> <Storage> <Opcode : 'read' 'write' 'nbread' 'nbwrite'> <Ports = 0> <Width = 12> <Depth = 2> <FIFO>
ST_1 : Operation 19 [1/1] (3.63ns)   --->   "%scalar_dst_mat_rows_1 = call i12 @_ssdm_op_Read.ap_fifo.i12P(i12* %scalar_dst_mat_rows)"   --->   Operation 19 'read' 'scalar_dst_mat_rows_1' <Predicate = true> <Delay = 3.63> <Core = "FIFO">   --->   Core 32 'FIFO' <Latency = 0> <II = 1> <Delay = 3.63> <Storage> <Opcode : 'read' 'write' 'nbread' 'nbwrite'> <Ports = 0> <Width = 12> <Depth = 2> <FIFO>
ST_1 : Operation 20 [1/1] (0.00ns)   --->   "call void (...)* @_ssdm_op_SpecInterface(i12* %p_src_mat_cols_load337_loc_c_i, [8 x i8]* @ap_fifo_str, i32 0, i32 0, [1 x i8]* @p_str118, i32 0, i32 0, [1 x i8]* @p_str119, [1 x i8]* @p_str120, [1 x i8]* @p_str121, i32 2, i32 2, i32 16, i32 16, [1 x i8]* @p_str122, [1 x i8]* @p_str123)"   --->   Operation 20 'specinterface' <Predicate = true> <Delay = 0.00>
ST_1 : Operation 21 [1/1] (0.00ns)   --->   "call void (...)* @_ssdm_op_SpecInterface(i12* %p_src_mat_rows_c_i, [8 x i8]* @ap_fifo_str, i32 0, i32 0, [1 x i8]* @p_str124, i32 0, i32 0, [1 x i8]* @p_str125, [1 x i8]* @p_str126, [1 x i8]* @p_str127, i32 2, i32 2, i32 16, i32 16, [1 x i8]* @p_str128, [11 x i8]* @ScalarProp_str)"   --->   Operation 21 'specinterface' <Predicate = true> <Delay = 0.00>
ST_1 : Operation 22 [1/1] (0.00ns)   --->   "call void (...)* @_ssdm_op_SpecInterface(i12* %p_dst_mat_rows_c_i, [8 x i8]* @ap_fifo_str, i32 0, i32 0, [1 x i8]* @p_str129, i32 0, i32 0, [1 x i8]* @p_str130, [1 x i8]* @p_str131, [1 x i8]* @p_str132, i32 2, i32 2, i32 16, i32 16, [1 x i8]* @p_str133, [11 x i8]* @ScalarProp_str)"   --->   Operation 22 'specinterface' <Predicate = true> <Delay = 0.00>
ST_1 : Operation 23 [1/1] (0.00ns)   --->   "call void (...)* @_ssdm_op_SpecInterface(i12* %p_dst_mat_cols_c_i, [8 x i8]* @ap_fifo_str, i32 0, i32 0, [1 x i8]* @p_str134, i32 0, i32 0, [1 x i8]* @p_str135, [1 x i8]* @p_str136, [1 x i8]* @p_str137, i32 2, i32 2, i32 16, i32 16, [1 x i8]* @p_str138, [11 x i8]* @ScalarProp_str)"   --->   Operation 23 'specinterface' <Predicate = true> <Delay = 0.00>
ST_1 : Operation 24 [1/1] (0.00ns)   --->   "call void (...)* @_ssdm_op_SpecInterface(i12* %p_dst_mat_rows_out, [8 x i8]* @ap_fifo_str, i32 0, i32 0, [1 x i8]* @p_str343, i32 0, i32 0, [1 x i8]* @p_str344, [1 x i8]* @p_str345, [1 x i8]* @p_str346, i32 2, i32 2, i32 16, i32 16, [1 x i8]* @p_str347, [11 x i8]* @ScalarProp_str)"   --->   Operation 24 'specinterface' <Predicate = true> <Delay = 0.00>
ST_1 : Operation 25 [1/1] (0.00ns)   --->   "call void (...)* @_ssdm_op_SpecInterface(i12* %p_dst_mat_cols_out, [8 x i8]* @ap_fifo_str, i32 0, i32 0, [1 x i8]* @p_str321, i32 0, i32 0, [1 x i8]* @p_str322, [1 x i8]* @p_str323, [1 x i8]* @p_str324, i32 2, i32 2, i32 16, i32 16, [1 x i8]* @p_str325, [11 x i8]* @ScalarProp_str)"   --->   Operation 25 'specinterface' <Predicate = true> <Delay = 0.00>
ST_1 : Operation 26 [1/1] (0.00ns)   --->   "call void (...)* @_ssdm_op_SpecInterface(i12* %p_dst_mat_cols_out, [8 x i8]* @ap_fifo_str, i32 0, i32 0, [1 x i8]* @p_str321, i32 0, i32 0, [1 x i8]* @p_str322, [1 x i8]* @p_str323, [1 x i8]* @p_str324, i32 2, i32 2, i32 16, i32 16, [1 x i8]* @p_str325, [11 x i8]* @ScalarProp_str)"   --->   Operation 26 'specinterface' <Predicate = true> <Delay = 0.00>
ST_1 : Operation 27 [1/1] (3.63ns)   --->   "call void @_ssdm_op_Write.ap_fifo.i12P(i12* %p_dst_mat_cols_out, i12 %scalar_dst_mat_cols_1)"   --->   Operation 27 'write' <Predicate = true> <Delay = 3.63> <Core = "FIFO">   --->   Core 32 'FIFO' <Latency = 0> <II = 1> <Delay = 3.63> <Storage> <Opcode : 'read' 'write' 'nbread' 'nbwrite'> <Ports = 0> <Width = 12> <Depth = 2> <FIFO>
ST_1 : Operation 28 [1/1] (0.00ns)   --->   "call void (...)* @_ssdm_op_SpecInterface(i12* %p_dst_mat_rows_out, [8 x i8]* @ap_fifo_str, i32 0, i32 0, [1 x i8]* @p_str343, i32 0, i32 0, [1 x i8]* @p_str344, [1 x i8]* @p_str345, [1 x i8]* @p_str346, i32 2, i32 2, i32 16, i32 16, [1 x i8]* @p_str347, [11 x i8]* @ScalarProp_str)"   --->   Operation 28 'specinterface' <Predicate = true> <Delay = 0.00>
ST_1 : Operation 29 [1/1] (3.63ns)   --->   "call void @_ssdm_op_Write.ap_fifo.i12P(i12* %p_dst_mat_rows_out, i12 %scalar_dst_mat_rows_1)"   --->   Operation 29 'write' <Predicate = true> <Delay = 3.63> <Core = "FIFO">   --->   Core 32 'FIFO' <Latency = 0> <II = 1> <Delay = 3.63> <Storage> <Opcode : 'read' 'write' 'nbread' 'nbwrite'> <Ports = 0> <Width = 12> <Depth = 2> <FIFO>
ST_1 : Operation 30 [1/1] (0.00ns)   --->   "call void (...)* @_ssdm_op_SpecInterface(i12* %p_src_mat_cols_load337_loc_c_i, [8 x i8]* @ap_fifo_str, i32 0, i32 0, [1 x i8]* @p_str118, i32 0, i32 0, [1 x i8]* @p_str119, [1 x i8]* @p_str120, [1 x i8]* @p_str121, i32 2, i32 2, i32 16, i32 16, [1 x i8]* @p_str122, [1 x i8]* @p_str123)"   --->   Operation 30 'specinterface' <Predicate = true> <Delay = 0.00>
ST_1 : Operation 31 [1/1] (3.63ns)   --->   "%p_src_mat_rows_read = call i12 @_ssdm_op_Read.ap_fifo.i12P(i12* %p_src_mat_rows)"   --->   Operation 31 'read' 'p_src_mat_rows_read' <Predicate = true> <Delay = 3.63> <Core = "FIFO">   --->   Core 32 'FIFO' <Latency = 0> <II = 1> <Delay = 3.63> <Storage> <Opcode : 'read' 'write' 'nbread' 'nbwrite'> <Ports = 0> <Width = 12> <Depth = 2> <FIFO>
ST_1 : Operation 32 [1/1] (0.00ns)   --->   "call void (...)* @_ssdm_op_SpecInterface(i12* %p_src_mat_rows_c_i, [8 x i8]* @ap_fifo_str, i32 0, i32 0, [1 x i8]* @p_str124, i32 0, i32 0, [1 x i8]* @p_str125, [1 x i8]* @p_str126, [1 x i8]* @p_str127, i32 2, i32 2, i32 16, i32 16, [1 x i8]* @p_str128, [11 x i8]* @ScalarProp_str)"   --->   Operation 32 'specinterface' <Predicate = true> <Delay = 0.00>
ST_1 : Operation 33 [1/1] (3.63ns)   --->   "call void @_ssdm_op_Write.ap_fifo.i12P(i12* %p_src_mat_rows_c_i, i12 %p_src_mat_rows_read)"   --->   Operation 33 'write' <Predicate = true> <Delay = 3.63> <Core = "FIFO">   --->   Core 32 'FIFO' <Latency = 0> <II = 1> <Delay = 3.63> <Storage> <Opcode : 'read' 'write' 'nbread' 'nbwrite'> <Ports = 0> <Width = 12> <Depth = 2> <FIFO>
ST_1 : Operation 34 [1/1] (0.00ns)   --->   "call void (...)* @_ssdm_op_SpecInterface(i12* %p_dst_mat_rows_c_i, [8 x i8]* @ap_fifo_str, i32 0, i32 0, [1 x i8]* @p_str129, i32 0, i32 0, [1 x i8]* @p_str130, [1 x i8]* @p_str131, [1 x i8]* @p_str132, i32 2, i32 2, i32 16, i32 16, [1 x i8]* @p_str133, [11 x i8]* @ScalarProp_str)"   --->   Operation 34 'specinterface' <Predicate = true> <Delay = 0.00>
ST_1 : Operation 35 [1/1] (3.63ns)   --->   "call void @_ssdm_op_Write.ap_fifo.i12P(i12* %p_dst_mat_rows_c_i, i12 %scalar_dst_mat_rows_1)"   --->   Operation 35 'write' <Predicate = true> <Delay = 3.63> <Core = "FIFO">   --->   Core 32 'FIFO' <Latency = 0> <II = 1> <Delay = 3.63> <Storage> <Opcode : 'read' 'write' 'nbread' 'nbwrite'> <Ports = 0> <Width = 12> <Depth = 2> <FIFO>
ST_1 : Operation 36 [1/1] (0.00ns)   --->   "call void (...)* @_ssdm_op_SpecInterface(i12* %p_dst_mat_cols_c_i, [8 x i8]* @ap_fifo_str, i32 0, i32 0, [1 x i8]* @p_str134, i32 0, i32 0, [1 x i8]* @p_str135, [1 x i8]* @p_str136, [1 x i8]* @p_str137, i32 2, i32 2, i32 16, i32 16, [1 x i8]* @p_str138, [11 x i8]* @ScalarProp_str)"   --->   Operation 36 'specinterface' <Predicate = true> <Delay = 0.00>
ST_1 : Operation 37 [1/1] (3.63ns)   --->   "call void @_ssdm_op_Write.ap_fifo.i12P(i12* %p_dst_mat_cols_c_i, i12 %scalar_dst_mat_cols_1)"   --->   Operation 37 'write' <Predicate = true> <Delay = 3.63> <Core = "FIFO">   --->   Core 32 'FIFO' <Latency = 0> <II = 1> <Delay = 3.63> <Storage> <Opcode : 'read' 'write' 'nbread' 'nbwrite'> <Ports = 0> <Width = 12> <Depth = 2> <FIFO>
ST_1 : Operation 38 [1/1] (3.63ns)   --->   "%p_src_mat_cols_read = call i12 @_ssdm_op_Read.ap_fifo.i12P(i12* %p_src_mat_cols)"   --->   Operation 38 'read' 'p_src_mat_cols_read' <Predicate = true> <Delay = 3.63> <Core = "FIFO">   --->   Core 32 'FIFO' <Latency = 0> <II = 1> <Delay = 3.63> <Storage> <Opcode : 'read' 'write' 'nbread' 'nbwrite'> <Ports = 0> <Width = 12> <Depth = 2> <FIFO>
ST_1 : Operation 39 [1/1] (3.63ns)   --->   "call void @_ssdm_op_Write.ap_fifo.i12P(i12* %p_src_mat_cols_load337_loc_c_i, i12 %p_src_mat_cols_read)"   --->   Operation 39 'write' <Predicate = true> <Delay = 3.63> <Core = "FIFO">   --->   Core 32 'FIFO' <Latency = 0> <II = 1> <Delay = 3.63> <Storage> <Opcode : 'read' 'write' 'nbread' 'nbwrite'> <Ports = 0> <Width = 12> <Depth = 2> <FIFO>
ST_1 : Operation 40 [1/1] (0.00ns)   --->   "ret void"   --->   Operation 40 'ret' <Predicate = true> <Delay = 0.00>


============================================================
+ Verbose Summary: Binding
============================================================
STG Binding: 
---------------- STG Properties BEGIN ----------------
- Is combinational: 0
- Is one-state seq: 1
- Is datapath-only: 0
- Is pipelined: 0
- Is top level: 0
Port [ Return ] is wired: 1; IO mode=ap_ctrl_hs:ce=0
Port [ scalar_dst_mat_cols]:  wired=1; compound=1; hidden=0; nouse=0; global=0; static=0; extern=0; dir=0; type=3; pingpong=0; private_global=0; IO mode=ap_fifo:ce=0
Port [ p_dst_mat_cols_out]:  wired=1; compound=1; hidden=0; nouse=0; global=0; static=0; extern=0; dir=1; type=3; pingpong=0; private_global=0; IO mode=ap_fifo:ce=0
Port [ scalar_dst_mat_rows]:  wired=1; compound=1; hidden=0; nouse=0; global=0; static=0; extern=0; dir=0; type=3; pingpong=0; private_global=0; IO mode=ap_fifo:ce=0
Port [ p_dst_mat_rows_out]:  wired=1; compound=1; hidden=0; nouse=0; global=0; static=0; extern=0; dir=1; type=3; pingpong=0; private_global=0; IO mode=ap_fifo:ce=0
Port [ p_src_mat_cols]:  wired=1; compound=1; hidden=0; nouse=0; global=0; static=0; extern=0; dir=0; type=3; pingpong=0; private_global=0; IO mode=ap_fifo:ce=0
Port [ p_src_mat_rows]:  wired=1; compound=1; hidden=0; nouse=0; global=0; static=0; extern=0; dir=0; type=3; pingpong=0; private_global=0; IO mode=ap_fifo:ce=0
Port [ p_src_mat_cols_load337_loc_c_i]:  wired=1; compound=1; hidden=0; nouse=0; global=0; static=0; extern=0; dir=1; type=3; pingpong=0; private_global=0; IO mode=ap_fifo:ce=0
Port [ p_src_mat_rows_c_i]:  wired=1; compound=1; hidden=0; nouse=0; global=0; static=0; extern=0; dir=1; type=3; pingpong=0; private_global=0; IO mode=ap_fifo:ce=0
Port [ p_dst_mat_rows_c_i]:  wired=1; compound=1; hidden=0; nouse=0; global=0; static=0; extern=0; dir=1; type=3; pingpong=0; private_global=0; IO mode=ap_fifo:ce=0
Port [ p_dst_mat_cols_c_i]:  wired=1; compound=1; hidden=0; nouse=0; global=0; static=0; extern=0; dir=1; type=3; pingpong=0; private_global=0; IO mode=ap_fifo:ce=0
---------------- STG Properties END ------------------

---------------- Datapath Model BEGIN ----------------

<LifeTime>
<method=bitvector/>
StgValue_2            (specinterface) [ 00]
StgValue_3            (specinterface) [ 00]
StgValue_4            (specinterface) [ 00]
StgValue_5            (specinterface) [ 00]
StgValue_6            (specinterface) [ 00]
StgValue_7            (specinterface) [ 00]
StgValue_8            (specinterface) [ 00]
StgValue_9            (specinterface) [ 00]
StgValue_10           (specinterface) [ 00]
StgValue_11           (specinterface) [ 00]
StgValue_12           (specinterface) [ 00]
StgValue_13           (specinterface) [ 00]
StgValue_14           (specinterface) [ 00]
StgValue_15           (specinterface) [ 00]
StgValue_16           (specinterface) [ 00]
StgValue_17           (specinterface) [ 00]
scalar_dst_mat_cols_1 (read         ) [ 00]
scalar_dst_mat_rows_1 (read         ) [ 00]
StgValue_20           (specinterface) [ 00]
StgValue_21           (specinterface) [ 00]
StgValue_22           (specinterface) [ 00]
StgValue_23           (specinterface) [ 00]
StgValue_24           (specinterface) [ 00]
StgValue_25           (specinterface) [ 00]
StgValue_26           (specinterface) [ 00]
StgValue_27           (write        ) [ 00]
StgValue_28           (specinterface) [ 00]
StgValue_29           (write        ) [ 00]
StgValue_30           (specinterface) [ 00]
p_src_mat_rows_read   (read         ) [ 00]
StgValue_32           (specinterface) [ 00]
StgValue_33           (write        ) [ 00]
StgValue_34           (specinterface) [ 00]
StgValue_35           (write        ) [ 00]
StgValue_36           (specinterface) [ 00]
StgValue_37           (write        ) [ 00]
p_src_mat_cols_read   (read         ) [ 00]
StgValue_39           (write        ) [ 00]
StgValue_40           (ret          ) [ 00]
</LifeTime>

<model>

<comp_list>
<comp id="0" class="1000" name="scalar_dst_mat_cols">
<pin_list>
<pin id="1" dir="1" index="0" bw="1" slack="0"/>
</pin_list>
<bind>
<StgValue><ssdm name="scalar_dst_mat_cols"/></StgValue>
</bind>
</comp>

<comp id="2" class="1000" name="p_dst_mat_cols_out">
<pin_list>
<pin id="3" dir="1" index="0" bw="1" slack="0"/>
</pin_list>
<bind>
<StgValue><ssdm name="p_dst_mat_cols_out"/></StgValue>
</bind>
</comp>

<comp id="4" class="1000" name="scalar_dst_mat_rows">
<pin_list>
<pin id="5" dir="1" index="0" bw="1" slack="0"/>
</pin_list>
<bind>
<StgValue><ssdm name="scalar_dst_mat_rows"/></StgValue>
</bind>
</comp>

<comp id="6" class="1000" name="p_dst_mat_rows_out">
<pin_list>
<pin id="7" dir="1" index="0" bw="1" slack="0"/>
</pin_list>
<bind>
<StgValue><ssdm name="p_dst_mat_rows_out"/></StgValue>
</bind>
</comp>

<comp id="8" class="1000" name="p_src_mat_cols">
<pin_list>
<pin id="9" dir="1" index="0" bw="1" slack="0"/>
</pin_list>
<bind>
<StgValue><ssdm name="p_src_mat_cols"/></StgValue>
</bind>
</comp>

<comp id="10" class="1000" name="p_src_mat_rows">
<pin_list>
<pin id="11" dir="1" index="0" bw="1" slack="0"/>
</pin_list>
<bind>
<StgValue><ssdm name="p_src_mat_rows"/></StgValue>
</bind>
</comp>

<comp id="12" class="1000" name="p_src_mat_cols_load337_loc_c_i">
<pin_list>
<pin id="13" dir="1" index="0" bw="1" slack="0"/>
</pin_list>
<bind>
<StgValue><ssdm name="p_src_mat_cols_load337_loc_c_i"/></StgValue>
</bind>
</comp>

<comp id="14" class="1000" name="p_src_mat_rows_c_i">
<pin_list>
<pin id="15" dir="1" index="0" bw="1" slack="0"/>
</pin_list>
<bind>
<StgValue><ssdm name="p_src_mat_rows_c_i"/></StgValue>
</bind>
</comp>

<comp id="16" class="1000" name="p_dst_mat_rows_c_i">
<pin_list>
<pin id="17" dir="1" index="0" bw="1" slack="0"/>
</pin_list>
<bind>
<StgValue><ssdm name="p_dst_mat_rows_c_i"/></StgValue>
</bind>
</comp>

<comp id="18" class="1000" name="p_dst_mat_cols_c_i">
<pin_list>
<pin id="19" dir="1" index="0" bw="1" slack="0"/>
</pin_list>
<bind>
<StgValue><ssdm name="p_dst_mat_cols_c_i"/></StgValue>
</bind>
</comp>

<comp id="20" class="1001" name="const_20">
<pin_list>
<pin id="21" dir="1" index="0" bw="1" slack="2147483647"/>
</pin_list>
<bind>
<StgValue><ssdm name="_ssdm_op_SpecInterface"/></StgValue>
</bind>
</comp>

<comp id="22" class="1001" name="const_22">
<pin_list>
<pin id="23" dir="1" index="0" bw="1" slack="2147483647"/>
</pin_list>
<bind>
<StgValue><ssdm name="ap_fifo_str"/></StgValue>
</bind>
</comp>

<comp id="24" class="1001" name="const_24">
<pin_list>
<pin id="25" dir="1" index="0" bw="1" slack="2147483647"/>
</pin_list>
<bind>
<StgValue><ssdm name=""/></StgValue>
</bind>
</comp>

<comp id="26" class="1001" name="const_26">
<pin_list>
<pin id="27" dir="1" index="0" bw="1" slack="2147483647"/>
</pin_list>
<bind>
<StgValue><ssdm name="p_str301"/></StgValue>
</bind>
</comp>

<comp id="28" class="1001" name="const_28">
<pin_list>
<pin id="29" dir="1" index="0" bw="1" slack="2147483647"/>
</pin_list>
<bind>
<StgValue><ssdm name="p_str302"/></StgValue>
</bind>
</comp>

<comp id="30" class="1001" name="const_30">
<pin_list>
<pin id="31" dir="1" index="0" bw="1" slack="2147483647"/>
</pin_list>
<bind>
<StgValue><ssdm name="p_str303"/></StgValue>
</bind>
</comp>

<comp id="32" class="1001" name="const_32">
<pin_list>
<pin id="33" dir="1" index="0" bw="1" slack="2147483647"/>
</pin_list>
<bind>
<StgValue><ssdm name="p_str304"/></StgValue>
</bind>
</comp>

<comp id="34" class="1001" name="const_34">
<pin_list>
<pin id="35" dir="1" index="0" bw="1" slack="2147483647"/>
</pin_list>
<bind>
<StgValue><ssdm name=""/></StgValue>
</bind>
</comp>

<comp id="36" class="1001" name="const_36">
<pin_list>
<pin id="37" dir="1" index="0" bw="1" slack="2147483647"/>
</pin_list>
<bind>
<StgValue><ssdm name=""/></StgValue>
</bind>
</comp>

<comp id="38" class="1001" name="const_38">
<pin_list>
<pin id="39" dir="1" index="0" bw="1" slack="2147483647"/>
</pin_list>
<bind>
<StgValue><ssdm name="p_str305"/></StgValue>
</bind>
</comp>

<comp id="40" class="1001" name="const_40">
<pin_list>
<pin id="41" dir="1" index="0" bw="1" slack="2147483647"/>
</pin_list>
<bind>
<StgValue><ssdm name="ScalarProp_str"/></StgValue>
</bind>
</comp>

<comp id="42" class="1001" name="const_42">
<pin_list>
<pin id="43" dir="1" index="0" bw="1" slack="2147483647"/>
</pin_list>
<bind>
<StgValue><ssdm name="p_str296"/></StgValue>
</bind>
</comp>

<comp id="44" class="1001" name="const_44">
<pin_list>
<pin id="45" dir="1" index="0" bw="1" slack="2147483647"/>
</pin_list>
<bind>
<StgValue><ssdm name="p_str297"/></StgValue>
</bind>
</comp>

<comp id="46" class="1001" name="const_46">
<pin_list>
<pin id="47" dir="1" index="0" bw="1" slack="2147483647"/>
</pin_list>
<bind>
<StgValue><ssdm name="p_str298"/></StgValue>
</bind>
</comp>

<comp id="48" class="1001" name="const_48">
<pin_list>
<pin id="49" dir="1" index="0" bw="1" slack="2147483647"/>
</pin_list>
<bind>
<StgValue><ssdm name="p_str299"/></StgValue>
</bind>
</comp>

<comp id="50" class="1001" name="const_50">
<pin_list>
<pin id="51" dir="1" index="0" bw="1" slack="2147483647"/>
</pin_list>
<bind>
<StgValue><ssdm name="p_str300"/></StgValue>
</bind>
</comp>

<comp id="52" class="1001" name="const_52">
<pin_list>
<pin id="53" dir="1" index="0" bw="1" slack="2147483647"/>
</pin_list>
<bind>
<StgValue><ssdm name="p_str321"/></StgValue>
</bind>
</comp>

<comp id="54" class="1001" name="const_54">
<pin_list>
<pin id="55" dir="1" index="0" bw="1" slack="2147483647"/>
</pin_list>
<bind>
<StgValue><ssdm name="p_str322"/></StgValue>
</bind>
</comp>

<comp id="56" class="1001" name="const_56">
<pin_list>
<pin id="57" dir="1" index="0" bw="1" slack="2147483647"/>
</pin_list>
<bind>
<StgValue><ssdm name="p_str323"/></StgValue>
</bind>
</comp>

<comp id="58" class="1001" name="const_58">
<pin_list>
<pin id="59" dir="1" index="0" bw="1" slack="2147483647"/>
</pin_list>
<bind>
<StgValue><ssdm name="p_str324"/></StgValue>
</bind>
</comp>

<comp id="60" class="1001" name="const_60">
<pin_list>
<pin id="61" dir="1" index="0" bw="1" slack="2147483647"/>
</pin_list>
<bind>
<StgValue><ssdm name="p_str325"/></StgValue>
</bind>
</comp>

<comp id="62" class="1001" name="const_62">
<pin_list>
<pin id="63" dir="1" index="0" bw="1" slack="2147483647"/>
</pin_list>
<bind>
<StgValue><ssdm name="p_str343"/></StgValue>
</bind>
</comp>

<comp id="64" class="1001" name="const_64">
<pin_list>
<pin id="65" dir="1" index="0" bw="1" slack="2147483647"/>
</pin_list>
<bind>
<StgValue><ssdm name="p_str344"/></StgValue>
</bind>
</comp>

<comp id="66" class="1001" name="const_66">
<pin_list>
<pin id="67" dir="1" index="0" bw="1" slack="2147483647"/>
</pin_list>
<bind>
<StgValue><ssdm name="p_str345"/></StgValue>
</bind>
</comp>

<comp id="68" class="1001" name="const_68">
<pin_list>
<pin id="69" dir="1" index="0" bw="1" slack="2147483647"/>
</pin_list>
<bind>
<StgValue><ssdm name="p_str346"/></StgValue>
</bind>
</comp>

<comp id="70" class="1001" name="const_70">
<pin_list>
<pin id="71" dir="1" index="0" bw="1" slack="2147483647"/>
</pin_list>
<bind>
<StgValue><ssdm name="p_str347"/></StgValue>
</bind>
</comp>

<comp id="72" class="1001" name="const_72">
<pin_list>
<pin id="73" dir="1" index="0" bw="1" slack="2147483647"/>
</pin_list>
<bind>
<StgValue><ssdm name="p_str118"/></StgValue>
</bind>
</comp>

<comp id="74" class="1001" name="const_74">
<pin_list>
<pin id="75" dir="1" index="0" bw="1" slack="2147483647"/>
</pin_list>
<bind>
<StgValue><ssdm name="p_str119"/></StgValue>
</bind>
</comp>

<comp id="76" class="1001" name="const_76">
<pin_list>
<pin id="77" dir="1" index="0" bw="1" slack="2147483647"/>
</pin_list>
<bind>
<StgValue><ssdm name="p_str120"/></StgValue>
</bind>
</comp>

<comp id="78" class="1001" name="const_78">
<pin_list>
<pin id="79" dir="1" index="0" bw="1" slack="2147483647"/>
</pin_list>
<bind>
<StgValue><ssdm name="p_str121"/></StgValue>
</bind>
</comp>

<comp id="80" class="1001" name="const_80">
<pin_list>
<pin id="81" dir="1" index="0" bw="1" slack="2147483647"/>
</pin_list>
<bind>
<StgValue><ssdm name="p_str122"/></StgValue>
</bind>
</comp>

<comp id="82" class="1001" name="const_82">
<pin_list>
<pin id="83" dir="1" index="0" bw="1" slack="2147483647"/>
</pin_list>
<bind>
<StgValue><ssdm name="p_str123"/></StgValue>
</bind>
</comp>

<comp id="84" class="1001" name="const_84">
<pin_list>
<pin id="85" dir="1" index="0" bw="1" slack="2147483647"/>
</pin_list>
<bind>
<StgValue><ssdm name="p_str124"/></StgValue>
</bind>
</comp>

<comp id="86" class="1001" name="const_86">
<pin_list>
<pin id="87" dir="1" index="0" bw="1" slack="2147483647"/>
</pin_list>
<bind>
<StgValue><ssdm name="p_str125"/></StgValue>
</bind>
</comp>

<comp id="88" class="1001" name="const_88">
<pin_list>
<pin id="89" dir="1" index="0" bw="1" slack="2147483647"/>
</pin_list>
<bind>
<StgValue><ssdm name="p_str126"/></StgValue>
</bind>
</comp>

<comp id="90" class="1001" name="const_90">
<pin_list>
<pin id="91" dir="1" index="0" bw="1" slack="2147483647"/>
</pin_list>
<bind>
<StgValue><ssdm name="p_str127"/></StgValue>
</bind>
</comp>

<comp id="92" class="1001" name="const_92">
<pin_list>
<pin id="93" dir="1" index="0" bw="1" slack="2147483647"/>
</pin_list>
<bind>
<StgValue><ssdm name="p_str128"/></StgValue>
</bind>
</comp>

<comp id="94" class="1001" name="const_94">
<pin_list>
<pin id="95" dir="1" index="0" bw="1" slack="2147483647"/>
</pin_list>
<bind>
<StgValue><ssdm name="p_str129"/></StgValue>
</bind>
</comp>

<comp id="96" class="1001" name="const_96">
<pin_list>
<pin id="97" dir="1" index="0" bw="1" slack="2147483647"/>
</pin_list>
<bind>
<StgValue><ssdm name="p_str130"/></StgValue>
</bind>
</comp>

<comp id="98" class="1001" name="const_98">
<pin_list>
<pin id="99" dir="1" index="0" bw="1" slack="2147483647"/>
</pin_list>
<bind>
<StgValue><ssdm name="p_str131"/></StgValue>
</bind>
</comp>

<comp id="100" class="1001" name="const_100">
<pin_list>
<pin id="101" dir="1" index="0" bw="1" slack="2147483647"/>
</pin_list>
<bind>
<StgValue><ssdm name="p_str132"/></StgValue>
</bind>
</comp>

<comp id="102" class="1001" name="const_102">
<pin_list>
<pin id="103" dir="1" index="0" bw="1" slack="2147483647"/>
</pin_list>
<bind>
<StgValue><ssdm name="p_str133"/></StgValue>
</bind>
</comp>

<comp id="104" class="1001" name="const_104">
<pin_list>
<pin id="105" dir="1" index="0" bw="1" slack="2147483647"/>
</pin_list>
<bind>
<StgValue><ssdm name="p_str134"/></StgValue>
</bind>
</comp>

<comp id="106" class="1001" name="const_106">
<pin_list>
<pin id="107" dir="1" index="0" bw="1" slack="2147483647"/>
</pin_list>
<bind>
<StgValue><ssdm name="p_str135"/></StgValue>
</bind>
</comp>

<comp id="108" class="1001" name="const_108">
<pin_list>
<pin id="109" dir="1" index="0" bw="1" slack="2147483647"/>
</pin_list>
<bind>
<StgValue><ssdm name="p_str136"/></StgValue>
</bind>
</comp>

<comp id="110" class="1001" name="const_110">
<pin_list>
<pin id="111" dir="1" index="0" bw="1" slack="2147483647"/>
</pin_list>
<bind>
<StgValue><ssdm name="p_str137"/></StgValue>
</bind>
</comp>

<comp id="112" class="1001" name="const_112">
<pin_list>
<pin id="113" dir="1" index="0" bw="1" slack="2147483647"/>
</pin_list>
<bind>
<StgValue><ssdm name="p_str138"/></StgValue>
</bind>
</comp>

<comp id="114" class="1001" name="const_114">
<pin_list>
<pin id="115" dir="1" index="0" bw="1" slack="2147483647"/>
</pin_list>
<bind>
<StgValue><ssdm name="p_str306"/></StgValue>
</bind>
</comp>

<comp id="116" class="1001" name="const_116">
<pin_list>
<pin id="117" dir="1" index="0" bw="1" slack="2147483647"/>
</pin_list>
<bind>
<StgValue><ssdm name="p_str307"/></StgValue>
</bind>
</comp>

<comp id="118" class="1001" name="const_118">
<pin_list>
<pin id="119" dir="1" index="0" bw="1" slack="2147483647"/>
</pin_list>
<bind>
<StgValue><ssdm name="p_str308"/></StgValue>
</bind>
</comp>

<comp id="120" class="1001" name="const_120">
<pin_list>
<pin id="121" dir="1" index="0" bw="1" slack="2147483647"/>
</pin_list>
<bind>
<StgValue><ssdm name="p_str309"/></StgValue>
</bind>
</comp>

<comp id="122" class="1001" name="const_122">
<pin_list>
<pin id="123" dir="1" index="0" bw="1" slack="2147483647"/>
</pin_list>
<bind>
<StgValue><ssdm name="p_str310"/></StgValue>
</bind>
</comp>

<comp id="124" class="1001" name="const_124">
<pin_list>
<pin id="125" dir="1" index="0" bw="1" slack="2147483647"/>
</pin_list>
<bind>
<StgValue><ssdm name="p_str311"/></StgValue>
</bind>
</comp>

<comp id="126" class="1001" name="const_126">
<pin_list>
<pin id="127" dir="1" index="0" bw="1" slack="2147483647"/>
</pin_list>
<bind>
<StgValue><ssdm name="p_str312"/></StgValue>
</bind>
</comp>

<comp id="128" class="1001" name="const_128">
<pin_list>
<pin id="129" dir="1" index="0" bw="1" slack="2147483647"/>
</pin_list>
<bind>
<StgValue><ssdm name="p_str313"/></StgValue>
</bind>
</comp>

<comp id="130" class="1001" name="const_130">
<pin_list>
<pin id="131" dir="1" index="0" bw="1" slack="2147483647"/>
</pin_list>
<bind>
<StgValue><ssdm name="p_str314"/></StgValue>
</bind>
</comp>

<comp id="132" class="1001" name="const_132">
<pin_list>
<pin id="133" dir="1" index="0" bw="1" slack="2147483647"/>
</pin_list>
<bind>
<StgValue><ssdm name="p_str315"/></StgValue>
</bind>
</comp>

<comp id="134" class="1001" name="const_134">
<pin_list>
<pin id="135" dir="1" index="0" bw="1" slack="0"/>
</pin_list>
<bind>
<StgValue><ssdm name="_ssdm_op_Read.ap_fifo.i12P"/></StgValue>
</bind>
</comp>

<comp id="136" class="1001" name="const_136">
<pin_list>
<pin id="137" dir="1" index="0" bw="1" slack="0"/>
</pin_list>
<bind>
<StgValue><ssdm name="_ssdm_op_Write.ap_fifo.i12P"/></StgValue>
</bind>
</comp>

<comp id="138" class="1004" name="scalar_dst_mat_cols_1_read_fu_138">
<pin_list>
<pin id="139" dir="0" index="0" bw="12" slack="0"/>
<pin id="140" dir="0" index="1" bw="12" slack="0"/>
<pin id="141" dir="1" index="2" bw="12" slack="0"/>
</pin_list>
<bind>
<opcode="read(1150) " fcode="read"/>
<opset="scalar_dst_mat_cols_1/1 "/>
</bind>
</comp>

<comp id="144" class="1004" name="scalar_dst_mat_rows_1_read_fu_144">
<pin_list>
<pin id="145" dir="0" index="0" bw="12" slack="0"/>
<pin id="146" dir="0" index="1" bw="12" slack="0"/>
<pin id="147" dir="1" index="2" bw="12" slack="0"/>
</pin_list>
<bind>
<opcode="read(1150) " fcode="read"/>
<opset="scalar_dst_mat_rows_1/1 "/>
</bind>
</comp>

<comp id="150" class="1004" name="StgValue_27_write_fu_150">
<pin_list>
<pin id="151" dir="0" index="0" bw="0" slack="0"/>
<pin id="152" dir="0" index="1" bw="12" slack="0"/>
<pin id="153" dir="0" index="2" bw="12" slack="0"/>
<pin id="154" dir="1" index="3" bw="0" slack="2147483647"/>
</pin_list>
<bind>
<opcode="write(1151) " fcode="write"/>
<opset="StgValue_27/1 "/>
</bind>
</comp>

<comp id="158" class="1004" name="StgValue_29_write_fu_158">
<pin_list>
<pin id="159" dir="0" index="0" bw="0" slack="0"/>
<pin id="160" dir="0" index="1" bw="12" slack="0"/>
<pin id="161" dir="0" index="2" bw="12" slack="0"/>
<pin id="162" dir="1" index="3" bw="0" slack="2147483647"/>
</pin_list>
<bind>
<opcode="write(1151) " fcode="write"/>
<opset="StgValue_29/1 "/>
</bind>
</comp>

<comp id="166" class="1004" name="p_src_mat_rows_read_read_fu_166">
<pin_list>
<pin id="167" dir="0" index="0" bw="12" slack="0"/>
<pin id="168" dir="0" index="1" bw="12" slack="0"/>
<pin id="169" dir="1" index="2" bw="12" slack="0"/>
</pin_list>
<bind>
<opcode="read(1150) " fcode="read"/>
<opset="p_src_mat_rows_read/1 "/>
</bind>
</comp>

<comp id="172" class="1004" name="StgValue_33_write_fu_172">
<pin_list>
<pin id="173" dir="0" index="0" bw="0" slack="0"/>
<pin id="174" dir="0" index="1" bw="12" slack="0"/>
<pin id="175" dir="0" index="2" bw="12" slack="0"/>
<pin id="176" dir="1" index="3" bw="0" slack="2147483647"/>
</pin_list>
<bind>
<opcode="write(1151) " fcode="write"/>
<opset="StgValue_33/1 "/>
</bind>
</comp>

<comp id="180" class="1004" name="StgValue_35_write_fu_180">
<pin_list>
<pin id="181" dir="0" index="0" bw="0" slack="0"/>
<pin id="182" dir="0" index="1" bw="12" slack="0"/>
<pin id="183" dir="0" index="2" bw="12" slack="0"/>
<pin id="184" dir="1" index="3" bw="0" slack="2147483647"/>
</pin_list>
<bind>
<opcode="write(1151) " fcode="write"/>
<opset="StgValue_35/1 "/>
</bind>
</comp>

<comp id="188" class="1004" name="StgValue_37_write_fu_188">
<pin_list>
<pin id="189" dir="0" index="0" bw="0" slack="0"/>
<pin id="190" dir="0" index="1" bw="12" slack="0"/>
<pin id="191" dir="0" index="2" bw="12" slack="0"/>
<pin id="192" dir="1" index="3" bw="0" slack="2147483647"/>
</pin_list>
<bind>
<opcode="write(1151) " fcode="write"/>
<opset="StgValue_37/1 "/>
</bind>
</comp>

<comp id="196" class="1004" name="p_src_mat_cols_read_read_fu_196">
<pin_list>
<pin id="197" dir="0" index="0" bw="12" slack="0"/>
<pin id="198" dir="0" index="1" bw="12" slack="0"/>
<pin id="199" dir="1" index="2" bw="12" slack="0"/>
</pin_list>
<bind>
<opcode="read(1150) " fcode="read"/>
<opset="p_src_mat_cols_read/1 "/>
</bind>
</comp>

<comp id="202" class="1004" name="StgValue_39_write_fu_202">
<pin_list>
<pin id="203" dir="0" index="0" bw="0" slack="0"/>
<pin id="204" dir="0" index="1" bw="12" slack="0"/>
<pin id="205" dir="0" index="2" bw="12" slack="0"/>
<pin id="206" dir="1" index="3" bw="0" slack="2147483647"/>
</pin_list>
<bind>
<opcode="write(1151) " fcode="write"/>
<opset="StgValue_39/1 "/>
</bind>
</comp>

</comp_list>

<net_list>
<net id="142"><net_src comp="134" pin="0"/><net_sink comp="138" pin=0"/></net>

<net id="143"><net_src comp="0" pin="0"/><net_sink comp="138" pin=1"/></net>

<net id="148"><net_src comp="134" pin="0"/><net_sink comp="144" pin=0"/></net>

<net id="149"><net_src comp="4" pin="0"/><net_sink comp="144" pin=1"/></net>

<net id="155"><net_src comp="136" pin="0"/><net_sink comp="150" pin=0"/></net>

<net id="156"><net_src comp="2" pin="0"/><net_sink comp="150" pin=1"/></net>

<net id="157"><net_src comp="138" pin="2"/><net_sink comp="150" pin=2"/></net>

<net id="163"><net_src comp="136" pin="0"/><net_sink comp="158" pin=0"/></net>

<net id="164"><net_src comp="6" pin="0"/><net_sink comp="158" pin=1"/></net>

<net id="165"><net_src comp="144" pin="2"/><net_sink comp="158" pin=2"/></net>

<net id="170"><net_src comp="134" pin="0"/><net_sink comp="166" pin=0"/></net>

<net id="171"><net_src comp="10" pin="0"/><net_sink comp="166" pin=1"/></net>

<net id="177"><net_src comp="136" pin="0"/><net_sink comp="172" pin=0"/></net>

<net id="178"><net_src comp="14" pin="0"/><net_sink comp="172" pin=1"/></net>

<net id="179"><net_src comp="166" pin="2"/><net_sink comp="172" pin=2"/></net>

<net id="185"><net_src comp="136" pin="0"/><net_sink comp="180" pin=0"/></net>

<net id="186"><net_src comp="16" pin="0"/><net_sink comp="180" pin=1"/></net>

<net id="187"><net_src comp="144" pin="2"/><net_sink comp="180" pin=2"/></net>

<net id="193"><net_src comp="136" pin="0"/><net_sink comp="188" pin=0"/></net>

<net id="194"><net_src comp="18" pin="0"/><net_sink comp="188" pin=1"/></net>

<net id="195"><net_src comp="138" pin="2"/><net_sink comp="188" pin=2"/></net>

<net id="200"><net_src comp="134" pin="0"/><net_sink comp="196" pin=0"/></net>

<net id="201"><net_src comp="8" pin="0"/><net_sink comp="196" pin=1"/></net>

<net id="207"><net_src comp="136" pin="0"/><net_sink comp="202" pin=0"/></net>

<net id="208"><net_src comp="12" pin="0"/><net_sink comp="202" pin=1"/></net>

<net id="209"><net_src comp="196" pin="2"/><net_sink comp="202" pin=2"/></net>

</net_list>

</model> 
---------------- Datapath Model END ------------------

* FSMD analyzer results:
  - Output states:
	Port: scalar_dst_mat_cols | {}
	Port: p_dst_mat_cols_out | {1 }
	Port: scalar_dst_mat_rows | {}
	Port: p_dst_mat_rows_out | {1 }
	Port: p_src_mat_cols | {}
	Port: p_src_mat_rows | {}
	Port: p_src_mat_cols_load337_loc_c_i | {1 }
	Port: p_src_mat_rows_c_i | {1 }
	Port: p_dst_mat_rows_c_i | {1 }
	Port: p_dst_mat_cols_c_i | {1 }
 - Input state : 
	Port: warpTransform_Block_.1 : scalar_dst_mat_cols | {1 }
	Port: warpTransform_Block_.1 : p_dst_mat_cols_out | {}
	Port: warpTransform_Block_.1 : scalar_dst_mat_rows | {1 }
	Port: warpTransform_Block_.1 : p_dst_mat_rows_out | {}
	Port: warpTransform_Block_.1 : p_src_mat_cols | {1 }
	Port: warpTransform_Block_.1 : p_src_mat_rows | {1 }
	Port: warpTransform_Block_.1 : p_src_mat_cols_load337_loc_c_i | {}
	Port: warpTransform_Block_.1 : p_src_mat_rows_c_i | {}
	Port: warpTransform_Block_.1 : p_dst_mat_rows_c_i | {}
	Port: warpTransform_Block_.1 : p_dst_mat_cols_c_i | {}
  - Chain level:
	State 1


============================================================
+ Verbose Summary: Datapath Resource usage 
============================================================

* Functional unit list:
|----------|-----------------------------------|
| Operation|          Functional Unit          |
|----------|-----------------------------------|
|          | scalar_dst_mat_cols_1_read_fu_138 |
|   read   | scalar_dst_mat_rows_1_read_fu_144 |
|          |  p_src_mat_rows_read_read_fu_166  |
|          |  p_src_mat_cols_read_read_fu_196  |
|----------|-----------------------------------|
|          |      StgValue_27_write_fu_150     |
|          |      StgValue_29_write_fu_158     |
|   write  |      StgValue_33_write_fu_172     |
|          |      StgValue_35_write_fu_180     |
|          |      StgValue_37_write_fu_188     |
|          |      StgValue_39_write_fu_202     |
|----------|-----------------------------------|
|   Total  |                                   |
|----------|-----------------------------------|

Memories:
N/A

* Register list:
N/A

* Multiplexer (MUX) list: 
|--------|------|------|------|--------|
|  Comp  |  Pin | Size |  BW  | S x BW |
|--------|------|------|------|--------|
|  Total |      |      |      |    0   |
|--------|------|------|------|--------|



* Summary:
+-----------+
|           |
+-----------+
|  Function |
|   Memory  |
|Multiplexer|
|  Register |
+-----------+
|   Total   |
+-----------+
