

================================================================
== Vivado HLS Report for 'warpTransform'
================================================================
* Date:           Fri Jul 31 10:42:08 2020

* Version:        2018.3 (Build 2405991 on Thu Dec 06 23:56:15 MST 2018)
* Project:        warpPerpective
* Solution:       FullHD_solution
* Product family: zynq
* Target device:  xc7z020clg484-1


================================================================
== Performance Estimates
================================================================
+ Timing (ns): 
    * Summary: 
    +--------+-------+----------+------------+
    |  Clock | Target| Estimated| Uncertainty|
    +--------+-------+----------+------------+
    |ap_clk  |  10.00|     9.913|        1.25|
    +--------+-------+----------+------------+

+ Latency (clock cycles): 
    * Summary: 
    +-----+---------+-----+---------+----------+
    |    Latency    |    Interval   | Pipeline |
    | min |   max   | min |   max   |   Type   |
    +-----+---------+-----+---------+----------+
    |  120|  2162197|  119|  2162196| dataflow |
    +-----+---------+-----+---------+----------+

    + Detail: 
        * Instance: 
        N/A

        * Loop: 
        N/A

============================================================
+ Verbose Summary: Synthesis Manager
============================================================
InlineROM: 1
ExposeGlobal: 0
============================================================
+ Verbose Summary: CDFG Model
============================================================
IsTopModel: 0
ResetActiveHigh: 1
IsCombinational: 2
IsDatapathOnly: 0
HasWiredReturn: 1
HasMFsm: 0
HasVarLatency: 1
IsPipeline: 0
IsRtlPipelined: 0
IsInstanceOverlapped: 0
IsDontTouch: 0
HasImplIP: 0
IsGatedGlobalClock: 0


============================================================
+ Verbose Summary: Schedule
============================================================
* Number of FSM states : 7
* Pipeline : 0
* Dataflow Pipeline: 1
  DF-Pipeline-0: Size = 7, States = { 1 2 3 4 5 6 7 }

* FSM state transitions: 
1 --> 
	2  / true
2 --> 
	3  / true
3 --> 
	4  / true
4 --> 
	5  / true
5 --> 
	6  / true
6 --> 
	7  / true
7 --> 

* FSM state operations: 

State 1 <SV = 0> <Delay = 0.00>
ST_1 : Operation 8 [1/1] (0.00ns)   --->   "%p_src_mat_cols_load33 = alloca i12, align 2"   --->   Operation 8 'alloca' 'p_src_mat_cols_load33' <Predicate = true> <Delay = 0.00> <Core = "FIFO">   --->   Core 32 'FIFO' <Latency = 0> <II = 1> <Delay = 3.63> <Storage> <Opcode : 'read' 'write' 'nbread' 'nbwrite'> <Ports = 0> <Width = 12> <Depth = 2> <FIFO>
ST_1 : Operation 9 [1/1] (0.00ns)   --->   "%p_dst_mat_cols_c_i = alloca i12, align 2" [C:/Users/ASUS/AppData/Roaming/Xilinx/Vivado/arrayFAST/.lib/include/imgproc/xf_warp_transform.hpp:666]   --->   Operation 9 'alloca' 'p_dst_mat_cols_c_i' <Predicate = true> <Delay = 0.00> <Core = "FIFO">   --->   Core 32 'FIFO' <Latency = 0> <II = 1> <Delay = 3.63> <Storage> <Opcode : 'read' 'write' 'nbread' 'nbwrite'> <Ports = 0> <Width = 12> <Depth = 2> <FIFO>
ST_1 : Operation 10 [1/1] (0.00ns)   --->   "%p_dst_mat_rows_c_i = alloca i12, align 2" [C:/Users/ASUS/AppData/Roaming/Xilinx/Vivado/arrayFAST/.lib/include/imgproc/xf_warp_transform.hpp:666]   --->   Operation 10 'alloca' 'p_dst_mat_rows_c_i' <Predicate = true> <Delay = 0.00> <Core = "FIFO">   --->   Core 32 'FIFO' <Latency = 0> <II = 1> <Delay = 3.63> <Storage> <Opcode : 'read' 'write' 'nbread' 'nbwrite'> <Ports = 0> <Width = 12> <Depth = 2> <FIFO>
ST_1 : Operation 11 [1/1] (0.00ns)   --->   "%p_src_mat_rows_c_i = alloca i12, align 2" [C:/Users/ASUS/AppData/Roaming/Xilinx/Vivado/arrayFAST/.lib/include/imgproc/xf_warp_transform.hpp:666]   --->   Operation 11 'alloca' 'p_src_mat_rows_c_i' <Predicate = true> <Delay = 0.00> <Core = "FIFO">   --->   Core 32 'FIFO' <Latency = 0> <II = 1> <Delay = 3.63> <Storage> <Opcode : 'read' 'write' 'nbread' 'nbwrite'> <Ports = 0> <Width = 12> <Depth = 2> <FIFO>
ST_1 : Operation 12 [1/1] (0.00ns)   --->   "%p_src_mat_cols_load33_1 = alloca i12, align 2"   --->   Operation 12 'alloca' 'p_src_mat_cols_load33_1' <Predicate = true> <Delay = 0.00> <Core = "FIFO">   --->   Core 32 'FIFO' <Latency = 0> <II = 1> <Delay = 3.63> <Storage> <Opcode : 'read' 'write' 'nbread' 'nbwrite'> <Ports = 0> <Width = 12> <Depth = 2> <FIFO>
ST_1 : Operation 13 [1/1] (0.00ns)   --->   "%in_stream_V_V = alloca i8, align 1" [C:/Users/ASUS/AppData/Roaming/Xilinx/Vivado/arrayFAST/.lib/include/imgproc/xf_warp_transform.hpp:670]   --->   Operation 13 'alloca' 'in_stream_V_V' <Predicate = true> <Delay = 0.00> <Core = "FIFO">   --->   Core 32 'FIFO' <Latency = 0> <II = 1> <Delay = 3.63> <Storage> <Opcode : 'read' 'write' 'nbread' 'nbwrite'> <Ports = 0> <Width = 12> <Depth = 2> <FIFO>
ST_1 : Operation 14 [1/1] (0.00ns)   --->   "%out_stream_V_V = alloca i8, align 1" [C:/Users/ASUS/AppData/Roaming/Xilinx/Vivado/arrayFAST/.lib/include/imgproc/xf_warp_transform.hpp:671]   --->   Operation 14 'alloca' 'out_stream_V_V' <Predicate = true> <Delay = 0.00> <Core = "FIFO">   --->   Core 32 'FIFO' <Latency = 0> <II = 1> <Delay = 3.63> <Storage> <Opcode : 'read' 'write' 'nbread' 'nbwrite'> <Ports = 0> <Width = 12> <Depth = 2> <FIFO>
ST_1 : Operation 15 [1/1] (0.00ns)   --->   "call fastcc void @warpTransform_Block_.1(i12* nocapture %p_dst_mat_cols, i12* %p_dst_mat_cols_out, i12* nocapture %p_dst_mat_rows, i12* %p_dst_mat_rows_out, i12* %p_src_mat_cols, i12* %p_src_mat_rows, i12* %p_src_mat_cols_load33_1, i12* %p_src_mat_rows_c_i, i12* %p_dst_mat_rows_c_i, i12* %p_dst_mat_cols_c_i)" [C:/Users/ASUS/AppData/Roaming/Xilinx/Vivado/arrayFAST/.lib/include/imgproc/xf_warp_transform.hpp:666]   --->   Operation 15 'call' <Predicate = true> <Delay = 0.00> <CoreType = "Generic">   --->   Core 0 '' <Latency = 0> <II = 1> <Delay = 1.00> <Generic> <Opcode : >

State 2 <SV = 1> <Delay = 0.00>
ST_2 : Operation 16 [2/2] (0.00ns)   --->   "%p_src_mat_rows_load = call fastcc i12 @warpTransform_Loop_1(i12* %p_src_mat_rows_c_i, i12* %p_src_mat_cols_load33_1, i8* %p_src_mat_data_V, i8* %in_stream_V_V, i12* %p_src_mat_cols_load33)" [C:/Users/ASUS/AppData/Roaming/Xilinx/Vivado/arrayFAST/.lib/include/imgproc/xf_warp_transform.hpp:666]   --->   Operation 16 'call' 'p_src_mat_rows_load' <Predicate = true> <Delay = 0.00> <Core = "FIFO">   --->   Core 32 'FIFO' <Latency = 0> <II = 1> <Delay = 3.63> <Storage> <Opcode : 'read' 'write' 'nbread' 'nbwrite'> <Ports = 0> <Width = 12> <Depth = 2> <FIFO>

State 3 <SV = 2> <Delay = 0.00>
ST_3 : Operation 17 [1/2] (0.00ns)   --->   "%p_src_mat_rows_load = call fastcc i12 @warpTransform_Loop_1(i12* %p_src_mat_rows_c_i, i12* %p_src_mat_cols_load33_1, i8* %p_src_mat_data_V, i8* %in_stream_V_V, i12* %p_src_mat_cols_load33)" [C:/Users/ASUS/AppData/Roaming/Xilinx/Vivado/arrayFAST/.lib/include/imgproc/xf_warp_transform.hpp:666]   --->   Operation 17 'call' 'p_src_mat_rows_load' <Predicate = true> <Delay = 0.00> <Core = "FIFO">   --->   Core 32 'FIFO' <Latency = 0> <II = 1> <Delay = 3.63> <Storage> <Opcode : 'read' 'write' 'nbread' 'nbwrite'> <Ports = 0> <Width = 12> <Depth = 2> <FIFO>

State 4 <SV = 3> <Delay = 0.00>
ST_4 : Operation 18 [2/2] (0.00ns)   --->   "call fastcc void @warpTransform_Block_([9 x float]* %P_matrix, i12 %p_src_mat_rows_load, i12* %p_src_mat_cols_load33, i8* %in_stream_V_V, i8* %out_stream_V_V)" [C:/Users/ASUS/AppData/Roaming/Xilinx/Vivado/arrayFAST/.lib/include/imgproc/xf_warp_transform.hpp:666]   --->   Operation 18 'call' <Predicate = true> <Delay = 0.00> <CoreType = "Generic">   --->   Core 0 '' <Latency = 0> <II = 1> <Delay = 1.00> <Generic> <Opcode : >

State 5 <SV = 4> <Delay = 0.00>
ST_5 : Operation 19 [1/2] (0.00ns)   --->   "call fastcc void @warpTransform_Block_([9 x float]* %P_matrix, i12 %p_src_mat_rows_load, i12* %p_src_mat_cols_load33, i8* %in_stream_V_V, i8* %out_stream_V_V)" [C:/Users/ASUS/AppData/Roaming/Xilinx/Vivado/arrayFAST/.lib/include/imgproc/xf_warp_transform.hpp:666]   --->   Operation 19 'call' <Predicate = true> <Delay = 0.00> <CoreType = "Generic">   --->   Core 0 '' <Latency = 0> <II = 1> <Delay = 1.00> <Generic> <Opcode : >

State 6 <SV = 5> <Delay = 0.00>
ST_6 : Operation 20 [2/2] (0.00ns)   --->   "call fastcc void @warpTransform_Loop_4(i12* %p_dst_mat_rows_c_i, i12* %p_dst_mat_cols_c_i, i8* %out_stream_V_V, i8* %p_dst_mat_data_V)" [C:/Users/ASUS/AppData/Roaming/Xilinx/Vivado/arrayFAST/.lib/include/imgproc/xf_warp_transform.hpp:666]   --->   Operation 20 'call' <Predicate = true> <Delay = 0.00> <CoreType = "Generic">   --->   Core 0 '' <Latency = 0> <II = 1> <Delay = 1.00> <Generic> <Opcode : >

State 7 <SV = 6> <Delay = 0.00>
ST_7 : Operation 21 [1/1] (0.00ns)   --->   "call void (...)* @_ssdm_op_SpecInterface(i8* %p_dst_mat_data_V, [8 x i8]* @ap_fifo_str, i32 0, i32 0, [1 x i8]* @p_str390, i32 0, i32 0, [1 x i8]* @p_str391, [1 x i8]* @p_str392, [1 x i8]* @p_str393, i32 2, i32 2, i32 16, i32 16, [1 x i8]* @p_str394, [1 x i8]* @p_str395)"   --->   Operation 21 'specinterface' <Predicate = true> <Delay = 0.00>
ST_7 : Operation 22 [1/1] (0.00ns)   --->   "call void (...)* @_ssdm_op_SpecInterface(i8* %p_src_mat_data_V, [8 x i8]* @ap_fifo_str, i32 0, i32 0, [1 x i8]* @p_str397, i32 0, i32 0, [1 x i8]* @p_str398, [1 x i8]* @p_str399, [1 x i8]* @p_str400, i32 2, i32 2, i32 16, i32 16, [1 x i8]* @p_str401, [1 x i8]* @p_str402)"   --->   Operation 22 'specinterface' <Predicate = true> <Delay = 0.00>
ST_7 : Operation 23 [1/1] (0.00ns)   --->   "call void (...)* @_ssdm_op_SpecInterface(i12* %p_dst_mat_cols, [8 x i8]* @ap_fifo_str, i32 0, i32 0, [1 x i8]* @p_str311, i32 0, i32 0, [1 x i8]* @p_str312, [1 x i8]* @p_str313, [1 x i8]* @p_str314, i32 2, i32 2, i32 16, i32 16, [1 x i8]* @p_str315, [11 x i8]* @ScalarProp_str)"   --->   Operation 23 'specinterface' <Predicate = true> <Delay = 0.00>
ST_7 : Operation 24 [1/1] (0.00ns)   --->   "call void (...)* @_ssdm_op_SpecInterface(i12* %p_dst_mat_rows, [8 x i8]* @ap_fifo_str, i32 0, i32 0, [1 x i8]* @p_str306, i32 0, i32 0, [1 x i8]* @p_str307, [1 x i8]* @p_str308, [1 x i8]* @p_str309, i32 2, i32 2, i32 16, i32 16, [1 x i8]* @p_str310, [11 x i8]* @ScalarProp_str)"   --->   Operation 24 'specinterface' <Predicate = true> <Delay = 0.00>
ST_7 : Operation 25 [1/1] (0.00ns)   --->   "call void (...)* @_ssdm_op_SpecInterface(i12* %p_src_mat_rows, [8 x i8]* @ap_fifo_str, i32 0, i32 0, [1 x i8]* @p_str296, i32 0, i32 0, [1 x i8]* @p_str297, [1 x i8]* @p_str298, [1 x i8]* @p_str299, i32 2, i32 2, i32 16, i32 16, [1 x i8]* @p_str300, [11 x i8]* @ScalarProp_str)"   --->   Operation 25 'specinterface' <Predicate = true> <Delay = 0.00>
ST_7 : Operation 26 [1/1] (0.00ns)   --->   "call void (...)* @_ssdm_op_SpecInterface(i12* %p_src_mat_cols, [8 x i8]* @ap_fifo_str, i32 0, i32 0, [1 x i8]* @p_str301, i32 0, i32 0, [1 x i8]* @p_str302, [1 x i8]* @p_str303, [1 x i8]* @p_str304, i32 2, i32 2, i32 16, i32 16, [1 x i8]* @p_str305, [11 x i8]* @ScalarProp_str)"   --->   Operation 26 'specinterface' <Predicate = true> <Delay = 0.00>
ST_7 : Operation 27 [1/1] (0.00ns)   --->   "call void (...)* @_ssdm_op_SpecInterface(i12* %p_dst_mat_cols_out, [8 x i8]* @ap_fifo_str, i32 0, i32 0, [1 x i8]* @p_str332, i32 0, i32 0, [1 x i8]* @p_str333, [1 x i8]* @p_str334, [1 x i8]* @p_str335, i32 2, i32 2, i32 16, i32 16, [1 x i8]* @p_str336, [1 x i8]* @p_str337)"   --->   Operation 27 'specinterface' <Predicate = true> <Delay = 0.00>
ST_7 : Operation 28 [1/1] (0.00ns)   --->   "call void (...)* @_ssdm_op_SpecInterface(i12* %p_dst_mat_rows_out, [8 x i8]* @ap_fifo_str, i32 0, i32 0, [1 x i8]* @p_str354, i32 0, i32 0, [1 x i8]* @p_str355, [1 x i8]* @p_str356, [1 x i8]* @p_str357, i32 2, i32 2, i32 16, i32 16, [1 x i8]* @p_str358, [1 x i8]* @p_str359)"   --->   Operation 28 'specinterface' <Predicate = true> <Delay = 0.00>
ST_7 : Operation 29 [1/1] (0.00ns)   --->   "call void (...)* @_ssdm_op_SpecDataflowPipeline(i32 -1, i32 0, [1 x i8]* @p_str2) nounwind" [C:/Users/ASUS/AppData/Roaming/Xilinx/Vivado/arrayFAST/.lib/include/imgproc/xf_warp_transform.hpp:669]   --->   Operation 29 'specdataflowpipeline' <Predicate = true> <Delay = 0.00>
ST_7 : Operation 30 [1/1] (0.00ns)   --->   "%empty = call i32 (...)* @_ssdm_op_SpecChannel([14 x i8]* @in_stream_OC_V_OC_V_s, i32 1, [1 x i8]* @p_str102, [1 x i8]* @p_str102, i32 2, i32 2, i8* %in_stream_V_V, i8* %in_stream_V_V)"   --->   Operation 30 'specchannel' 'empty' <Predicate = true> <Delay = 0.00>
ST_7 : Operation 31 [1/1] (0.00ns)   --->   "call void (...)* @_ssdm_op_SpecInterface(i8* %in_stream_V_V, [8 x i8]* @ap_fifo_str, i32 0, i32 0, [1 x i8]* @p_str103, i32 0, i32 0, [1 x i8]* @p_str104, [1 x i8]* @p_str105, [1 x i8]* @p_str106, i32 2, i32 2, i32 16, i32 16, [1 x i8]* @p_str107, [1 x i8]* @p_str108)"   --->   Operation 31 'specinterface' <Predicate = true> <Delay = 0.00>
ST_7 : Operation 32 [1/1] (0.00ns)   --->   "%empty_49 = call i32 (...)* @_ssdm_op_SpecChannel([15 x i8]* @out_stream_OC_V_OC_V, i32 1, [1 x i8]* @p_str109, [1 x i8]* @p_str109, i32 2, i32 2, i8* %out_stream_V_V, i8* %out_stream_V_V)"   --->   Operation 32 'specchannel' 'empty_49' <Predicate = true> <Delay = 0.00>
ST_7 : Operation 33 [1/1] (0.00ns)   --->   "call void (...)* @_ssdm_op_SpecInterface(i8* %out_stream_V_V, [8 x i8]* @ap_fifo_str, i32 0, i32 0, [1 x i8]* @p_str110, i32 0, i32 0, [1 x i8]* @p_str111, [1 x i8]* @p_str112, [1 x i8]* @p_str113, i32 2, i32 2, i32 16, i32 16, [1 x i8]* @p_str114, [1 x i8]* @p_str115)"   --->   Operation 33 'specinterface' <Predicate = true> <Delay = 0.00>
ST_7 : Operation 34 [1/1] (0.00ns)   --->   "%empty_50 = call i32 (...)* @_ssdm_op_SpecChannel([28 x i8]* @p_src_mat_OC_cols_OC_1, i32 1, [1 x i8]* @p_str139, [1 x i8]* @p_str139, i32 2, i32 0, i12* %p_src_mat_cols_load33_1, i12* %p_src_mat_cols_load33_1)"   --->   Operation 34 'specchannel' 'empty_50' <Predicate = true> <Delay = 0.00>
ST_7 : Operation 35 [1/1] (0.00ns)   --->   "call void (...)* @_ssdm_op_SpecInterface(i12* %p_src_mat_cols_load33_1, [8 x i8]* @ap_fifo_str, i32 0, i32 0, [1 x i8]* @p_str140, i32 0, i32 0, [1 x i8]* @p_str141, [1 x i8]* @p_str142, [1 x i8]* @p_str143, i32 2, i32 2, i32 16, i32 16, [1 x i8]* @p_str144, [1 x i8]* @p_str145)"   --->   Operation 35 'specinterface' <Predicate = true> <Delay = 0.00>
ST_7 : Operation 36 [1/1] (0.00ns)   --->   "%empty_51 = call i32 (...)* @_ssdm_op_SpecChannel([16 x i8]* @p_src_mat_OC_rows_c_s, i32 1, [1 x i8]* @p_str146, [1 x i8]* @p_str146, i32 2, i32 0, i12* %p_src_mat_rows_c_i, i12* %p_src_mat_rows_c_i)" [C:/Users/ASUS/AppData/Roaming/Xilinx/Vivado/arrayFAST/.lib/include/imgproc/xf_warp_transform.hpp:666]   --->   Operation 36 'specchannel' 'empty_51' <Predicate = true> <Delay = 0.00>
ST_7 : Operation 37 [1/1] (0.00ns)   --->   "call void (...)* @_ssdm_op_SpecInterface(i12* %p_src_mat_rows_c_i, [8 x i8]* @ap_fifo_str, i32 0, i32 0, [1 x i8]* @p_str147, i32 0, i32 0, [1 x i8]* @p_str148, [1 x i8]* @p_str149, [1 x i8]* @p_str150, i32 2, i32 2, i32 16, i32 16, [1 x i8]* @p_str151, [1 x i8]* @p_str152)" [C:/Users/ASUS/AppData/Roaming/Xilinx/Vivado/arrayFAST/.lib/include/imgproc/xf_warp_transform.hpp:666]   --->   Operation 37 'specinterface' <Predicate = true> <Delay = 0.00>
ST_7 : Operation 38 [1/1] (0.00ns)   --->   "%empty_52 = call i32 (...)* @_ssdm_op_SpecChannel([16 x i8]* @p_dst_mat_OC_rows_c_s, i32 1, [1 x i8]* @p_str153, [1 x i8]* @p_str153, i32 4, i32 0, i12* %p_dst_mat_rows_c_i, i12* %p_dst_mat_rows_c_i)" [C:/Users/ASUS/AppData/Roaming/Xilinx/Vivado/arrayFAST/.lib/include/imgproc/xf_warp_transform.hpp:666]   --->   Operation 38 'specchannel' 'empty_52' <Predicate = true> <Delay = 0.00>
ST_7 : Operation 39 [1/1] (0.00ns)   --->   "call void (...)* @_ssdm_op_SpecInterface(i12* %p_dst_mat_rows_c_i, [8 x i8]* @ap_fifo_str, i32 0, i32 0, [1 x i8]* @p_str154, i32 0, i32 0, [1 x i8]* @p_str155, [1 x i8]* @p_str156, [1 x i8]* @p_str157, i32 2, i32 2, i32 16, i32 16, [1 x i8]* @p_str158, [1 x i8]* @p_str159)" [C:/Users/ASUS/AppData/Roaming/Xilinx/Vivado/arrayFAST/.lib/include/imgproc/xf_warp_transform.hpp:666]   --->   Operation 39 'specinterface' <Predicate = true> <Delay = 0.00>
ST_7 : Operation 40 [1/1] (0.00ns)   --->   "%empty_53 = call i32 (...)* @_ssdm_op_SpecChannel([16 x i8]* @p_dst_mat_OC_cols_c_s, i32 1, [1 x i8]* @p_str160, [1 x i8]* @p_str160, i32 4, i32 0, i12* %p_dst_mat_cols_c_i, i12* %p_dst_mat_cols_c_i)" [C:/Users/ASUS/AppData/Roaming/Xilinx/Vivado/arrayFAST/.lib/include/imgproc/xf_warp_transform.hpp:666]   --->   Operation 40 'specchannel' 'empty_53' <Predicate = true> <Delay = 0.00>
ST_7 : Operation 41 [1/1] (0.00ns)   --->   "call void (...)* @_ssdm_op_SpecInterface(i12* %p_dst_mat_cols_c_i, [8 x i8]* @ap_fifo_str, i32 0, i32 0, [1 x i8]* @p_str161, i32 0, i32 0, [1 x i8]* @p_str162, [1 x i8]* @p_str163, [1 x i8]* @p_str164, i32 2, i32 2, i32 16, i32 16, [1 x i8]* @p_str165, [1 x i8]* @p_str166)" [C:/Users/ASUS/AppData/Roaming/Xilinx/Vivado/arrayFAST/.lib/include/imgproc/xf_warp_transform.hpp:666]   --->   Operation 41 'specinterface' <Predicate = true> <Delay = 0.00>
ST_7 : Operation 42 [1/1] (0.00ns)   --->   "%empty_54 = call i32 (...)* @_ssdm_op_SpecChannel([30 x i8]* @p_src_mat_OC_cols_OC_s, i32 1, [1 x i8]* @p_str183, [1 x i8]* @p_str183, i32 2, i32 0, i12* %p_src_mat_cols_load33, i12* %p_src_mat_cols_load33)"   --->   Operation 42 'specchannel' 'empty_54' <Predicate = true> <Delay = 0.00>
ST_7 : Operation 43 [1/1] (0.00ns)   --->   "call void (...)* @_ssdm_op_SpecInterface(i12* %p_src_mat_cols_load33, [8 x i8]* @ap_fifo_str, i32 0, i32 0, [1 x i8]* @p_str184, i32 0, i32 0, [1 x i8]* @p_str185, [1 x i8]* @p_str186, [1 x i8]* @p_str187, i32 2, i32 2, i32 16, i32 16, [1 x i8]* @p_str188, [1 x i8]* @p_str189)"   --->   Operation 43 'specinterface' <Predicate = true> <Delay = 0.00>
ST_7 : Operation 44 [1/2] (0.00ns)   --->   "call fastcc void @warpTransform_Loop_4(i12* %p_dst_mat_rows_c_i, i12* %p_dst_mat_cols_c_i, i8* %out_stream_V_V, i8* %p_dst_mat_data_V)" [C:/Users/ASUS/AppData/Roaming/Xilinx/Vivado/arrayFAST/.lib/include/imgproc/xf_warp_transform.hpp:666]   --->   Operation 44 'call' <Predicate = true> <Delay = 0.00> <CoreType = "Generic">   --->   Core 0 '' <Latency = 0> <II = 1> <Delay = 1.00> <Generic> <Opcode : >
ST_7 : Operation 45 [1/1] (0.00ns)   --->   "ret void"   --->   Operation 45 'ret' <Predicate = true> <Delay = 0.00>


============================================================
+ Verbose Summary: Timing violations
============================================================
Target clock period: 10ns, clock uncertainty: 1.25ns.

 <State 1>: 0ns
The critical path consists of the following:

 <State 2>: 0ns
The critical path consists of the following:

 <State 3>: 0ns
The critical path consists of the following:

 <State 4>: 0ns
The critical path consists of the following:

 <State 5>: 0ns
The critical path consists of the following:

 <State 6>: 0ns
The critical path consists of the following:

 <State 7>: 0ns
The critical path consists of the following:


============================================================
+ Verbose Summary: Binding
============================================================
N/A
* FSMD analyzer results:
  - Output states:
 - Input state : 
  - Chain level:
	State 1
	State 2
	State 3
	State 4
	State 5
	State 6
	State 7


============================================================
+ Verbose Summary: Datapath Resource usage 
============================================================
N/A
