

================================================================
== Vivado HLS Report for 'AXIvideo2xfMat'
================================================================
* Date:           Fri Jul 31 10:42:14 2020

* Version:        2018.3 (Build 2405991 on Thu Dec 06 23:56:15 MST 2018)
* Project:        warpPerpective
* Solution:       FullHD_solution
* Product family: zynq
* Target device:  xc7z020clg484-1


================================================================
== Performance Estimates
================================================================
+ Timing (ns): 
    * Summary: 
    +--------+-------+----------+------------+
    |  Clock | Target| Estimated| Uncertainty|
    +--------+-------+----------+------------+
    |ap_clk  |  10.00|     7.268|        1.25|
    +--------+-------+----------+------------+

+ Latency (clock cycles): 
    * Summary: 
    +-----+---------+-----+---------+---------+
    |    Latency    |    Interval   | Pipeline|
    | min |   max   | min |   max   |   Type  |
    +-----+---------+-----+---------+---------+
    |    3|  2079003|    3|  2079003|   none  |
    +-----+---------+-----+---------+---------+

    + Detail: 
        * Instance: 
        N/A

        * Loop: 
        +-----------------------+-----+---------+----------+-----------+-----------+----------+----------+
        |                       |    Latency    | Iteration|  Initiation Interval  |   Trip   |          |
        |       Loop Name       | min |   max   |  Latency |  achieved |   target  |   Count  | Pipelined|
        +-----------------------+-----+---------+----------+-----------+-----------+----------+----------+
        |- loop_wait_for_start  |    0|        0|         1|          1|          1|         0|    yes   |
        |- loop_height          |    0|  2079000| 5 ~ 1925 |          -|          -| 0 ~ 1080 |    no    |
        | + loop_width          |    0|     1920|         2|          1|          1| 0 ~ 1920 |    yes   |
        | + loop_wait_for_eol   |    0|        0|         1|          1|          1|         0|    yes   |
        +-----------------------+-----+---------+----------+-----------+-----------+----------+----------+



================================================================
== Utilization Estimates
================================================================
* Summary: 
+-----------------+---------+-------+--------+-------+
|       Name      | BRAM_18K| DSP48E|   FF   |  LUT  |
+-----------------+---------+-------+--------+-------+
|DSP              |        -|      -|       -|      -|
|Expression       |        -|      -|       0|    108|
|FIFO             |        -|      -|       -|      -|
|Instance         |        -|      -|       -|      -|
|Memory           |        -|      -|       -|      -|
|Multiplexer      |        -|      -|       -|    356|
|Register         |        -|      -|     151|      -|
+-----------------+---------+-------+--------+-------+
|Total            |        0|      0|     151|    464|
+-----------------+---------+-------+--------+-------+
|Available        |      280|    220|  106400|  53200|
+-----------------+---------+-------+--------+-------+
|Utilization (%)  |        0|      0|   ~0   |   ~0  |
+-----------------+---------+-------+--------+-------+

+ Detail: 
    * Instance: 
    N/A

    * DSP48: 
    N/A

    * Memory: 
    N/A

    * FIFO: 
    N/A

    * Expression: 
    +------------------------------------------+----------+-------+---+----+------------+------------+
    |               Variable Name              | Operation| DSP48E| FF| LUT| Bitwidth P0| Bitwidth P1|
    +------------------------------------------+----------+-------+---+----+------------+------------+
    |i_fu_357_p2                               |     +    |      0|  0|  13|          11|           1|
    |j_fu_372_p2                               |     +    |      0|  0|  13|          11|           1|
    |AXI_video_strm_V_data_V_0_load_A          |    and   |      0|  0|   2|           1|           1|
    |AXI_video_strm_V_data_V_0_load_B          |    and   |      0|  0|   2|           1|           1|
    |AXI_video_strm_V_last_V_0_load_A          |    and   |      0|  0|   2|           1|           1|
    |AXI_video_strm_V_last_V_0_load_B          |    and   |      0|  0|   2|           1|           1|
    |AXI_video_strm_V_user_V_0_load_A          |    and   |      0|  0|   2|           1|           1|
    |AXI_video_strm_V_user_V_0_load_B          |    and   |      0|  0|   2|           1|           1|
    |ap_block_state5_pp1_stage0_iter0          |    and   |      0|  0|   2|           1|           1|
    |ap_block_state6_pp1_stage0_iter1          |    and   |      0|  0|   2|           1|           1|
    |ap_block_state8                           |    and   |      0|  0|   2|           1|           1|
    |ap_condition_568                          |    and   |      0|  0|   2|           1|           1|
    |ap_predicate_op65_read_state5             |    and   |      0|  0|   2|           1|           1|
    |AXI_video_strm_V_data_V_0_state_cmp_full  |   icmp   |      0|  0|   8|           2|           1|
    |AXI_video_strm_V_last_V_0_state_cmp_full  |   icmp   |      0|  0|   8|           2|           1|
    |AXI_video_strm_V_user_V_0_state_cmp_full  |   icmp   |      0|  0|   8|           2|           1|
    |tmp_137_i_fu_352_p2                       |   icmp   |      0|  0|  13|          12|          12|
    |tmp_138_i_fu_367_p2                       |   icmp   |      0|  0|  13|          12|          12|
    |ap_block_pp1_stage0_01001                 |    or    |      0|  0|   2|           1|           1|
    |ap_block_state1                           |    or    |      0|  0|   2|           1|           1|
    |brmerge_i_fu_381_p2                       |    or    |      0|  0|   2|           1|           1|
    |ap_enable_pp1                             |    xor   |      0|  0|   2|           1|           2|
    |ap_enable_reg_pp1_iter1                   |    xor   |      0|  0|   2|           2|           1|
    +------------------------------------------+----------+-------+---+----+------------+------------+
    |Total                                     |          |      0|  0| 108|          69|          46|
    +------------------------------------------+----------+-------+---+----+------------+------------+

    * Multiplexer: 
    +-----------------------------------------+----+-----------+-----+-----------+
    |                   Name                  | LUT| Input Size| Bits| Total Bits|
    +-----------------------------------------+----+-----------+-----+-----------+
    |AXI_video_strm_V_data_V_0_data_out       |   9|          2|    8|         16|
    |AXI_video_strm_V_data_V_0_state          |  15|          3|    2|          6|
    |AXI_video_strm_V_dest_V_0_state          |  15|          3|    2|          6|
    |AXI_video_strm_V_last_V_0_data_out       |   9|          2|    1|          2|
    |AXI_video_strm_V_last_V_0_state          |  15|          3|    2|          6|
    |AXI_video_strm_V_user_V_0_data_out       |   9|          2|    1|          2|
    |AXI_video_strm_V_user_V_0_state          |  15|          3|    2|          6|
    |ap_NS_fsm                                |  44|          9|    1|          9|
    |ap_done                                  |   9|          2|    1|          2|
    |ap_enable_reg_pp1_iter1                  |  15|          3|    1|          3|
    |ap_phi_mux_axi_data_V_1_i_phi_fu_238_p4  |   9|          2|    8|         16|
    |ap_phi_mux_eol_i_phi_fu_250_p4           |   9|          2|    1|          2|
    |ap_phi_mux_eol_phi_fu_227_p4             |   9|          2|    1|          2|
    |axi_data_V1_i_reg_203                    |   9|          2|    8|         16|
    |axi_data_V_1_i_reg_235                   |   9|          2|    8|         16|
    |axi_data_V_3_i_reg_307                   |   9|          2|    8|         16|
    |axi_last_V1_i_reg_193                    |   9|          2|    1|          2|
    |axi_last_V_2_i_reg_269                   |  15|          3|    1|          3|
    |axi_last_V_3_i_reg_295                   |   9|          2|    1|          2|
    |eol_2_i_reg_319                          |   9|          2|    1|          2|
    |eol_i_reg_246                            |   9|          2|    1|          2|
    |eol_reg_224                              |   9|          2|    1|          2|
    |i_i_reg_213                              |   9|          2|   11|         22|
    |img_cols_blk_n                           |   9|          2|    1|          2|
    |img_cols_out_blk_n                       |   9|          2|    1|          2|
    |img_data_V_blk_n                         |   9|          2|    1|          2|
    |img_rows_blk_n                           |   9|          2|    1|          2|
    |img_rows_out_blk_n                       |   9|          2|    1|          2|
    |j_i_reg_258                              |   9|          2|   11|         22|
    |p_Val2_s_reg_282                         |  15|          3|    8|         24|
    |p_src_TDATA_blk_n                        |   9|          2|    1|          2|
    +-----------------------------------------+----+-----------+-----+-----------+
    |Total                                    | 356|         76|   97|        219|
    +-----------------------------------------+----+-----------+-----+-----------+

    * Register: 
    +-------------------------------------+----+----+-----+-----------+
    |                 Name                | FF | LUT| Bits| Const Bits|
    +-------------------------------------+----+----+-----+-----------+
    |AXI_video_strm_V_data_V_0_payload_A  |   8|   0|    8|          0|
    |AXI_video_strm_V_data_V_0_payload_B  |   8|   0|    8|          0|
    |AXI_video_strm_V_data_V_0_sel_rd     |   1|   0|    1|          0|
    |AXI_video_strm_V_data_V_0_sel_wr     |   1|   0|    1|          0|
    |AXI_video_strm_V_data_V_0_state      |   2|   0|    2|          0|
    |AXI_video_strm_V_dest_V_0_state      |   2|   0|    2|          0|
    |AXI_video_strm_V_last_V_0_payload_A  |   1|   0|    1|          0|
    |AXI_video_strm_V_last_V_0_payload_B  |   1|   0|    1|          0|
    |AXI_video_strm_V_last_V_0_sel_rd     |   1|   0|    1|          0|
    |AXI_video_strm_V_last_V_0_sel_wr     |   1|   0|    1|          0|
    |AXI_video_strm_V_last_V_0_state      |   2|   0|    2|          0|
    |AXI_video_strm_V_user_V_0_payload_A  |   1|   0|    1|          0|
    |AXI_video_strm_V_user_V_0_payload_B  |   1|   0|    1|          0|
    |AXI_video_strm_V_user_V_0_sel_rd     |   1|   0|    1|          0|
    |AXI_video_strm_V_user_V_0_sel_wr     |   1|   0|    1|          0|
    |AXI_video_strm_V_user_V_0_state      |   2|   0|    2|          0|
    |ap_CS_fsm                            |   8|   0|    8|          0|
    |ap_done_reg                          |   1|   0|    1|          0|
    |ap_enable_reg_pp1_iter0              |   1|   0|    1|          0|
    |ap_enable_reg_pp1_iter1              |   1|   0|    1|          0|
    |axi_data_V1_i_reg_203                |   8|   0|    8|          0|
    |axi_data_V_1_i_reg_235               |   8|   0|    8|          0|
    |axi_data_V_3_i_reg_307               |   8|   0|    8|          0|
    |axi_last_V1_i_reg_193                |   1|   0|    1|          0|
    |axi_last_V_2_i_reg_269               |   1|   0|    1|          0|
    |axi_last_V_3_i_reg_295               |   1|   0|    1|          0|
    |eol_2_i_reg_319                      |   1|   0|    1|          0|
    |eol_i_reg_246                        |   1|   0|    1|          0|
    |eol_reg_224                          |   1|   0|    1|          0|
    |i_i_reg_213                          |  11|   0|   11|          0|
    |i_reg_426                            |  11|   0|   11|          0|
    |img_cols_read_reg_397                |  12|   0|   12|          0|
    |img_rows_read_reg_392                |  12|   0|   12|          0|
    |j_i_reg_258                          |  11|   0|   11|          0|
    |p_Val2_s_reg_282                     |   8|   0|    8|          0|
    |sof_1_i_fu_136                       |   1|   0|    1|          0|
    |tmp_138_i_reg_431                    |   1|   0|    1|          0|
    |tmp_data_V_reg_402                   |   8|   0|    8|          0|
    |tmp_last_V_reg_410                   |   1|   0|    1|          0|
    +-------------------------------------+----+----+-----+-----------+
    |Total                                | 151|   0|  151|          0|
    +-------------------------------------+----+----+-----+-----------+



================================================================
== Interface
================================================================
* Summary: 
+---------------------+-----+-----+------------+-------------------------+--------------+
|      RTL Ports      | Dir | Bits|  Protocol  |      Source Object      |    C Type    |
+---------------------+-----+-----+------------+-------------------------+--------------+
|ap_clk               |  in |    1| ap_ctrl_hs |      AXIvideo2xfMat     | return value |
|ap_rst               |  in |    1| ap_ctrl_hs |      AXIvideo2xfMat     | return value |
|ap_start             |  in |    1| ap_ctrl_hs |      AXIvideo2xfMat     | return value |
|ap_done              | out |    1| ap_ctrl_hs |      AXIvideo2xfMat     | return value |
|ap_continue          |  in |    1| ap_ctrl_hs |      AXIvideo2xfMat     | return value |
|ap_idle              | out |    1| ap_ctrl_hs |      AXIvideo2xfMat     | return value |
|ap_ready             | out |    1| ap_ctrl_hs |      AXIvideo2xfMat     | return value |
|p_src_TDATA          |  in |    8|    axis    | AXI_video_strm_V_data_V |    pointer   |
|p_src_TVALID         |  in |    1|    axis    | AXI_video_strm_V_dest_V |    pointer   |
|p_src_TREADY         | out |    1|    axis    | AXI_video_strm_V_dest_V |    pointer   |
|p_src_TDEST          |  in |    1|    axis    | AXI_video_strm_V_dest_V |    pointer   |
|p_src_TKEEP          |  in |    1|    axis    | AXI_video_strm_V_keep_V |    pointer   |
|p_src_TSTRB          |  in |    1|    axis    | AXI_video_strm_V_strb_V |    pointer   |
|p_src_TUSER          |  in |    1|    axis    | AXI_video_strm_V_user_V |    pointer   |
|p_src_TLAST          |  in |    1|    axis    | AXI_video_strm_V_last_V |    pointer   |
|p_src_TID            |  in |    1|    axis    |  AXI_video_strm_V_id_V  |    pointer   |
|img_rows_dout        |  in |   12|   ap_fifo  |         img_rows        |    pointer   |
|img_rows_empty_n     |  in |    1|   ap_fifo  |         img_rows        |    pointer   |
|img_rows_read        | out |    1|   ap_fifo  |         img_rows        |    pointer   |
|img_cols_dout        |  in |   12|   ap_fifo  |         img_cols        |    pointer   |
|img_cols_empty_n     |  in |    1|   ap_fifo  |         img_cols        |    pointer   |
|img_cols_read        | out |    1|   ap_fifo  |         img_cols        |    pointer   |
|img_data_V_din       | out |    8|   ap_fifo  |        img_data_V       |    pointer   |
|img_data_V_full_n    |  in |    1|   ap_fifo  |        img_data_V       |    pointer   |
|img_data_V_write     | out |    1|   ap_fifo  |        img_data_V       |    pointer   |
|img_rows_out_din     | out |   12|   ap_fifo  |       img_rows_out      |    pointer   |
|img_rows_out_full_n  |  in |    1|   ap_fifo  |       img_rows_out      |    pointer   |
|img_rows_out_write   | out |    1|   ap_fifo  |       img_rows_out      |    pointer   |
|img_cols_out_din     | out |   12|   ap_fifo  |       img_cols_out      |    pointer   |
|img_cols_out_full_n  |  in |    1|   ap_fifo  |       img_cols_out      |    pointer   |
|img_cols_out_write   | out |    1|   ap_fifo  |       img_cols_out      |    pointer   |
+---------------------+-----+-----+------------+-------------------------+--------------+

