

================================================================
== Vivado HLS Report for 'Block_proc'
================================================================
* Date:           Fri Jul 31 10:42:13 2020

* Version:        2018.3 (Build 2405991 on Thu Dec 06 23:56:15 MST 2018)
* Project:        warpPerpective
* Solution:       FullHD_solution
* Product family: zynq
* Target device:  xc7z020clg484-1


================================================================
== Performance Estimates
================================================================
+ Timing (ns): 
    * Summary: 
    +--------+-------+----------+------------+
    |  Clock | Target| Estimated| Uncertainty|
    +--------+-------+----------+------------+
    |ap_clk  |  10.00|     3.634|        1.25|
    +--------+-------+----------+------------+

+ Latency (clock cycles): 
    * Summary: 
    +-----+-----+-----+-----+---------+
    |  Latency  |  Interval | Pipeline|
    | min | max | min | max |   Type  |
    +-----+-----+-----+-----+---------+
    |    0|    0|    0|    0|   none  |
    +-----+-----+-----+-----+---------+

    + Detail: 
        * Instance: 
        N/A

        * Loop: 
        N/A



================================================================
== Utilization Estimates
================================================================
* Summary: 
+-----------------+---------+-------+--------+-------+
|       Name      | BRAM_18K| DSP48E|   FF   |  LUT  |
+-----------------+---------+-------+--------+-------+
|DSP              |        -|      -|       -|      -|
|Expression       |        -|      -|       0|      2|
|FIFO             |        -|      -|       -|      -|
|Instance         |        -|      -|       -|      -|
|Memory           |        -|      -|       -|      -|
|Multiplexer      |        -|      -|       -|     45|
|Register         |        -|      -|       2|      -|
+-----------------+---------+-------+--------+-------+
|Total            |        0|      0|       2|     47|
+-----------------+---------+-------+--------+-------+
|Available        |      280|    220|  106400|  53200|
+-----------------+---------+-------+--------+-------+
|Utilization (%)  |        0|      0|   ~0   |   ~0  |
+-----------------+---------+-------+--------+-------+

+ Detail: 
    * Instance: 
    N/A

    * DSP48: 
    N/A

    * Memory: 
    N/A

    * FIFO: 
    N/A

    * Expression: 
    +-----------------+----------+-------+---+----+------------+------------+
    |  Variable Name  | Operation| DSP48E| FF| LUT| Bitwidth P0| Bitwidth P1|
    +-----------------+----------+-------+---+----+------------+------------+
    |ap_block_state1  |    or    |      0|  0|   2|           1|           1|
    +-----------------+----------+-------+---+----+------------+------------+
    |Total            |          |      0|  0|   2|           1|           1|
    +-----------------+----------+-------+---+----+------------+------------+

    * Multiplexer: 
    +---------------------------+----+-----------+-----+-----------+
    |            Name           | LUT| Input Size| Bits| Total Bits|
    +---------------------------+----+-----------+-----+-----------+
    |ap_done                    |   9|          2|    1|          2|
    |imgInput1_cols_out_blk_n   |   9|          2|    1|          2|
    |imgInput1_rows_out_blk_n   |   9|          2|    1|          2|
    |imgOutput1_cols_out_blk_n  |   9|          2|    1|          2|
    |imgOutput1_rows_out_blk_n  |   9|          2|    1|          2|
    +---------------------------+----+-----------+-----+-----------+
    |Total                      |  45|         10|    5|         10|
    +---------------------------+----+-----------+-----+-----------+

    * Register: 
    +-------------+---+----+-----+-----------+
    |     Name    | FF| LUT| Bits| Const Bits|
    +-------------+---+----+-----+-----------+
    |ap_CS_fsm    |  1|   0|    1|          0|
    |ap_done_reg  |  1|   0|    1|          0|
    +-------------+---+----+-----+-----------+
    |Total        |  2|   0|    2|          0|
    +-------------+---+----+-----+-----------+



================================================================
== Interface
================================================================
* Summary: 
+----------------------------+-----+-----+------------+---------------------+--------------+
|          RTL Ports         | Dir | Bits|  Protocol  |    Source Object    |    C Type    |
+----------------------------+-----+-----+------------+---------------------+--------------+
|ap_clk                      |  in |    1| ap_ctrl_hs |     Block__proc     | return value |
|ap_rst                      |  in |    1| ap_ctrl_hs |     Block__proc     | return value |
|ap_start                    |  in |    1| ap_ctrl_hs |     Block__proc     | return value |
|ap_done                     | out |    1| ap_ctrl_hs |     Block__proc     | return value |
|ap_continue                 |  in |    1| ap_ctrl_hs |     Block__proc     | return value |
|ap_idle                     | out |    1| ap_ctrl_hs |     Block__proc     | return value |
|ap_ready                    | out |    1| ap_ctrl_hs |     Block__proc     | return value |
|imgInput1_rows_out_din      | out |   12|   ap_fifo  |  imgInput1_rows_out |    pointer   |
|imgInput1_rows_out_full_n   |  in |    1|   ap_fifo  |  imgInput1_rows_out |    pointer   |
|imgInput1_rows_out_write    | out |    1|   ap_fifo  |  imgInput1_rows_out |    pointer   |
|imgInput1_cols_out_din      | out |   12|   ap_fifo  |  imgInput1_cols_out |    pointer   |
|imgInput1_cols_out_full_n   |  in |    1|   ap_fifo  |  imgInput1_cols_out |    pointer   |
|imgInput1_cols_out_write    | out |    1|   ap_fifo  |  imgInput1_cols_out |    pointer   |
|imgOutput1_rows_out_din     | out |   12|   ap_fifo  | imgOutput1_rows_out |    pointer   |
|imgOutput1_rows_out_full_n  |  in |    1|   ap_fifo  | imgOutput1_rows_out |    pointer   |
|imgOutput1_rows_out_write   | out |    1|   ap_fifo  | imgOutput1_rows_out |    pointer   |
|imgOutput1_cols_out_din     | out |   12|   ap_fifo  | imgOutput1_cols_out |    pointer   |
|imgOutput1_cols_out_full_n  |  in |    1|   ap_fifo  | imgOutput1_cols_out |    pointer   |
|imgOutput1_cols_out_write   | out |    1|   ap_fifo  | imgOutput1_cols_out |    pointer   |
+----------------------------+-----+-----+------------+---------------------+--------------+

