

================================================================
== Vivado HLS Report for 'floor'
================================================================
* Date:           Fri Jul 31 10:42:16 2020

* Version:        2018.3 (Build 2405991 on Thu Dec 06 23:56:15 MST 2018)
* Project:        warpPerpective
* Solution:       FullHD_solution
* Product family: zynq
* Target device:  xc7z020clg484-1


================================================================
== Performance Estimates
================================================================
+ Timing (ns): 
    * Summary: 
    +--------+-------+----------+------------+
    |  Clock | Target| Estimated| Uncertainty|
    +--------+-------+----------+------------+
    |ap_clk  |  10.00|     7.787|        1.25|
    +--------+-------+----------+------------+

+ Latency (clock cycles): 
    * Summary: 
    +-----+-----+-----+-----+----------+
    |  Latency  |  Interval | Pipeline |
    | min | max | min | max |   Type   |
    +-----+-----+-----+-----+----------+
    |    2|    2|    1|    1| function |
    +-----+-----+-----+-----+----------+

    + Detail: 
        * Instance: 
        N/A

        * Loop: 
        N/A



================================================================
== Utilization Estimates
================================================================
* Summary: 
+-----------------+---------+-------+--------+-------+
|       Name      | BRAM_18K| DSP48E|   FF   |  LUT  |
+-----------------+---------+-------+--------+-------+
|DSP              |        -|      -|       -|      -|
|Expression       |        -|      -|       0|    518|
|FIFO             |        -|      -|       -|      -|
|Instance         |        -|      -|       -|      -|
|Memory           |        2|      -|       0|      0|
|Multiplexer      |        -|      -|       -|      -|
|Register         |        -|      -|     327|      -|
+-----------------+---------+-------+--------+-------+
|Total            |        2|      0|     327|    518|
+-----------------+---------+-------+--------+-------+
|Available        |      280|    220|  106400|  53200|
+-----------------+---------+-------+--------+-------+
|Utilization (%)  |    ~0   |      0|   ~0   |   ~0  |
+-----------------+---------+-------+--------+-------+

+ Detail: 
    * Instance: 
    N/A

    * DSP48: 
    N/A

    * Memory: 
    +---------------+-------------------+---------+---+----+------+-----+------+-------------+
    |     Memory    |       Module      | BRAM_18K| FF| LUT| Words| Bits| Banks| W*Bits*Banks|
    +---------------+-------------------+---------+---+----+------+-----+------+-------------+
    |mask_table1_U  |floor_mask_table1  |        2|  0|   0|    64|   52|     1|         3328|
    +---------------+-------------------+---------+---+----+------+-----+------+-------------+
    |Total          |                   |        2|  0|   0|    64|   52|     1|         3328|
    +---------------+-------------------+---------+---+----+------+-----+------+-------------+

    * FIFO: 
    N/A

    * Expression: 
    +-------------------------------+----------+-------+---+----+------------+------------+
    |         Variable Name         | Operation| DSP48E| FF| LUT| Bitwidth P0| Bitwidth P1|
    +-------------------------------+----------+-------+---+----+------------+------------+
    |p_Val2_39_fu_127_p2            |     +    |      0|  0|  71|          64|          64|
    |ap_block_pp0_stage0_11001      |    and   |      0|  0|   2|           1|           1|
    |sel_tmp5_i_fu_231_p2           |    and   |      0|  0|   2|           1|           1|
    |sel_tmp9_i_fu_252_p2           |    and   |      0|  0|   2|           1|           1|
    |tmp_fu_247_p2                  |    and   |      0|  0|   2|           1|           1|
    |xs_sig_V_fu_178_p2             |    and   |      0|  0|  52|          52|          52|
    |xs_sign_V_fu_167_p2            |    and   |      0|  0|   2|           1|           1|
    |notlhs_i_fu_194_p2             |   icmp   |      0|  0|  29|          52|           1|
    |notrhs_i_fu_199_p2             |   icmp   |      0|  0|  13|          11|           1|
    |tmp_i_55_fu_111_p2             |   icmp   |      0|  0|  13|          11|          11|
    |tmp_i_fu_106_p2                |   icmp   |      0|  0|  13|          11|          10|
    |ap_block_pp0_stage0_subdone    |    or    |      0|  0|   2|           1|           1|
    |sel_tmp2_demorgan_i_fu_211_p2  |    or    |      0|  0|   2|           1|           1|
    |sel_tmp8_i_fu_243_p2           |    or    |      0|  0|   2|           1|           1|
    |ap_return                      |  select  |      0|  0|  64|           1|          64|
    |sel_tmp3_v_i_fu_215_p3         |  select  |      0|  0|  64|           1|          64|
    |sel_tmp6_i_fu_236_p3           |  select  |      0|  0|  64|           1|          64|
    |xs_exp_V_fu_161_p3             |  select  |      0|  0|  11|           1|          11|
    |xs_sig_V_2_fu_155_p3           |  select  |      0|  0|  52|           1|          52|
    |ap_enable_pp0                  |    xor   |      0|  0|   2|           1|           2|
    |sel_tmp4_i_fu_226_p2           |    xor   |      0|  0|   2|           1|           2|
    |tmp_4_i_fu_172_p2              |    xor   |      0|  0|  52|          52|           2|
    +-------------------------------+----------+-------+---+----+------------+------------+
    |Total                          |          |      0|  0| 518|         268|         408|
    +-------------------------------+----------+-------+---+----+------------+------------+

    * Multiplexer: 
    N/A

    * Register: 
    +----------------------------------+----+----+-----+-----------+
    |               Name               | FF | LUT| Bits| Const Bits|
    +----------------------------------+----+----+-----+-----------+
    |ap_CS_fsm                         |   1|   0|    1|          0|
    |ap_enable_reg_pp0_iter1           |   1|   0|    1|          0|
    |ap_enable_reg_pp0_iter2           |   1|   0|    1|          0|
    |notlhs_i_reg_321                  |   1|   0|    1|          0|
    |notrhs_i_reg_326                  |   1|   0|    1|          0|
    |p_Result_55_reg_316               |  64|   0|   64|          0|
    |p_Result_s_reg_270                |   1|   0|    1|          0|
    |p_Result_s_reg_270_pp0_iter1_reg  |   1|   0|    1|          0|
    |tmp_77_reg_298                    |  63|   0|   63|          0|
    |tmp_V_40_reg_287                  |  52|   0|   52|          0|
    |tmp_V_reg_279                     |  11|   0|   11|          0|
    |tmp_i_55_reg_310                  |   1|   0|    1|          0|
    |tmp_i_reg_303                     |   1|   0|    1|          0|
    |x_read_reg_265                    |  64|   0|   64|          0|
    |x_read_reg_265_pp0_iter1_reg      |  64|   0|   64|          0|
    +----------------------------------+----+----+-----+-----------+
    |Total                             | 327|   0|  327|          0|
    +----------------------------------+----+----+-----+-----------+



================================================================
== Interface
================================================================
* Summary: 
+-----------+-----+-----+------------+--------------+--------------+
| RTL Ports | Dir | Bits|  Protocol  | Source Object|    C Type    |
+-----------+-----+-----+------------+--------------+--------------+
|ap_clk     |  in |    1| ap_ctrl_hs |     floor    | return value |
|ap_rst     |  in |    1| ap_ctrl_hs |     floor    | return value |
|ap_start   |  in |    1| ap_ctrl_hs |     floor    | return value |
|ap_done    | out |    1| ap_ctrl_hs |     floor    | return value |
|ap_idle    | out |    1| ap_ctrl_hs |     floor    | return value |
|ap_ready   | out |    1| ap_ctrl_hs |     floor    | return value |
|ap_ce      |  in |    1| ap_ctrl_hs |     floor    | return value |
|ap_return  | out |   64| ap_ctrl_hs |     floor    | return value |
|x          |  in |   64|   ap_none  |       x      |    scalar    |
+-----------+-----+-----+------------+--------------+--------------+

