

================================================================
== Vivado HLS Report for 'warp_stream_accel'
================================================================
* Date:           Fri Jul 31 10:42:35 2020

* Version:        2018.3 (Build 2405991 on Thu Dec 06 23:56:15 MST 2018)
* Project:        warpPerpective
* Solution:       FullHD_solution
* Product family: zynq
* Target device:  xc7z020clg484-1


================================================================
== Performance Estimates
================================================================
+ Timing (ns): 
    * Summary: 
    +--------+-------+----------+------------+
    |  Clock | Target| Estimated| Uncertainty|
    +--------+-------+----------+------------+
    |ap_clk  |  10.00|     9.913|        1.25|
    +--------+-------+----------+------------+

+ Latency (clock cycles): 
    * Summary: 
    +-----+---------+-----+---------+----------+
    |    Latency    |    Interval   | Pipeline |
    | min |   max   | min |   max   |   Type   |
    +-----+---------+-----+---------+----------+
    |  123|  2162200|  119|  2162196| dataflow |
    +-----+---------+-----+---------+----------+

    + Detail: 
        * Instance: 
        +-------------------+----------------+-----+---------+-----+---------+----------+
        |                   |                |    Latency    |    Interval   | Pipeline |
        |      Instance     |     Module     | min |   max   | min |   max   |   Type   |
        +-------------------+----------------+-----+---------+-----+---------+----------+
        |warpTransform_U0   |warpTransform   |  120|  2162197|  119|  2162196| dataflow |
        |AXIvideo2xfMat_U0  |AXIvideo2xfMat  |    3|  2079003|    3|  2079003|   none   |
        |xfMat2AXIvideo_U0  |xfMat2AXIvideo  |    1|  2077921|    1|  2077921|   none   |
        |Block_proc_U0      |Block_proc      |    0|        0|    0|        0|   none   |
        +-------------------+----------------+-----+---------+-----+---------+----------+

        * Loop: 
        N/A



================================================================
== Utilization Estimates
================================================================
* Summary: 
+-----------------+---------+-------+--------+-------+
|       Name      | BRAM_18K| DSP48E|   FF   |  LUT  |
+-----------------+---------+-------+--------+-------+
|DSP              |        -|      -|       -|      -|
|Expression       |        -|      -|       0|     46|
|FIFO             |        0|      -|      50|    232|
|Instance         |      116|     55|   13162|  22897|
|Memory           |        -|      -|       -|      -|
|Multiplexer      |        -|      -|       -|     54|
|Register         |        -|      -|       9|      -|
+-----------------+---------+-------+--------+-------+
|Total            |      116|     55|   13221|  23229|
+-----------------+---------+-------+--------+-------+
|Available        |      280|    220|  106400|  53200|
+-----------------+---------+-------+--------+-------+
|Utilization (%)  |       41|     25|      12|     43|
+-----------------+---------+-------+--------+-------+

+ Detail: 
    * Instance: 
    +-------------------+----------------+---------+-------+-------+-------+
    |      Instance     |     Module     | BRAM_18K| DSP48E|   FF  |  LUT  |
    +-------------------+----------------+---------+-------+-------+-------+
    |AXIvideo2xfMat_U0  |AXIvideo2xfMat  |        0|      0|    151|    464|
    |Block_proc_U0      |Block_proc      |        0|      0|      2|     47|
    |warpTransform_U0   |warpTransform   |      116|     55|  12883|  22010|
    |xfMat2AXIvideo_U0  |xfMat2AXIvideo  |        0|      0|    126|    376|
    +-------------------+----------------+---------+-------+-------+-------+
    |Total              |                |      116|     55|  13162|  22897|
    +-------------------+----------------+---------+-------+-------+-------+

    * DSP48: 
    N/A

    * Memory: 
    N/A

    * FIFO: 
    +----------------------+---------+---+----+------+-----+---------+
    |         Name         | BRAM_18K| FF| LUT| Depth| Bits| Size:D*B|
    +----------------------+---------+---+----+------+-----+---------+
    |imgInput1_cols_c5_U   |        0|  5|  24|     2|   12|       24|
    |imgInput1_cols_c_U    |        0|  5|  24|     2|   12|       24|
    |imgInput1_data_V_U    |        0|  5|  20|     1|    8|        8|
    |imgInput1_rows_c4_U   |        0|  5|  24|     2|   12|       24|
    |imgInput1_rows_c_U    |        0|  5|  24|     2|   12|       24|
    |imgOutput1_cols_c7_U  |        0|  5|  24|     2|   12|       24|
    |imgOutput1_cols_c_U   |        0|  5|  24|     3|   12|       36|
    |imgOutput1_data_V_U   |        0|  5|  20|     1|    8|        8|
    |imgOutput1_rows_c6_U  |        0|  5|  24|     2|   12|       24|
    |imgOutput1_rows_c_U   |        0|  5|  24|     3|   12|       36|
    +----------------------+---------+---+----+------+-----+---------+
    |Total                 |        0| 50| 232|    20|  112|      232|
    +----------------------+---------+---+----+------+-----+---------+

    * Expression: 
    +------------------------------------+----------+-------+---+----+------------+------------+
    |            Variable Name           | Operation| DSP48E| FF| LUT| Bitwidth P0| Bitwidth P1|
    +------------------------------------+----------+-------+---+----+------------+------------+
    |AXIvideo2xfMat_U0_ap_ready_count    |     +    |      0|  0|  10|           2|           1|
    |Block_proc_U0_ap_ready_count        |     +    |      0|  0|  10|           2|           1|
    |warpTransform_U0_ap_ready_count     |     +    |      0|  0|  10|           2|           1|
    |AXIvideo2xfMat_U0_ap_start          |    and   |      0|  0|   2|           1|           1|
    |Block_proc_U0_ap_start              |    and   |      0|  0|   2|           1|           1|
    |ap_idle                             |    and   |      0|  0|   2|           1|           1|
    |ap_sync_ready                       |    and   |      0|  0|   2|           1|           1|
    |warpTransform_U0_ap_start           |    and   |      0|  0|   2|           1|           1|
    |ap_sync_AXIvideo2xfMat_U0_ap_ready  |    or    |      0|  0|   2|           1|           1|
    |ap_sync_Block_proc_U0_ap_ready      |    or    |      0|  0|   2|           1|           1|
    |ap_sync_warpTransform_U0_ap_ready   |    or    |      0|  0|   2|           1|           1|
    +------------------------------------+----------+-------+---+----+------------+------------+
    |Total                               |          |      0|  0|  46|          14|          11|
    +------------------------------------+----------+-------+---+----+------------+------------+

    * Multiplexer: 
    +----------------------------------------+----+-----------+-----+-----------+
    |                  Name                  | LUT| Input Size| Bits| Total Bits|
    +----------------------------------------+----+-----------+-----+-----------+
    |AXIvideo2xfMat_U0_ap_ready_count        |   9|          2|    2|          4|
    |Block_proc_U0_ap_ready_count            |   9|          2|    2|          4|
    |ap_sync_reg_AXIvideo2xfMat_U0_ap_ready  |   9|          2|    1|          2|
    |ap_sync_reg_Block_proc_U0_ap_ready      |   9|          2|    1|          2|
    |ap_sync_reg_warpTransform_U0_ap_ready   |   9|          2|    1|          2|
    |warpTransform_U0_ap_ready_count         |   9|          2|    2|          4|
    +----------------------------------------+----+-----------+-----+-----------+
    |Total                                   |  54|         12|    9|         18|
    +----------------------------------------+----+-----------+-----+-----------+

    * Register: 
    +----------------------------------------+---+----+-----+-----------+
    |                  Name                  | FF| LUT| Bits| Const Bits|
    +----------------------------------------+---+----+-----+-----------+
    |AXIvideo2xfMat_U0_ap_ready_count        |  2|   0|    2|          0|
    |Block_proc_U0_ap_ready_count            |  2|   0|    2|          0|
    |ap_sync_reg_AXIvideo2xfMat_U0_ap_ready  |  1|   0|    1|          0|
    |ap_sync_reg_Block_proc_U0_ap_ready      |  1|   0|    1|          0|
    |ap_sync_reg_warpTransform_U0_ap_ready   |  1|   0|    1|          0|
    |warpTransform_U0_ap_ready_count         |  2|   0|    2|          0|
    +----------------------------------------+---+----+-----+-----------+
    |Total                                   |  9|   0|    9|          0|
    +----------------------------------------+---+----+-----+-----------+



================================================================
== Interface
================================================================
* Summary: 
+--------------+-----+-----+------------+-------------------+--------------+
|   RTL Ports  | Dir | Bits|  Protocol  |   Source Object   |    C Type    |
+--------------+-----+-----+------------+-------------------+--------------+
|p_src_TDATA   |  in |    8|    axis    |   p_src_V_data_V  |    pointer   |
|p_src_TKEEP   |  in |    1|    axis    |   p_src_V_keep_V  |    pointer   |
|p_src_TSTRB   |  in |    1|    axis    |   p_src_V_strb_V  |    pointer   |
|p_src_TUSER   |  in |    1|    axis    |   p_src_V_user_V  |    pointer   |
|p_src_TLAST   |  in |    1|    axis    |   p_src_V_last_V  |    pointer   |
|p_src_TID     |  in |    1|    axis    |    p_src_V_id_V   |    pointer   |
|p_src_TDEST   |  in |    1|    axis    |   p_src_V_dest_V  |    pointer   |
|p_src_TVALID  |  in |    1|    axis    |   p_src_V_dest_V  |    pointer   |
|p_src_TREADY  | out |    1|    axis    |   p_src_V_dest_V  |    pointer   |
|p_dst_TDATA   | out |    8|    axis    |   p_dst_V_data_V  |    pointer   |
|p_dst_TKEEP   | out |    1|    axis    |   p_dst_V_keep_V  |    pointer   |
|p_dst_TSTRB   | out |    1|    axis    |   p_dst_V_strb_V  |    pointer   |
|p_dst_TUSER   | out |    1|    axis    |   p_dst_V_user_V  |    pointer   |
|p_dst_TLAST   | out |    1|    axis    |   p_dst_V_last_V  |    pointer   |
|p_dst_TID     | out |    1|    axis    |    p_dst_V_id_V   |    pointer   |
|p_dst_TDEST   | out |    1|    axis    |   p_dst_V_dest_V  |    pointer   |
|p_dst_TVALID  | out |    1|    axis    |   p_dst_V_dest_V  |    pointer   |
|p_dst_TREADY  |  in |    1|    axis    |   p_dst_V_dest_V  |    pointer   |
|R_address0    | out |    4|  ap_memory |         R         |     array    |
|R_ce0         | out |    1|  ap_memory |         R         |     array    |
|R_d0          | out |   32|  ap_memory |         R         |     array    |
|R_q0          |  in |   32|  ap_memory |         R         |     array    |
|R_we0         | out |    1|  ap_memory |         R         |     array    |
|R_address1    | out |    4|  ap_memory |         R         |     array    |
|R_ce1         | out |    1|  ap_memory |         R         |     array    |
|R_d1          | out |   32|  ap_memory |         R         |     array    |
|R_q1          |  in |   32|  ap_memory |         R         |     array    |
|R_we1         | out |    1|  ap_memory |         R         |     array    |
|ap_clk        |  in |    1| ap_ctrl_hs | warp_stream_accel | return value |
|ap_rst_n      |  in |    1| ap_ctrl_hs | warp_stream_accel | return value |
|ap_start      |  in |    1| ap_ctrl_hs | warp_stream_accel | return value |
|ap_done       | out |    1| ap_ctrl_hs | warp_stream_accel | return value |
|ap_ready      | out |    1| ap_ctrl_hs | warp_stream_accel | return value |
|ap_idle       | out |    1| ap_ctrl_hs | warp_stream_accel | return value |
+--------------+-----+-----+------------+-------------------+--------------+

