INFO: [VRFC 10-2263] Analyzing Verilog file "C:/Users/ASUS/Desktop/sem 5 project/EagleEye/EagleEye.srcs/sources_1/ip/frame_buffer/sim/frame_buffer.v" into library xil_defaultlib
INFO: [VRFC 10-311] analyzing module frame_buffer
INFO: [VRFC 10-2263] Analyzing Verilog file "C:/Users/ASUS/Desktop/sem 5 project/EagleEye/EagleEye.sim/sim_1/behav/xsim/glbl.v" into library xil_defaultlib
INFO: [VRFC 10-311] analyzing module glbl
INFO: [VRFC 10-163] Analyzing VHDL file "C:/Users/ASUS/Desktop/sem 5 project/EagleEye/EagleEye.srcs/sources_1/new/RGB.vhd" into library xil_defaultlib
INFO: [VRFC 10-3107] analyzing entity 'RGB'
INFO: [VRFC 10-163] Analyzing VHDL file "C:/Users/ASUS/Desktop/sem 5 project/EagleEye/EagleEye.srcs/sources_1/new/address_Generator.vhd" into library xil_defaultlib
INFO: [VRFC 10-3107] analyzing entity 'Address_Generator'
INFO: [VRFC 10-163] Analyzing VHDL file "C:/Users/ASUS/Desktop/sem 5 project/EagleEye/EagleEye.srcs/sources_1/new/clocking.vhd" into library xil_defaultlib
INFO: [VRFC 10-3107] analyzing entity 'clocking'
INFO: [VRFC 10-163] Analyzing VHDL file "C:/Users/ASUS/Desktop/sem 5 project/EagleEye/EagleEye.srcs/sources_1/new/debounce.vhd" into library xil_defaultlib
INFO: [VRFC 10-3107] analyzing entity 'debounce'
INFO: [VRFC 10-163] Analyzing VHDL file "C:/Users/ASUS/Desktop/sem 5 project/EagleEye/EagleEye.srcs/sources_1/new/i2c_sender.vhd" into library xil_defaultlib
INFO: [VRFC 10-3107] analyzing entity 'i2c_sender'
INFO: [VRFC 10-163] Analyzing VHDL file "C:/Users/ASUS/Desktop/sem 5 project/EagleEye/EagleEye.srcs/sources_1/new/ov7670_capture.vhd" into library xil_defaultlib
INFO: [VRFC 10-3107] analyzing entity 'ov7670_capture'
INFO: [VRFC 10-163] Analyzing VHDL file "C:/Users/ASUS/Desktop/sem 5 project/EagleEye/EagleEye.srcs/sources_1/new/ov7670_controller.vhd" into library xil_defaultlib
INFO: [VRFC 10-3107] analyzing entity 'ov7670_controller'
INFO: [VRFC 10-163] Analyzing VHDL file "C:/Users/ASUS/Desktop/sem 5 project/EagleEye/EagleEye.srcs/sources_1/new/ov7670_registers.vhd" into library xil_defaultlib
INFO: [VRFC 10-3107] analyzing entity 'ov7670_registers'
INFO: [VRFC 10-163] Analyzing VHDL file "C:/Users/ASUS/Desktop/sem 5 project/EagleEye/EagleEye.srcs/sources_1/new/vga.vhd" into library xil_defaultlib
INFO: [VRFC 10-3107] analyzing entity 'VGA'
INFO: [VRFC 10-163] Analyzing VHDL file "C:/Users/ASUS/Desktop/sem 5 project/EagleEye/EagleEye.srcs/sources_1/new/top_level.vhd" into library xil_defaultlib
INFO: [VRFC 10-3107] analyzing entity 'top_level'
